#
# A fatal error has been detected by the Java Runtime Environment:
#
#  EXCEPTION_ACCESS_VIOLATION (0xc0000005) at pc=0x00000000674a29d1, pid=169392, tid=0x00000000000287e8
#
# JRE version: OpenJDK Runtime Environment (8.0_312-b07) (build 1.8.0_312-b07)
# Java VM: OpenJDK 64-Bit Server VM (25.312-b07 mixed mode windows-amd64 compressed oops)
# Problematic frame:
# V  [jvm.dll+0x4e29d1]
#
# Failed to write core dump. Minidumps are not enabled by default on client versions of Windows
#
# If you would like to submit a bug report, please visit:
#   http://bugreport.java.com/bugreport/crash.jsp
#

---------------  T H R E A D  ---------------

Current thread (0x00000000140ac800):  JavaThread "C2 CompilerThread0" daemon [_thread_in_native, id=165864, stack(0x00000000156f0000,0x00000000157f0000)]

siginfo: ExceptionCode=0xc0000005, reading address 0x0000000000000000

Registers:
RAX=0x0000000000000000, RBX=0x0000000100000000, RCX=0x00000000157ebcb0, RDX=0x0000000000002000
RSP=0x00000000157eb730, RBP=0x0000000015c31780, RSI=0x000000000000151c, RDI=0x00000000157ebcd0
R8 =0x0000000015c31781, R9 =0x0000000000000000, R10=0x0000000018631708, R11=0x0000000000100000
R12=0x0000000015c31780, R13=0x0000000000000060, R14=0x00000000181aff68, R15=0x0000000000000003
RIP=0x00000000674a29d1, EFLAGS=0x0000000000010206

Top of Stack: (sp=0x00000000157eb730)
0x00000000157eb730:   00000000157eb878 0000000067520ed5
0x00000000157eb740:   00000000157ebcb0 00000000157eb858
0x00000000157eb750:   00000000157eb878 00000000674a6cd0
0x00000000157eb760:   0000000000000060 00000000157ebcb0
0x00000000157eb770:   00000000000000b2 00000000674daada
0x00000000157eb780:   000000000000000d 00000000157eb8c8
0x00000000157eb790:   00000000181aff68 00000000157ebcd0
0x00000000157eb7a0:   00000000157ebcb0 00000000674a7e58
0x00000000157eb7b0:   00000000181b0ae8 0000000000000018
0x00000000157eb7c0:   00000000157eb878 00000000157eb858
0x00000000157eb7d0:   000000001ad318f0 0000000014066a40
0x00000000157eb7e0:   0000000000000005 0000000000000002
0x00000000157eb7f0:   000000001ccb7bf0 0000000018b6e3c0
0x00000000157eb800:   0000000014066a40 00000000157ebcb0
0x00000000157eb810:   00000000157eb920 00000000674a9e0b
0x00000000157eb820:   00000000157ebcb0 00000000157eb878 

Instructions: (pc=0x00000000674a29d1)
0x00000000674a29b1:   28 8b 51 28 48 8d 79 20 3b f2 73 0a 48 8b 47 10
0x00000000674a29c1:   48 8b 1c f0 eb 02 33 db 48 83 e3 fe 48 8b 43 08
0x00000000674a29d1:   48 83 38 00 75 34 8b 43 28 3b c2 73 0c 8b c8 48
0x00000000674a29e1:   8b 47 10 48 8b 1c c8 eb 02 33 db 48 83 e3 fe 48 


Register to memory mapping:

RAX=0x0000000000000000 is an unknown value
RBX=0x0000000100000000 is pointing into metadata
RCX=0x00000000157ebcb0 is pointing into the stack for thread: 0x00000000140ac800
RDX=0x0000000000002000 is an unknown value
RSP=0x00000000157eb730 is pointing into the stack for thread: 0x00000000140ac800
RBP=0x0000000015c31780 is an unknown value
RSI=0x000000000000151c is an unknown value
RDI=0x00000000157ebcd0 is pointing into the stack for thread: 0x00000000140ac800
R8 =0x0000000015c31781 is an unknown value
R9 =0x0000000000000000 is an unknown value
R10=0x0000000018631708 is an unknown value
R11=0x0000000000100000 is an unknown value
R12=0x0000000015c31780 is an unknown value
R13=0x0000000000000060 is an unknown value
R14=0x00000000181aff68 is an unknown value
R15=0x0000000000000003 is an unknown value


Stack: [0x00000000156f0000,0x00000000157f0000],  sp=0x00000000157eb730,  free space=1005k
Native frames: (J=compiled Java code, j=interpreted, Vv=VM code, C=native code)
V  [jvm.dll+0x4e29d1]
V  [jvm.dll+0x4e6cd0]
V  [jvm.dll+0x4e7e58]
V  [jvm.dll+0x4e9e0b]
V  [jvm.dll+0x499acf]
V  [jvm.dll+0x49a913]
V  [jvm.dll+0x47d79f]
V  [jvm.dll+0x8572f]
V  [jvm.dll+0x85fef]
V  [jvm.dll+0x22dcdf]
V  [jvm.dll+0x28862a]
C  [msvcr100.dll+0x21d9f]
C  [msvcr100.dll+0x21e3b]
C  [KERNEL32.DLL+0x12d92]
C  [ntdll.dll+0x9f64]


Current CompileTask:
C2:  13231 3149       4       java.io.WinNTFileSystem::normalize (143 bytes)


---------------  P R O C E S S  ---------------

Java Threads: ( => current thread )
  0x000000001b74a000 JavaThread "Cache worker for Build Output Cleanup Cache (E:\app projects\native project\third\third\android\.gradle\buildOutputCleanup)" [_thread_blocked, id=272064, stack(0x000000001f650000,0x000000001f750000)]
  0x0000000017f12800 JavaThread "Cache worker for file content cache (C:\Users\Admin\.gradle\caches\6.9\fileContent)" [_thread_blocked, id=175008, stack(0x000000001fac0000,0x000000001fbc0000)]
  0x0000000017f11800 JavaThread "jar transforms" [_thread_blocked, id=210464, stack(0x000000001f150000,0x000000001f250000)]
  0x0000000017f0d000 JavaThread "Cache worker for execution history cache (C:\Users\Admin\.gradle\caches\6.9\executionHistory)" [_thread_blocked, id=207932, stack(0x000000001da80000,0x000000001db80000)]
  0x0000000017f10000 JavaThread "Cache worker for cache directory md-rule (C:\Users\Admin\.gradle\caches\6.9\md-rule)" [_thread_blocked, id=267928, stack(0x000000001c500000,0x000000001c600000)]
  0x0000000017f0f800 JavaThread "Cache worker for cache directory md-supplier (C:\Users\Admin\.gradle\caches\6.9\md-supplier)" [_thread_blocked, id=208360, stack(0x000000001c400000,0x000000001c500000)]
  0x0000000017f0e800 JavaThread "Cache worker for checksums cache (E:\app projects\native project\third\third\android\.gradle\checksums)" [_thread_blocked, id=219688, stack(0x000000001c300000,0x000000001c400000)]
  0x0000000017f11000 JavaThread "Cache worker for file hash cache (E:\app projects\native project\third\third\android\.gradle\6.9\fileHashes)" [_thread_blocked, id=202648, stack(0x000000001c200000,0x000000001c300000)]
  0x0000000017f0c000 JavaThread "Cache worker for journal cache (C:\Users\Admin\.gradle\caches\journal-1)" [_thread_blocked, id=202984, stack(0x0000000019e60000,0x0000000019f60000)]
  0x0000000017f13800 JavaThread "File lock request listener" [_thread_in_native, id=204468, stack(0x0000000019d60000,0x0000000019e60000)]
  0x0000000017f0e000 JavaThread "Cache worker for file hash cache (C:\Users\Admin\.gradle\caches\6.9\fileHashes)" [_thread_blocked, id=203224, stack(0x0000000019c60000,0x0000000019d60000)]
  0x0000000017a54800 JavaThread "Daemon client event forwarder" [_thread_blocked, id=202308, stack(0x0000000019960000,0x0000000019a60000)]
  0x0000000017ef8000 JavaThread "Stdin handler" [_thread_blocked, id=204356, stack(0x0000000019860000,0x0000000019960000)]
  0x00000000179a1000 JavaThread "Asynchronous log dispatcher for DefaultDaemonConnection: socket connection from /127.0.0.1:50134 to /127.0.0.1:50138" [_thread_blocked, id=198104, stack(0x0000000019760000,0x0000000019860000)]
  0x000000001799f000 JavaThread "Daemon worker" [_thread_in_Java, id=202804, stack(0x0000000019660000,0x0000000019760000)]
  0x000000001799e800 JavaThread "Cancel handler" [_thread_blocked, id=184472, stack(0x0000000019560000,0x0000000019660000)]
  0x000000001799d000 JavaThread "Handler for socket connection from /127.0.0.1:50134 to /127.0.0.1:50138" [_thread_in_native, id=203900, stack(0x0000000019460000,0x0000000019560000)]
  0x000000001799c800 JavaThread "Daemon" [_thread_blocked, id=197260, stack(0x0000000019360000,0x0000000019460000)]
  0x0000000017eb5000 JavaThread "Daemon periodic checks" [_thread_blocked, id=198832, stack(0x0000000019060000,0x0000000019160000)]
  0x0000000017eb4000 JavaThread "Incoming local TCP Connector on port 50134" [_thread_in_native, id=195880, stack(0x0000000018e80000,0x0000000018f80000)]
  0x00000000174ec800 JavaThread "Daemon health stats" [_thread_blocked, id=400980, stack(0x0000000017a70000,0x0000000017b70000)]
  0x00000000140fe800 JavaThread "Service Thread" daemon [_thread_blocked, id=164396, stack(0x0000000015df0000,0x0000000015ef0000)]
  0x00000000140b3000 JavaThread "C1 CompilerThread2" daemon [_thread_in_native, id=159208, stack(0x00000000158f0000,0x00000000159f0000)]
  0x00000000140b2000 JavaThread "C2 CompilerThread1" daemon [_thread_blocked, id=111436, stack(0x00000000157f0000,0x00000000158f0000)]
=>0x00000000140ac800 JavaThread "C2 CompilerThread0" daemon [_thread_in_native, id=165864, stack(0x00000000156f0000,0x00000000157f0000)]
  0x00000000140a5800 JavaThread "Attach Listener" daemon [_thread_blocked, id=45344, stack(0x00000000155f0000,0x00000000156f0000)]
  0x00000000140a4800 JavaThread "Signal Dispatcher" daemon [_thread_blocked, id=57116, stack(0x00000000154f0000,0x00000000155f0000)]
  0x0000000002c7d000 JavaThread "Finalizer" daemon [_thread_blocked, id=56484, stack(0x0000000015310000,0x0000000015410000)]
  0x0000000014089000 JavaThread "Reference Handler" daemon [_thread_blocked, id=160304, stack(0x0000000015210000,0x0000000015310000)]
  0x0000000002b82800 JavaThread "main" [_thread_blocked, id=170128, stack(0x0000000002a80000,0x0000000002b80000)]

Other Threads:
  0x0000000014067000 VMThread [stack: 0x0000000015110000,0x0000000015210000] [id=158224]
  0x0000000015a19800 WatcherThread [stack: 0x0000000015ef0000,0x0000000015ff0000] [id=159504]

VM state:not at safepoint (normal execution)

VM Mutex/Monitor currently owned by a thread: None

heap address: 0x00000000e0000000, size: 512 MB, Compressed Oops mode: 32-bit
Narrow klass base: 0x0000000000000000, Narrow klass shift: 3
Compressed class space size: 1073741824 Address: 0x0000000100000000

Heap:
 PSYoungGen      total 162816K, used 84634K [0x00000000f5580000, 0x0000000100000000, 0x0000000100000000)
  eden space 153088K, 55% used [0x00000000f5580000,0x00000000fa826bf0,0x00000000feb00000)
  from space 9728K, 0% used [0x00000000feb00000,0x00000000feb00000,0x00000000ff480000)
  to   space 11776K, 0% used [0x00000000ff480000,0x00000000ff480000,0x0000000100000000)
 ParOldGen       total 175104K, used 16389K [0x00000000e0000000, 0x00000000eab00000, 0x00000000f5580000)
  object space 175104K, 9% used [0x00000000e0000000,0x00000000e1001490,0x00000000eab00000)
 Metaspace       used 37454K, capacity 38976K, committed 39168K, reserved 1083392K
  class space    used 5259K, capacity 5606K, committed 5632K, reserved 1048576K

Card table byte_map: [0x0000000012040000,0x0000000012150000] byte_map_base: 0x0000000011940000

Marking Bits: (ParMarkBitMap*) 0x00000000677d2480
 Begin Bits: [0x0000000012600000, 0x0000000012e00000)
 End Bits:   [0x0000000012e00000, 0x0000000013600000)

Polling page: 0x00000000029e0000

CodeCache: size=245760Kb used=12433Kb max_used=12433Kb free=233326Kb
 bounds [0x0000000002c80000, 0x00000000038b0000, 0x0000000011c80000]
 total_blobs=3971 nmethods=3247 adapters=632
 compilation: enabled

Compilation events (10 events):
Event: 13.212 Thread 0x00000000140b3000 3204       3       com.google.common.collect.Lists::newArrayListWithCapacity (16 bytes)
Event: 13.212 Thread 0x00000000140b3000 nmethod 3204 0x0000000003894c10 code [0x0000000003894d80, 0x0000000003894f78]
Event: 13.212 Thread 0x00000000140b3000 3205       3       org.gradle.internal.snapshot.impl.AbstractIsolatableScalarValue::<init> (6 bytes)
Event: 13.212 Thread 0x00000000140b3000 nmethod 3205 0x0000000003895050 code [0x00000000038951c0, 0x00000000038953f0]
Event: 13.212 Thread 0x00000000140b2000 nmethod 3197 0x0000000003898490 code [0x0000000003898600, 0x00000000038989b8]
Event: 13.212 Thread 0x00000000140b2000 3198       4       com.esotericsoftware.kryo.io.Input::require (220 bytes)
Event: 13.214 Thread 0x00000000140b2000 nmethod 3198 0x0000000003898c50 code [0x0000000003898da0, 0x0000000003898f88]
Event: 13.215 Thread 0x00000000140b3000 3206       1       com.google.common.cache.LocalCache$StrongValueReference::get (5 bytes)
Event: 13.215 Thread 0x00000000140b3000 nmethod 3206 0x00000000038981d0 code [0x0000000003898320, 0x0000000003898430]
Event: 13.216 Thread 0x00000000140b3000 3207       3       org.gradle.api.internal.artifacts.ivyservice.resolveengine.result.DesugaredAttributeContainerSerializer::read (155 bytes)

GC Heap History (10 events):
Event: 2.699 GC heap before
{Heap before GC invocations=3 (full 0):
 PSYoungGen      total 141824K, used 101077K [0x00000000f5580000, 0x00000000fea80000, 0x0000000100000000)
  eden space 131072K, 70% used [0x00000000f5580000,0x00000000faf800d8,0x00000000fd580000)
  from space 10752K, 82% used [0x00000000fe000000,0x00000000fe8b5470,0x00000000fea80000)
  to   space 10752K, 0% used [0x00000000fd580000,0x00000000fd580000,0x00000000fe000000)
 ParOldGen       total 175104K, used 24K [0x00000000e0000000, 0x00000000eab00000, 0x00000000f5580000)
  object space 175104K, 0% used [0x00000000e0000000,0x00000000e0006000,0x00000000eab00000)
 Metaspace       used 20569K, capacity 21202K, committed 21296K, reserved 1067008K
  class space    used 3031K, capacity 3199K, committed 3200K, reserved 1048576K
Event: 2.711 GC heap after
Heap after GC invocations=3 (full 0):
 PSYoungGen      total 141824K, used 10751K [0x00000000f5580000, 0x0000000100000000, 0x0000000100000000)
  eden space 131072K, 0% used [0x00000000f5580000,0x00000000f5580000,0x00000000fd580000)
  from space 10752K, 99% used [0x00000000fd580000,0x00000000fdfffca0,0x00000000fe000000)
  to   space 10752K, 0% used [0x00000000ff580000,0x00000000ff580000,0x0000000100000000)
 ParOldGen       total 175104K, used 2547K [0x00000000e0000000, 0x00000000eab00000, 0x00000000f5580000)
  object space 175104K, 1% used [0x00000000e0000000,0x00000000e027ce08,0x00000000eab00000)
 Metaspace       used 20569K, capacity 21202K, committed 21296K, reserved 1067008K
  class space    used 3031K, capacity 3199K, committed 3200K, reserved 1048576K
}
Event: 2.711 GC heap before
{Heap before GC invocations=4 (full 1):
 PSYoungGen      total 141824K, used 10751K [0x00000000f5580000, 0x0000000100000000, 0x0000000100000000)
  eden space 131072K, 0% used [0x00000000f5580000,0x00000000f5580000,0x00000000fd580000)
  from space 10752K, 99% used [0x00000000fd580000,0x00000000fdfffca0,0x00000000fe000000)
  to   space 10752K, 0% used [0x00000000ff580000,0x00000000ff580000,0x0000000100000000)
 ParOldGen       total 175104K, used 2547K [0x00000000e0000000, 0x00000000eab00000, 0x00000000f5580000)
  object space 175104K, 1% used [0x00000000e0000000,0x00000000e027ce08,0x00000000eab00000)
 Metaspace       used 20569K, capacity 21202K, committed 21296K, reserved 1067008K
  class space    used 3031K, capacity 3199K, committed 3200K, reserved 1048576K
Event: 2.751 GC heap after
Heap after GC invocations=4 (full 1):
 PSYoungGen      total 141824K, used 0K [0x00000000f5580000, 0x0000000100000000, 0x0000000100000000)
  eden space 131072K, 0% used [0x00000000f5580000,0x00000000f5580000,0x00000000fd580000)
  from space 10752K, 0% used [0x00000000fd580000,0x00000000fd580000,0x00000000fe000000)
  to   space 10752K, 0% used [0x00000000ff580000,0x00000000ff580000,0x0000000100000000)
 ParOldGen       total 175104K, used 12855K [0x00000000e0000000, 0x00000000eab00000, 0x00000000f5580000)
  object space 175104K, 7% used [0x00000000e0000000,0x00000000e0c8de20,0x00000000eab00000)
 Metaspace       used 20569K, capacity 21202K, committed 21296K, reserved 1067008K
  class space    used 3031K, capacity 3199K, committed 3200K, reserved 1048576K
}
Event: 12.170 GC heap before
{Heap before GC invocations=5 (full 1):
 PSYoungGen      total 141824K, used 131072K [0x00000000f5580000, 0x0000000100000000, 0x0000000100000000)
  eden space 131072K, 100% used [0x00000000f5580000,0x00000000fd580000,0x00000000fd580000)
  from space 10752K, 0% used [0x00000000fd580000,0x00000000fd580000,0x00000000fe000000)
  to   space 10752K, 0% used [0x00000000ff580000,0x00000000ff580000,0x0000000100000000)
 ParOldGen       total 175104K, used 12855K [0x00000000e0000000, 0x00000000eab00000, 0x00000000f5580000)
  object space 175104K, 7% used [0x00000000e0000000,0x00000000e0c8de20,0x00000000eab00000)
 Metaspace       used 32332K, capacity 33508K, committed 33664K, reserved 1077248K
  class space    used 4589K, capacity 4903K, committed 4992K, reserved 1048576K
Event: 12.185 GC heap after
Heap after GC invocations=5 (full 1):
 PSYoungGen      total 163840K, used 10746K [0x00000000f5580000, 0x0000000100000000, 0x0000000100000000)
  eden space 153088K, 0% used [0x00000000f5580000,0x00000000f5580000,0x00000000feb00000)
  from space 10752K, 99% used [0x00000000ff580000,0x00000000ffffe948,0x0000000100000000)
  to   space 10752K, 0% used [0x00000000feb00000,0x00000000feb00000,0x00000000ff580000)
 ParOldGen       total 175104K, used 17036K [0x00000000e0000000, 0x00000000eab00000, 0x00000000f5580000)
  object space 175104K, 9% used [0x00000000e0000000,0x00000000e10a33d8,0x00000000eab00000)
 Metaspace       used 32332K, capacity 33508K, committed 33664K, reserved 1077248K
  class space    used 4589K, capacity 4903K, committed 4992K, reserved 1048576K
}
Event: 12.348 GC heap before
{Heap before GC invocations=6 (full 1):
 PSYoungGen      total 163840K, used 35382K [0x00000000f5580000, 0x0000000100000000, 0x0000000100000000)
  eden space 153088K, 16% used [0x00000000f5580000,0x00000000f6d8efe8,0x00000000feb00000)
  from space 10752K, 99% used [0x00000000ff580000,0x00000000ffffe948,0x0000000100000000)
  to   space 10752K, 0% used [0x00000000feb00000,0x00000000feb00000,0x00000000ff580000)
 ParOldGen       total 175104K, used 17036K [0x00000000e0000000, 0x00000000eab00000, 0x00000000f5580000)
  object space 175104K, 9% used [0x00000000e0000000,0x00000000e10a33d8,0x00000000eab00000)
 Metaspace       used 34195K, capacity 35412K, committed 35496K, reserved 1079296K
  class space    used 4764K, capacity 5081K, committed 5120K, reserved 1048576K
Event: 12.363 GC heap after
Heap after GC invocations=6 (full 1):
 PSYoungGen      total 162816K, used 9698K [0x00000000f5580000, 0x0000000100000000, 0x0000000100000000)
  eden space 153088K, 0% used [0x00000000f5580000,0x00000000f5580000,0x00000000feb00000)
  from space 9728K, 99% used [0x00000000feb00000,0x00000000ff4789a8,0x00000000ff480000)
  to   space 11776K, 0% used [0x00000000ff480000,0x00000000ff480000,0x0000000100000000)
 ParOldGen       total 175104K, used 17044K [0x00000000e0000000, 0x00000000eab00000, 0x00000000f5580000)
  object space 175104K, 9% used [0x00000000e0000000,0x00000000e10a53d8,0x00000000eab00000)
 Metaspace       used 34195K, capacity 35412K, committed 35496K, reserved 1079296K
  class space    used 4764K, capacity 5081K, committed 5120K, reserved 1048576K
}
Event: 12.363 GC heap before
{Heap before GC invocations=7 (full 2):
 PSYoungGen      total 162816K, used 9698K [0x00000000f5580000, 0x0000000100000000, 0x0000000100000000)
  eden space 153088K, 0% used [0x00000000f5580000,0x00000000f5580000,0x00000000feb00000)
  from space 9728K, 99% used [0x00000000feb00000,0x00000000ff4789a8,0x00000000ff480000)
  to   space 11776K, 0% used [0x00000000ff480000,0x00000000ff480000,0x0000000100000000)
 ParOldGen       total 175104K, used 17044K [0x00000000e0000000, 0x00000000eab00000, 0x00000000f5580000)
  object space 175104K, 9% used [0x00000000e0000000,0x00000000e10a53d8,0x00000000eab00000)
 Metaspace       used 34195K, capacity 35412K, committed 35496K, reserved 1079296K
  class space    used 4764K, capacity 5081K, committed 5120K, reserved 1048576K
Event: 12.430 GC heap after
Heap after GC invocations=7 (full 2):
 PSYoungGen      total 162816K, used 0K [0x00000000f5580000, 0x0000000100000000, 0x0000000100000000)
  eden space 153088K, 0% used [0x00000000f5580000,0x00000000f5580000,0x00000000feb00000)
  from space 9728K, 0% used [0x00000000feb00000,0x00000000feb00000,0x00000000ff480000)
  to   space 11776K, 0% used [0x00000000ff480000,0x00000000ff480000,0x0000000100000000)
 ParOldGen       total 175104K, used 16389K [0x00000000e0000000, 0x00000000eab00000, 0x00000000f5580000)
  object space 175104K, 9% used [0x00000000e0000000,0x00000000e1001490,0x00000000eab00000)
 Metaspace       used 34195K, capacity 35412K, committed 35496K, reserved 1079296K
  class space    used 4764K, capacity 5081K, committed 5120K, reserved 1048576K
}

Deoptimization events (10 events):
Event: 12.186 Thread 0x0000000014089000 Uncommon trap: reason=unstable_if action=reinterpret pc=0x00000000031b6938 method=java.lang.ref.Reference.tryHandlePending(Z)Z @ 104
Event: 12.211 Thread 0x000000001799f000 Uncommon trap: reason=unstable_if action=reinterpret pc=0x0000000003264844 method=java.util.HashMap.getNode(ILjava/lang/Object;)Ljava/util/HashMap$Node; @ 53
Event: 12.211 Thread 0x000000001799f000 Uncommon trap: reason=unstable_if action=reinterpret pc=0x0000000003717060 method=java.util.HashMap.putVal(ILjava/lang/Object;Ljava/lang/Object;ZZ)Ljava/lang/Object; @ 85
Event: 12.214 Thread 0x000000001799f000 Uncommon trap: reason=unstable_if action=reinterpret pc=0x00000000036ff270 method=org.gradle.internal.reflect.PropertyAccessorType.isGetGetterName(Ljava/lang/String;)Z @ 14
Event: 12.233 Thread 0x000000001799f000 Uncommon trap: reason=unstable_if action=reinterpret pc=0x00000000033e4940 method=org.objectweb.asm.ByteVector.putShort(I)Lorg/objectweb/asm/ByteVector; @ 13
Event: 12.464 Thread 0x000000001799f000 Uncommon trap: reason=class_check action=maybe_recompile pc=0x0000000003430fa8 method=java.util.WeakHashMap.eq(Ljava/lang/Object;Ljava/lang/Object;)Z @ 7
Event: 12.779 Thread 0x000000001799f000 Uncommon trap: reason=range_check action=make_not_entrant pc=0x00000000037fefc0 method=java.lang.String.charAt(I)C @ 27
Event: 12.791 Thread 0x000000001799f000 Uncommon trap: reason=unstable_if action=reinterpret pc=0x0000000003737660 method=java.net.URI.match(CJJ)Z @ 45
Event: 12.828 Thread 0x000000001799f000 Uncommon trap: reason=unstable_if action=reinterpret pc=0x00000000031dab00 method=java.util.concurrent.ConcurrentHashMap.transfer([Ljava/util/concurrent/ConcurrentHashMap$Node;[Ljava/util/concurrent/ConcurrentHashMap$Node;)V @ 356
Event: 13.059 Thread 0x000000001799f000 Uncommon trap: reason=unstable_if action=reinterpret pc=0x0000000002fcf450 method=java.util.regex.Pattern.has(I)Z @ 6

Classes redefined (0 events):
No events

Internal exceptions (10 events):
Event: 12.687 Thread 0x000000001799f000 Exception <a 'java/lang/ClassNotFoundException': org/gradle/api/internal/artifacts/repositories/DefaultMavenArtifactRepository_DecoratedCustomizer> (0x00000000f6a97478) thrown at [C:\tmp\build-8-cpu\jdk8u\hotspot\src\share\vm\classfile\systemDictionary.cp
Event: 12.770 Thread 0x000000001799f000 Exception <a 'java/lang/ClassNotFoundException': org/gradle/api/internal/artifacts/dsl/dependencies/DefaultDependencyHandler_DecoratedBeanInfo> (0x00000000f75882f0) thrown at [C:\tmp\build-8-cpu\jdk8u\hotspot\src\share\vm\classfile\systemDictionary.cpp, l
Event: 12.770 Thread 0x000000001799f000 Exception <a 'java/lang/ClassNotFoundException': org/gradle/api/internal/artifacts/dsl/dependencies/DefaultDependencyHandlerBeanInfo> (0x00000000f75e6778) thrown at [C:\tmp\build-8-cpu\jdk8u\hotspot\src\share\vm\classfile\systemDictionary.cpp, line 217]
Event: 12.771 Thread 0x000000001799f000 Exception <a 'java/lang/ClassNotFoundException': org/gradle/api/internal/artifacts/dsl/dependencies/DefaultDependencyHandlerCustomizer> (0x00000000f7645f88) thrown at [C:\tmp\build-8-cpu\jdk8u\hotspot\src\share\vm\classfile\systemDictionary.cpp, line 217]
Event: 12.772 Thread 0x000000001799f000 Exception <a 'java/lang/ClassNotFoundException': org/gradle/api/internal/artifacts/dsl/dependencies/DefaultDependencyHandler_DecoratedCustomizer> (0x00000000f76dacd0) thrown at [C:\tmp\build-8-cpu\jdk8u\hotspot\src\share\vm\classfile\systemDictionary.cpp,
Event: 12.827 Thread 0x000000001799f000 Exception <a 'java/lang/NoSuchMethodError': java.lang.Object.lambda$static$0(Lorg/gradle/api/internal/artifacts/configurations/MutationValidator$MutationType;)V> (0x00000000f8163760) thrown at [C:\tmp\build-8-cpu\jdk8u\hotspot\src\share\vm\interpreter\lin
Event: 12.896 Thread 0x000000001799f000 Exception <a 'java/lang/NoSuchMethodError': java.lang.Object.lambda$static$0(Lorg/gradle/internal/component/model/DependencyMetadata;)Lorg/gradle/api/internal/artifacts/ivyservice/dependencysubstitution/DependencySubstitutionApplicator$SubstitutionResult;
Event: 12.982 Thread 0x000000001799f000 Exception <a 'java/lang/IncompatibleClassChangeError': Found class java.lang.Object, but interface was expected> (0x00000000f9660858) thrown at [C:\tmp\build-8-cpu\jdk8u\hotspot\src\share\vm\interpreter\linkResolver.cpp, line 653]
Event: 12.983 Thread 0x000000001799f000 Exception <a 'java/lang/NoSuchMethodError': java.lang.Object.lambda$thenComparing$36697e65$1(Ljava/util/Comparator;Ljava/lang/Object;Ljava/lang/Object;)I> (0x00000000f966c4c0) thrown at [C:\tmp\build-8-cpu\jdk8u\hotspot\src\share\vm\interpreter\linkResolv
Event: 13.169 Thread 0x000000001799f000 Exception <a 'java/lang/NoSuchMethodError': java.lang.Object.lambda$static$0()Z> (0x00000000fa217b98) thrown at [C:\tmp\build-8-cpu\jdk8u\hotspot\src\share\vm\interpreter\linkResolver.cpp, line 620]

Events (10 events):
Event: 13.186 loading class org/gradle/api/internal/artifacts/ivyservice/resolveengine/excludes/factories/OptimizingExcludeFactory
Event: 13.186 loading class org/gradle/api/internal/artifacts/ivyservice/resolveengine/excludes/factories/OptimizingExcludeFactory done
Event: 13.187 loading class org/gradle/api/internal/artifacts/ivyservice/resolveengine/excludes/factories/Optimizations
Event: 13.187 loading class org/gradle/api/internal/artifacts/ivyservice/resolveengine/excludes/factories/Optimizations done
Event: 13.191 loading class org/gradle/internal/component/external/model/maven/MavenDependencyType
Event: 13.191 loading class org/gradle/internal/component/external/model/maven/MavenDependencyType done
Event: 13.212 loading class org/gradle/internal/component/external/descriptor/DefaultExclude
Event: 13.212 loading class org/gradle/internal/component/external/descriptor/DefaultExclude done
Event: 13.213 loading class org/gradle/internal/component/model/Exclude
Event: 13.213 loading class org/gradle/internal/component/model/Exclude done


Dynamic libraries:
0x00007ff7c4a20000 - 0x00007ff7c4a55000 	C:\Program Files\OpenJDK\openjdk-8u312-b07\bin\java.exe
0x00007ffd06550000 - 0x00007ffd06712000 	C:\Windows\SYSTEM32\ntdll.dll
0x00007ffd04580000 - 0x00007ffd0462d000 	C:\Windows\system32\KERNEL32.DLL
0x00007ffd038d0000 - 0x00007ffd03aad000 	C:\Windows\system32\KERNELBASE.dll
0x00007ffd04630000 - 0x00007ffd046d6000 	C:\Windows\system32\ADVAPI32.dll
0x00007ffd060f0000 - 0x00007ffd0618d000 	C:\Windows\system32\msvcrt.dll
0x00007ffd04000000 - 0x00007ffd0405b000 	C:\Windows\system32\sechost.dll
0x00007ffd04060000 - 0x00007ffd04186000 	C:\Windows\system32\RPCRT4.dll
0x00007ffd06400000 - 0x00007ffd0654e000 	C:\Windows\system32\USER32.dll
0x00007ffd03ca0000 - 0x00007ffd03e25000 	C:\Windows\system32\GDI32.dll
0x00007ffcf8e00000 - 0x00007ffcf9074000 	C:\Windows\WinSxS\amd64_microsoft.windows.common-controls_6595b64144ccf1df_6.0.10240.16384_none_f41f7b285750ef43\COMCTL32.dll
0x00007ffd063c0000 - 0x00007ffd063f6000 	C:\Windows\system32\IMM32.DLL
0x00007ffd03e30000 - 0x00007ffd03f8c000 	C:\Windows\system32\MSCTF.dll
0x0000000067860000 - 0x0000000067932000 	C:\Program Files\OpenJDK\openjdk-8u312-b07\jre\bin\msvcr100.dll
0x0000000066fc0000 - 0x0000000067854000 	C:\Program Files\OpenJDK\openjdk-8u312-b07\jre\bin\server\jvm.dll
0x00007ffd03c20000 - 0x00007ffd03c28000 	C:\Windows\system32\PSAPI.DLL
0x00007ffcfa5a0000 - 0x00007ffcfa5a9000 	C:\Windows\SYSTEM32\WSOCK32.dll
0x00007ffd03c30000 - 0x00007ffd03c99000 	C:\Windows\system32\WS2_32.dll
0x00007ffd05ef0000 - 0x00007ffd05ef8000 	C:\Windows\system32\NSI.dll
0x00007ffcfc190000 - 0x00007ffcfc1b3000 	C:\Windows\SYSTEM32\WINMM.dll
0x00007ffcfc1c0000 - 0x00007ffcfc1ca000 	C:\Windows\SYSTEM32\VERSION.dll
0x00007ffcfb620000 - 0x00007ffcfb64c000 	C:\Windows\SYSTEM32\WINMMBASE.dll
0x00007ffd03250000 - 0x00007ffd03294000 	C:\Windows\system32\cfgmgr32.dll
0x00007ffd01850000 - 0x00007ffd01877000 	C:\Windows\SYSTEM32\DEVOBJ.dll
0x00007ffd004f0000 - 0x00007ffd004ff000 	C:\Program Files\OpenJDK\openjdk-8u312-b07\jre\bin\verify.dll
0x00007ffcf9580000 - 0x00007ffcf95a9000 	C:\Program Files\OpenJDK\openjdk-8u312-b07\jre\bin\java.dll
0x00007ffcfd580000 - 0x00007ffcfd596000 	C:\Program Files\OpenJDK\openjdk-8u312-b07\jre\bin\zip.dll
0x00007ffd046e0000 - 0x00007ffd05c05000 	C:\Windows\system32\SHELL32.dll
0x00007ffd032a0000 - 0x00007ffd038c8000 	C:\Windows\system32\windows.storage.dll
0x00007ffd05c70000 - 0x00007ffd05eec000 	C:\Windows\system32\combase.dll
0x00007ffd04350000 - 0x00007ffd043a1000 	C:\Windows\system32\shlwapi.dll
0x00007ffd02ff0000 - 0x00007ffd02fff000 	C:\Windows\system32\kernel.appcore.dll
0x00007ffd03ab0000 - 0x00007ffd03b63000 	C:\Windows\system32\shcore.dll
0x00007ffd02fa0000 - 0x00007ffd02fea000 	C:\Windows\system32\powrprof.dll
0x00007ffd03000000 - 0x00007ffd03013000 	C:\Windows\system32\profapi.dll
0x00007ffcf9560000 - 0x00007ffcf957b000 	C:\Program Files\OpenJDK\openjdk-8u312-b07\jre\bin\net.dll
0x00007ffd02790000 - 0x00007ffd027ed000 	C:\Windows\system32\mswsock.dll
0x00007ffcf9430000 - 0x00007ffcf9441000 	C:\Program Files\OpenJDK\openjdk-8u312-b07\jre\bin\nio.dll
0x00007ffcf5710000 - 0x00007ffcf5737000 	C:\Users\Admin\.gradle\native\49d0259a56938c7f99b2704e745ce422c4f750a7a20b539a32ccef96729676b1\windows-amd64\native-platform.dll
0x00007ffcd91a0000 - 0x00007ffcd9336000 	C:\Users\Admin\.gradle\native\12488b8bf47d2d4c9fbf2f6322a914ad602e24e48041cd04a747c6da556b65c4\windows-amd64\native-platform-file-events.dll
0x00007ffcfdf50000 - 0x00007ffcfdf5d000 	C:\Program Files\OpenJDK\openjdk-8u312-b07\jre\bin\management.dll
0x00007ffd027f0000 - 0x00007ffd02807000 	C:\Windows\SYSTEM32\CRYPTSP.dll
0x00007ffd02eb0000 - 0x00007ffd02ed8000 	C:\Windows\SYSTEM32\bcrypt.dll
0x00007ffd02440000 - 0x00007ffd02473000 	C:\Windows\system32\rsaenh.dll
0x00007ffd02530000 - 0x00007ffd0254f000 	C:\Windows\SYSTEM32\USERENV.dll
0x00007ffd02da0000 - 0x00007ffd02e0b000 	C:\Windows\system32\bcryptprimitives.dll
0x00007ffd02940000 - 0x00007ffd0294b000 	C:\Windows\SYSTEM32\CRYPTBASE.dll
0x00007ffcfed80000 - 0x00007ffcfedb8000 	C:\Windows\SYSTEM32\IPHLPAPI.DLL
0x00007ffcfed70000 - 0x00007ffcfed7b000 	C:\Windows\SYSTEM32\WINNSI.DLL
0x00007ffcfe9a0000 - 0x00007ffcfe9b6000 	C:\Windows\SYSTEM32\dhcpcsvc6.DLL
0x00007ffcfe980000 - 0x00007ffcfe99a000 	C:\Windows\SYSTEM32\dhcpcsvc.DLL
0x00007ffcfc000000 - 0x00007ffcfc18a000 	C:\Windows\SYSTEM32\dbghelp.dll

VM Arguments:
jvm_args: -XX:MaxMetaspaceSize=256m -XX:+HeapDumpOnOutOfMemoryError -Xms256m -Xmx512m -Dfile.encoding=windows-1252 -Duser.country=IN -Duser.language=en -Duser.variant 
java_command: org.gradle.launcher.daemon.bootstrap.GradleDaemon 6.9
java_class_path (initial): C:\Users\Admin\.gradle\wrapper\dists\gradle-6.9-all\dooywd8nv05k16orzxge2b1bs\gradle-6.9\lib\gradle-launcher-6.9.jar
Launcher Type: SUN_STANDARD

Environment Variables:
JAVA_HOME=C:\Program Files\OpenJDK\openjdk-8u312-b07
CLASSPATH=E:\app projects\native project\third\third\android\\gradle\wrapper\gradle-wrapper.jar
PATH=E:\app projects\native project\third\third\android\node_modules\.bin;E:\app projects\native project\third\third\node_modules\.bin;E:\app projects\native project\third\node_modules\.bin;E:\app projects\native project\node_modules\.bin;E:\app projects\node_modules\.bin;E:\node_modules\.bin;C:\Program Files (x86)\nodejs;E:\app projects\native project\third\third\node_modules\.bin;C:\Windows\system32;C:\Windows;C:\Windows\System32\Wbem;C:\Windows\System32\WindowsPowerShell\v1.0\;C:\Program Files (x86)\nodejs\;C:\Program Files\Git\cmd;C:\Program Files\Microsoft VS Code\bin;C:\ProgramData\chocolatey\bin;C:\Program Files\OpenJDK\openjdk-8u312-b07\bin;C:\Users\Admin\AppData\Local\Android\Sdk\platform-tools;C:\adb;C:\Users\Admin\AppData\Local\Android\Sdk\platform-tools
USERNAME=Admin
OS=Windows_NT
PROCESSOR_IDENTIFIER=Intel64 Family 6 Model 42 Stepping 7, GenuineIntel



---------------  S Y S T E M  ---------------

OS: Windows 10.0 , 64 bit Build 10240 (10.0.10240.16384)

CPU:total 4 (initial active 4) (4 cores per cpu, 1 threads per core) family 6 model 42 stepping 7, cmov, cx8, fxsr, mmx, sse, sse2, sse3, ssse3, sse4.1, sse4.2, popcnt, avx, clmul, tsc, tscinvbit

Memory: 4k page, physical 8303580k(1968280k free), swap 11827812k(1454640k free)

vm_info: OpenJDK 64-Bit Server VM (25.312-b07) for windows-amd64 JRE (1.8.0_312-b07), built on Oct 15 2021 11:47:12 by "build" with MS VC++ 10.0 (VS2010)

time: Tue Jan 25 14:22:14 2022
timezone: India Standard Time
elapsed time: 13.234511 seconds (0d 0h 0m 13s)

