#
# A fatal error has been detected by the Java Runtime Environment:
#
#  EXCEPTION_ACCESS_VIOLATION (0xc0000005) at pc=0x00007ff960535924, pid=3260, tid=6612
#
# JRE version: OpenJDK Runtime Environment (11.0.10) (build 11.0.10+0-b96-7249189)
# Java VM: OpenJDK 64-Bit Server VM (11.0.10+0-b96-7249189, mixed mode, tiered, compressed oops, g1 gc, windows-amd64)
# Problematic frame:
# V  [jvm.dll+0x2e5924]
#
# No core dump will be written. Minidumps are not enabled by default on client versions of Windows
#
# If you would like to submit a bug report, please visit:
#   https://bugreport.java.com/bugreport/crash.jsp
#

---------------  S U M M A R Y ------------

Command Line: -XX:MaxMetaspaceSize=256m -XX:+HeapDumpOnOutOfMemoryError --add-opens=java.base/java.util=ALL-UNNAMED --add-opens=java.base/java.lang=ALL-UNNAMED --add-opens=java.base/java.lang.invoke=ALL-UNNAMED --add-opens=java.prefs/java.util.prefs=ALL-UNNAMED -Xms256m -Xmx512m -Dfile.encoding=windows-1252 -Duser.country=IN -Duser.language=en -Duser.variant org.gradle.launcher.daemon.bootstrap.GradleDaemon 6.9

Host: Intel(R) Core(TM) i5-2500 CPU @ 3.30GHz, 4 cores, 7G,  Windows 10 , 64 bit Build 10240 (10.0.10240.16384)
Time: Thu Feb  3 11:22:55 2022 India Standard Time elapsed time: 3.837850 seconds (0d 0h 0m 3s)

---------------  T H R E A D  ---------------

Current thread (0x000000f518133800):  ConcurrentGCThread "G1 Conc#0" [stack: 0x000000f52c000000,0x000000f52c100000] [id=6612]

Stack: [0x000000f52c000000,0x000000f52c100000],  sp=0x000000f52c0ff310,  free space=1020k
Native frames: (J=compiled Java code, j=interpreted, Vv=VM code, C=native code)
V  [jvm.dll+0x2e5924]
V  [jvm.dll+0x2e6fcf]
V  [jvm.dll+0x748da0]
V  [jvm.dll+0x6e3d45]
V  [jvm.dll+0x5ebe96]
C  [ucrtbase.dll+0x682dd]
C  [KERNEL32.DLL+0x12d92]
C  [ntdll.dll+0x9f64]


siginfo: EXCEPTION_ACCESS_VIOLATION (0xc0000005), reading address 0x00000000000000b0


Register to memory mapping:

RIP=0x00007ff960535924 jvm.dll
RAX=0x0000000000000001 is an unknown value
RBX=0x00000000000000a8 is an unknown value
RCX=0x0000000000000003 is an unknown value
RDX=0x00000000ec5f6108 is an oop: [Ljava.lang.reflect.Constructor; 
{0x00000000ec5f6108} - klass: 'java/lang/reflect/Constructor'[]
 - length: 0
RSP=0x000000f52c0ff310 points into unknown readable memory: 0x0000000100029268 | 68 92 02 00 01 00 00 00
RBP=0x00000000ec600000 is an oop: org.gradle.cache.internal.btree.BTreePersistentIndexedCache$IndexEntry 
{0x00000000ec600000} - klass: 'org/gradle/cache/internal/btree/BTreePersistentIndexedCache$IndexEntry'
RSI=
[error occurred during error reporting (printing register info), id 0xc0000005, EXCEPTION_ACCESS_VIOLATION (0xc0000005) at pc=0x00007ff9603dc9e6]

Registers:
RAX=0x0000000000000001, RBX=0x00000000000000a8, RCX=0x0000000000000003, RDX=0x00000000ec5f6108
RSP=0x000000f52c0ff310, RBP=0x00000000ec600000, RSI=0x00000000ec5f6118, RDI=0x0000000000000002
R8 =0x000000000000000c, R9 =0x0000000000000001, R10=0x000000000000000c, R11=0x000000f52c0ff330
R12=0x0000000000000000, R13=0x0000000000000000, R14=0x00007ff960be3250, R15=0x000000000000000c
RIP=0x00007ff960535924, EFLAGS=0x0000000000010202

Top of Stack: (sp=0x000000f52c0ff310)
0x000000f52c0ff310:   0000000100029268 0000000100029268
0x000000f52c0ff320:   00000000ec5f6108 00000000ec5f60c8
0x000000f52c0ff330:   00007ff960a6ef58 0000000000000000
0x000000f52c0ff340:   000000f51811c7a0 000000f51812f780
0x000000f52c0ff350:   0000000000000000 0000000000000000
0x000000f52c0ff360:   0000000000000000 000000f52bfff660
0x000000f52c0ff370:   0000000000000000 00007ff960536fcf
0x000000f52c0ff380:   000000f51812f828 000000f51811b7a0
0x000000f52c0ff390:   000000f518133800 0000000000000154
0x000000f52c0ff3a0:   000000f518126970 00007ff960998da0
0x000000f52c0ff3b0:   00000000000075a3 000000f518133800
0x000000f52c0ff3c0:   000000f518133800 000000f52c0ff760
0x000000f52c0ff3d0:   000000f52bfff660 000000f500000000
0x000000f52c0ff3e0:   0000000000000000 0000000000000000
0x000000f52c0ff3f0:   000000f518133800 00007ff960933d45
0x000000f52c0ff400:   000000f5ffffffff 0000000000000000 

Instructions: (pc=0x00007ff960535924)
0x00007ff960535824:   4d 85 f6 74 2e 48 89 5c 24 30 48 8b 5f 10 48 c1
0x00007ff960535834:   e3 0d e8 45 6c 30 00 ff c8 49 8b ce 4c 63 c0 49
0x00007ff960535844:   8d 14 18 49 f7 d0 49 23 d0 e8 be bd 2f 00 48 8b
0x00007ff960535854:   5c 24 30 4c 8b 74 24 38 33 c0 48 89 6f 08 48 8b
0x00007ff960535864:   6c 24 40 48 89 77 10 48 8b 74 24 48 48 89 87 20
0x00007ff960535874:   01 00 00 48 89 87 98 01 00 00 48 89 87 18 01 00
0x00007ff960535884:   00 48 89 87 98 00 00 00 b0 01 48 83 c4 20 5f c3
0x00007ff960535894:   cc cc cc cc cc cc cc cc cc cc cc cc 4c 8b dc 55
0x00007ff9605358a4:   56 48 83 ec 58 48 8b 72 08 48 8d 05 a4 96 53 00
0x00007ff9605358b4:   48 8b 6a 50 49 89 43 b8 48 8b 41 08 49 89 43 c8
0x00007ff9605358c4:   49 c7 43 c0 00 00 00 00 49 89 4b d0 45 89 43 d8
0x00007ff9605358d4:   48 3b f5 0f 83 eb 00 00 00 49 89 5b 08 49 89 7b
0x00007ff9605358e4:   10 4d 89 73 18 4c 8d 35 60 d9 6a 00 4d 89 7b e8
0x00007ff9605358f4:   41 bf 0c 00 00 00 66 0f 1f 44 00 00 0f b6 05 91
0x00007ff960535904:   1c 71 00 84 c0 74 15 8b 5e 08 8b 0d 04 92 6c 00
0x00007ff960535914:   48 d3 e3 48 03 1d f2 91 6c 00 eb 04 48 8b 5e 08
0x00007ff960535924:   8b 7b 08 85 ff 7e 0b 40 f6 c7 01 75 4c c1 ff 03
0x00007ff960535934:   eb 58 79 45 84 c0 b9 10 00 00 00 8b 05 7f dd 6a
0x00007ff960535944:   00 49 0f 45 cf ff c8 4c 63 c0 48 63 c1 8b cf 83
0x00007ff960535954:   e1 3f 48 63 14 30 8b c7 48 c1 f8 10 48 d3 e2 0f
0x00007ff960535964:   b6 f8 49 8d 04 10 49 f7 d0 48 03 f8 49 c1 e8 03
0x00007ff960535974:   48 c1 ef 03 41 23 f8 eb 11 48 8b 03 48 8b d6 48
0x00007ff960535984:   8b cb ff 90 10 01 00 00 8b f8 48 63 43 0c 48 8d
0x00007ff960535994:   4c 24 20 4c 8b c3 48 8b d6 41 ff 14 c6 48 63 c7
0x00007ff9605359a4:   48 8d 34 c6 48 3b f5 0f 82 4f ff ff ff 4c 8b 7c
0x00007ff9605359b4:   24 50 4c 8b b4 24 80 00 00 00 48 8b 7c 24 78 48
0x00007ff9605359c4:   8b 5c 24 70 48 83 c4 58 5e 5d c3 cc 40 57 48 83
0x00007ff9605359d4:   ec 40 0f b6 81 b8 00 00 00 48 8b f9 84 c0 0f 84
0x00007ff9605359e4:   1a 01 00 00 80 3d 09 e5 6a 00 00 48 8b 81 a8 00
0x00007ff9605359f4:   00 00 48 89 5c 24 50 48 8b 10 8b 1a 74 36 b9 42
0x00007ff960535a04:   03 00 00 e8 34 eb 10 00 84 c0 75 08 38 05 ec 1a
0x00007ff960535a14:   71 00 74 20 4c 63 0d 5d 31 74 00 ba 01 00 00 00 


Stack slot to memory mapping:
stack at sp + 0 slots: 0x0000000100029268 is a pointer to class: 
stack at sp + 1 slots: 0x0000000100029268 is a pointer to class: 
stack at sp + 2 slots: 0x00000000ec5f6108 is an oop: [Ljava.lang.reflect.Constructor; 
{0x00000000ec5f6108} - klass: 'java/lang/reflect/Constructor'[]
 - length: 1
stack at sp + 3 slots: 0x00000000ec5f60c8 is an oop: java.lang.Class$ReflectionData 
{0x00000000ec5f60c8} - klass: 'java/lang/Class$ReflectionData'
stack at sp + 4 slots: 0x00007ff960a6ef58 jvm.dll
stack at sp + 5 slots: 0x0 is NULL
stack at sp + 6 slots: 0x000000f51811c7a0 points into unknown readable memory: 0x00007ff960a6d180 | 80 d1 a6 60 f9 7f 00 00
stack at sp + 7 slots: 0x000000f51812f780 points into unknown readable memory: 0x000000f518132800 | 00 28 13 18 f5 00 00 00


---------------  P R O C E S S  ---------------

Threads class SMR info:
_java_thread_list=0x000000f53365dfe0, length=49, elements={
0x000000f518110800, 0x000000f52e707000, 0x000000f52e714800, 0x000000f52f56a800,
0x000000f52f56d000, 0x000000f52f56e000, 0x000000f52f56f000, 0x000000f52f572000,
0x000000f52e73a800, 0x000000f52f6c3000, 0x000000f52f87e800, 0x000000f5319bc800,
0x000000f5324b7800, 0x000000f532af1000, 0x000000f53251b000, 0x000000f532b34000,
0x000000f532914800, 0x000000f5313d2000, 0x000000f53296a800, 0x000000f5322d3800,
0x000000f5322d3000, 0x000000f5322d4800, 0x000000f5322d5000, 0x000000f5322d1000,
0x000000f5322d6000, 0x000000f5322d0800, 0x000000f5322d7000, 0x000000f5322d2000,
0x000000f5323e3000, 0x000000f5323e5800, 0x000000f5323e1800, 0x000000f5323e4000,
0x000000f5323e0800, 0x000000f5323e6800, 0x000000f5323e7000, 0x000000f5323e8000,
0x000000f5323e2800, 0x000000f5323ea800, 0x000000f5323e9000, 0x000000f5323e9800,
0x000000f5323e5000, 0x000000f5323eb800, 0x000000f5323ec000, 0x000000f5323ed000,
0x000000f5323ed800, 0x000000f5323ee800, 0x000000f5323ef800, 0x000000f53368e800,
0x000000f53368e000
}

Java Threads: ( => current thread )
  0x000000f518110800 JavaThread "main" [_thread_blocked, id=3456, stack(0x000000f5177f0000,0x000000f5178f0000)]
  0x000000f52e707000 JavaThread "Reference Handler" daemon [_thread_blocked, id=6664, stack(0x000000f52f240000,0x000000f52f340000)]
  0x000000f52e714800 JavaThread "Finalizer" daemon [_thread_blocked, id=2792, stack(0x000000f52f340000,0x000000f52f440000)]
  0x000000f52f56a800 JavaThread "Signal Dispatcher" daemon [_thread_blocked, id=6820, stack(0x000000f52f920000,0x000000f52fa20000)]
  0x000000f52f56d000 JavaThread "Attach Listener" daemon [_thread_blocked, id=2040, stack(0x000000f52fa20000,0x000000f52fb20000)]
  0x000000f52f56e000 JavaThread "Service Thread" daemon [_thread_blocked, id=6076, stack(0x000000f52fb20000,0x000000f52fc20000)]
  0x000000f52f56f000 JavaThread "C2 CompilerThread0" daemon [_thread_in_native, id=6956, stack(0x000000f52fc20000,0x000000f52fd20000)]
  0x000000f52f572000 JavaThread "C1 CompilerThread0" daemon [_thread_blocked, id=7080, stack(0x000000f52fd20000,0x000000f52fe20000)]
  0x000000f52e73a800 JavaThread "Sweeper thread" daemon [_thread_blocked, id=7072, stack(0x000000f52fe20000,0x000000f52ff20000)]
  0x000000f52f6c3000 JavaThread "Common-Cleaner" daemon [_thread_blocked, id=688, stack(0x000000f52ff20000,0x000000f530020000)]
  0x000000f52f87e800 JavaThread "C2 CompilerThread1" daemon [_thread_in_native, id=6812, stack(0x000000f530920000,0x000000f530a20000)]
  0x000000f5319bc800 JavaThread "Daemon health stats" [_thread_blocked, id=4636, stack(0x000000f534090000,0x000000f534190000)]
  0x000000f5324b7800 JavaThread "Incoming local TCP Connector on port 49593" [_thread_in_native, id=4592, stack(0x000000f534190000,0x000000f534290000)]
  0x000000f532af1000 JavaThread "Daemon periodic checks" [_thread_blocked, id=5412, stack(0x000000f534370000,0x000000f534470000)]
  0x000000f53251b000 JavaThread "Daemon" [_thread_blocked, id=6280, stack(0x000000f534690000,0x000000f534790000)]
  0x000000f532b34000 JavaThread "Handler for socket connection from /127.0.0.1:49593 to /127.0.0.1:49594" [_thread_in_native, id=5968, stack(0x000000f534d90000,0x000000f534e90000)]
  0x000000f532914800 JavaThread "Cancel handler" [_thread_blocked, id=5156, stack(0x000000f534e90000,0x000000f534f90000)]
  0x000000f5313d2000 JavaThread "Daemon worker" [_thread_in_native, id=2008, stack(0x000000f534f90000,0x000000f535090000)]
  0x000000f53296a800 JavaThread "Asynchronous log dispatcher for DefaultDaemonConnection: socket connection from /127.0.0.1:49593 to /127.0.0.1:49594" [_thread_blocked, id=3816, stack(0x000000f535190000,0x000000f535290000)]
  0x000000f5322d3800 JavaThread "Stdin handler" [_thread_blocked, id=3908, stack(0x000000f535290000,0x000000f535390000)]
  0x000000f5322d3000 JavaThread "Daemon client event forwarder" [_thread_blocked, id=5060, stack(0x000000f535390000,0x000000f535490000)]
  0x000000f5322d4800 JavaThread "Cache worker for file hash cache (C:\Users\Admin\.gradle\caches\6.9\fileHashes)" [_thread_blocked, id=1500, stack(0x000000f535690000,0x000000f535790000)]
  0x000000f5322d5000 JavaThread "File lock request listener" [_thread_in_native, id=3872, stack(0x000000f535790000,0x000000f535890000)]
  0x000000f5322d1000 JavaThread "Cache worker for journal cache (C:\Users\Admin\.gradle\caches\journal-1)" [_thread_blocked, id=4484, stack(0x000000f535a90000,0x000000f535b90000)]
  0x000000f5322d6000 JavaThread "Cache worker for file hash cache (E:\app projects\native project\third\third\android\.gradle\6.9\fileHashes)" [_thread_blocked, id=4132, stack(0x000000f535d10000,0x000000f535e10000)]
  0x000000f5322d0800 JavaThread "jar transforms" [_thread_blocked, id=4264, stack(0x000000f535b90000,0x000000f535c90000)]
  0x000000f5322d7000 JavaThread "jar transforms Thread 2" [_thread_blocked, id=5880, stack(0x000000f536240000,0x000000f536340000)]
  0x000000f5322d2000 JavaThread "jar transforms Thread 3" [_thread_blocked, id=6808, stack(0x000000f536340000,0x000000f536440000)]
  0x000000f5323e3000 JavaThread "jar transforms Thread 4" [_thread_blocked, id=624, stack(0x000000f536440000,0x000000f536540000)]
  0x000000f5323e5800 JavaThread "jar transforms Thread 5" [_thread_blocked, id=6156, stack(0x000000f536540000,0x000000f536640000)]
  0x000000f5323e1800 JavaThread "jar transforms Thread 6" [_thread_blocked, id=192, stack(0x000000f536640000,0x000000f536740000)]
  0x000000f5323e4000 JavaThread "jar transforms Thread 7" [_thread_blocked, id=748, stack(0x000000f536740000,0x000000f536840000)]
  0x000000f5323e0800 JavaThread "jar transforms Thread 8" [_thread_blocked, id=6552, stack(0x000000f536840000,0x000000f536940000)]
  0x000000f5323e6800 JavaThread "jar transforms Thread 9" [_thread_blocked, id=7024, stack(0x000000f536940000,0x000000f536a40000)]
  0x000000f5323e7000 JavaThread "jar transforms Thread 10" [_thread_blocked, id=1104, stack(0x000000f536a40000,0x000000f536b40000)]
  0x000000f5323e8000 JavaThread "jar transforms Thread 11" [_thread_blocked, id=7028, stack(0x000000f536b40000,0x000000f536c40000)]
  0x000000f5323e2800 JavaThread "jar transforms Thread 12" [_thread_blocked, id=6472, stack(0x000000f536c40000,0x000000f536d40000)]
  0x000000f5323ea800 JavaThread "jar transforms Thread 13" [_thread_blocked, id=3248, stack(0x000000f536d40000,0x000000f536e40000)]
  0x000000f5323e9000 JavaThread "jar transforms Thread 14" [_thread_blocked, id=6136, stack(0x000000f536e40000,0x000000f536f40000)]
  0x000000f5323e9800 JavaThread "jar transforms Thread 15" [_thread_blocked, id=3292, stack(0x000000f536f40000,0x000000f537040000)]
  0x000000f5323e5000 JavaThread "jar transforms Thread 16" [_thread_blocked, id=5392, stack(0x000000f537040000,0x000000f537140000)]
  0x000000f5323eb800 JavaThread "jar transforms Thread 17" [_thread_blocked, id=6436, stack(0x000000f537140000,0x000000f537240000)]
  0x000000f5323ec000 JavaThread "jar transforms Thread 18" [_thread_blocked, id=6544, stack(0x000000f537240000,0x000000f537340000)]
  0x000000f5323ed000 JavaThread "jar transforms Thread 19" [_thread_blocked, id=5896, stack(0x000000f537340000,0x000000f537440000)]
  0x000000f5323ed800 JavaThread "jar transforms Thread 20" [_thread_blocked, id=2124, stack(0x000000f537440000,0x000000f537540000)]
  0x000000f5323ee800 JavaThread "Cache worker for checksums cache (E:\app projects\native project\third\third\android\.gradle\checksums)" [_thread_blocked, id=5660, stack(0x000000f537540000,0x000000f537640000)]
  0x000000f5323ef800 JavaThread "Cache worker for cache directory md-supplier (C:\Users\Admin\.gradle\caches\6.9\md-supplier)" [_thread_blocked, id=3960, stack(0x000000f537640000,0x000000f537740000)]
  0x000000f53368e800 JavaThread "Cache worker for cache directory md-rule (C:\Users\Admin\.gradle\caches\6.9\md-rule)" [_thread_blocked, id=7092, stack(0x000000f537940000,0x000000f537a40000)]
  0x000000f53368e000 JavaThread "Cache worker for execution history cache (C:\Users\Admin\.gradle\caches\6.9\executionHistory)" [_thread_blocked, id=1980, stack(0x000000f538a10000,0x000000f538b10000)]

Other Threads:
  0x000000f52e6e0800 VMThread "VM Thread" [stack: 0x000000f52f140000,0x000000f52f240000] [id=6496]
  0x000000f52f6ea000 WatcherThread [stack: 0x000000f530020000,0x000000f530120000] [id=6816]
  0x000000f518127800 GCTaskThread "GC Thread#0" [stack: 0x000000f517b00000,0x000000f517c00000] [id=6428]
  0x000000f5305f3000 GCTaskThread "GC Thread#1" [stack: 0x000000f530a20000,0x000000f530b20000] [id=3284]
  0x000000f530239000 GCTaskThread "GC Thread#2" [stack: 0x000000f530b20000,0x000000f530c20000] [id=6828]
  0x000000f530322000 GCTaskThread "GC Thread#3" [stack: 0x000000f530c20000,0x000000f530d20000] [id=6824]
  0x000000f518132800 ConcurrentGCThread "G1 Main Marker" [stack: 0x000000f52bf00000,0x000000f52c000000] [id=4080]
=>0x000000f518133800 ConcurrentGCThread "G1 Conc#0" [stack: 0x000000f52c000000,0x000000f52c100000] [id=6612]
  0x000000f5181ed800 ConcurrentGCThread "G1 Refine#0" [stack: 0x000000f52e740000,0x000000f52e840000] [id=5264]
  0x000000f5181ee800 ConcurrentGCThread "G1 Young RemSet Sampling" [stack: 0x000000f52e840000,0x000000f52e940000] [id=3332]

Threads with active compile tasks:
C2 CompilerThread0   3853 2711  s!   4       jdk.internal.loader.URLClassPath::getLoader (194 bytes)
C1 CompilerThread0   3853 2823       3       java.lang.PublicMethods::toArray (76 bytes)
C2 CompilerThread1   3853 2766       4       jdk.internal.loader.URLClassPath::getResource (74 bytes)

VM state:not at safepoint (normal execution)

VM Mutex/Monitor currently owned by a thread: None

Heap address: 0x00000000e0000000, size: 512 MB, Compressed Oops mode: 32-bit
Narrow klass base: 0x0000000000000000, Narrow klass shift: 3
Compressed class space size: 260046848 Address: 0x0000000100000000

Heap:
 garbage-first heap   total 262144K, used 34426K [0x00000000e0000000, 0x0000000100000000)
  region size 1024K, 10 young (10240K), 9 survivors (9216K)
 Metaspace       used 34956K, capacity 35767K, committed 35968K, reserved 286720K
  class space    used 4565K, capacity 4869K, committed 4992K, reserved 253952K
Heap Regions: E=young(eden), S=young(survivor), O=old, HS=humongous(starts), HC=humongous(continues), CS=collection set, F=free, A=archive, TAMS=top-at-mark-start (previous, next)
|   0|0x00000000e0000000, 0x00000000e0100000, 0x00000000e0100000|100%| O|  |TAMS 0x00000000e0100000, 0x00000000e0100000| Untracked 
|   1|0x00000000e0100000, 0x00000000e0200000, 0x00000000e0200000|100%| O|  |TAMS 0x00000000e0200000, 0x00000000e0200000| Untracked 
|   2|0x00000000e0200000, 0x00000000e0300000, 0x00000000e0300000|100%| O|  |TAMS 0x00000000e02ea200, 0x00000000e0300000| Untracked 
|   3|0x00000000e0300000, 0x00000000e0400000, 0x00000000e0400000|100%|HS|  |TAMS 0x00000000e0400000, 0x00000000e0400000| Complete 
|   4|0x00000000e0400000, 0x00000000e0500000, 0x00000000e0500000|100%|HC|  |TAMS 0x00000000e0500000, 0x00000000e0500000| Complete 
|   5|0x00000000e0500000, 0x00000000e0600000, 0x00000000e0600000|100%|HC|  |TAMS 0x00000000e0600000, 0x00000000e0600000| Complete 
|   6|0x00000000e0600000, 0x00000000e0700000, 0x00000000e0700000|100%| O|  |TAMS 0x00000000e0700000, 0x00000000e0700000| Untracked 
|   7|0x00000000e0700000, 0x00000000e0800000, 0x00000000e0800000|100%| O|  |TAMS 0x00000000e0800000, 0x00000000e0800000| Untracked 
|   8|0x00000000e0800000, 0x00000000e0900000, 0x00000000e0900000|100%| O|  |TAMS 0x00000000e0900000, 0x00000000e0900000| Untracked 
|   9|0x00000000e0900000, 0x00000000e0a00000, 0x00000000e0a00000|100%|HS|  |TAMS 0x00000000e0900000, 0x00000000e0a00000| Complete 
|  10|0x00000000e0a00000, 0x00000000e0b00000, 0x00000000e0b00000|100%|HC|  |TAMS 0x00000000e0a00000, 0x00000000e0b00000| Complete 
|  11|0x00000000e0b00000, 0x00000000e0c00000, 0x00000000e0c00000|100%|HS|  |TAMS 0x00000000e0b00000, 0x00000000e0c00000| Complete 
|  12|0x00000000e0c00000, 0x00000000e0d00000, 0x00000000e0d00000|100%|HC|  |TAMS 0x00000000e0c00000, 0x00000000e0d00000| Complete 
|  13|0x00000000e0d00000, 0x00000000e0e00000, 0x00000000e0e00000|100%|HC|  |TAMS 0x00000000e0d00000, 0x00000000e0e00000| Complete 
|  14|0x00000000e0e00000, 0x00000000e0f00000, 0x00000000e0f00000|100%|HS|  |TAMS 0x00000000e0e00000, 0x00000000e0f00000| Complete 
|  15|0x00000000e0f00000, 0x00000000e1000000, 0x00000000e1000000|100%|HC|  |TAMS 0x00000000e0f00000, 0x00000000e1000000| Complete 
|  16|0x00000000e1000000, 0x00000000e1100000, 0x00000000e1100000|100%|HC|  |TAMS 0x00000000e1000000, 0x00000000e1100000| Complete 
|  17|0x00000000e1100000, 0x00000000e1200000, 0x00000000e1200000|100%|HC|  |TAMS 0x00000000e1100000, 0x00000000e1200000| Complete 
|  18|0x00000000e1200000, 0x00000000e1300000, 0x00000000e1300000|100%|HC|  |TAMS 0x00000000e1200000, 0x00000000e1300000| Complete 
|  19|0x00000000e1300000, 0x00000000e1400000, 0x00000000e1400000|100%| O|  |TAMS 0x00000000e1300000, 0x00000000e1400000| Untracked 
|  20|0x00000000e1400000, 0x00000000e1500000, 0x00000000e1500000|100%| O|  |TAMS 0x00000000e1400000, 0x00000000e1500000| Untracked 
|  21|0x00000000e1500000, 0x00000000e1600000, 0x00000000e1600000|100%| O|  |TAMS 0x00000000e1500000, 0x00000000e1600000| Untracked 
|  22|0x00000000e1600000, 0x00000000e1700000, 0x00000000e1700000|100%| O|  |TAMS 0x00000000e1600000, 0x00000000e1700000| Untracked 
|  23|0x00000000e1700000, 0x00000000e1800000, 0x00000000e1800000|100%| O|  |TAMS 0x00000000e1700000, 0x00000000e1800000| Untracked 
|  24|0x00000000e1800000, 0x00000000e1900000, 0x00000000e1900000|100%| O|  |TAMS 0x00000000e1800000, 0x00000000e1900000| Untracked 
|  25|0x00000000e1900000, 0x00000000e190c400, 0x00000000e1a00000|  4%| O|  |TAMS 0x00000000e1900000, 0x00000000e190c400| Untracked 
|  26|0x00000000e1a00000, 0x00000000e1a00000, 0x00000000e1b00000|  0%| F|  |TAMS 0x00000000e1a00000, 0x00000000e1a00000| Untracked 
|  27|0x00000000e1b00000, 0x00000000e1b00000, 0x00000000e1c00000|  0%| F|  |TAMS 0x00000000e1b00000, 0x00000000e1b00000| Untracked 
|  28|0x00000000e1c00000, 0x00000000e1c00000, 0x00000000e1d00000|  0%| F|  |TAMS 0x00000000e1c00000, 0x00000000e1c00000| Untracked 
|  29|0x00000000e1d00000, 0x00000000e1d00000, 0x00000000e1e00000|  0%| F|  |TAMS 0x00000000e1d00000, 0x00000000e1d00000| Untracked 
|  30|0x00000000e1e00000, 0x00000000e1e00000, 0x00000000e1f00000|  0%| F|  |TAMS 0x00000000e1e00000, 0x00000000e1e00000| Untracked 
|  31|0x00000000e1f00000, 0x00000000e1f00000, 0x00000000e2000000|  0%| F|  |TAMS 0x00000000e1f00000, 0x00000000e1f00000| Untracked 
|  32|0x00000000e2000000, 0x00000000e2000000, 0x00000000e2100000|  0%| F|  |TAMS 0x00000000e2000000, 0x00000000e2000000| Untracked 
|  33|0x00000000e2100000, 0x00000000e2100000, 0x00000000e2200000|  0%| F|  |TAMS 0x00000000e2100000, 0x00000000e2100000| Untracked 
|  34|0x00000000e2200000, 0x00000000e2200000, 0x00000000e2300000|  0%| F|  |TAMS 0x00000000e2200000, 0x00000000e2200000| Untracked 
|  35|0x00000000e2300000, 0x00000000e2300000, 0x00000000e2400000|  0%| F|  |TAMS 0x00000000e2300000, 0x00000000e2300000| Untracked 
|  36|0x00000000e2400000, 0x00000000e2400000, 0x00000000e2500000|  0%| F|  |TAMS 0x00000000e2400000, 0x00000000e2400000| Untracked 
|  37|0x00000000e2500000, 0x00000000e2500000, 0x00000000e2600000|  0%| F|  |TAMS 0x00000000e2500000, 0x00000000e2500000| Untracked 
|  38|0x00000000e2600000, 0x00000000e2600000, 0x00000000e2700000|  0%| F|  |TAMS 0x00000000e2600000, 0x00000000e2600000| Untracked 
|  39|0x00000000e2700000, 0x00000000e2700000, 0x00000000e2800000|  0%| F|  |TAMS 0x00000000e2700000, 0x00000000e2700000| Untracked 
|  40|0x00000000e2800000, 0x00000000e2800000, 0x00000000e2900000|  0%| F|  |TAMS 0x00000000e2800000, 0x00000000e2800000| Untracked 
|  41|0x00000000e2900000, 0x00000000e2900000, 0x00000000e2a00000|  0%| F|  |TAMS 0x00000000e2900000, 0x00000000e2900000| Untracked 
|  42|0x00000000e2a00000, 0x00000000e2a00000, 0x00000000e2b00000|  0%| F|  |TAMS 0x00000000e2a00000, 0x00000000e2a00000| Untracked 
|  43|0x00000000e2b00000, 0x00000000e2b00000, 0x00000000e2c00000|  0%| F|  |TAMS 0x00000000e2b00000, 0x00000000e2b00000| Untracked 
|  44|0x00000000e2c00000, 0x00000000e2c00000, 0x00000000e2d00000|  0%| F|  |TAMS 0x00000000e2c00000, 0x00000000e2c00000| Untracked 
|  45|0x00000000e2d00000, 0x00000000e2d00000, 0x00000000e2e00000|  0%| F|  |TAMS 0x00000000e2d00000, 0x00000000e2d00000| Untracked 
|  46|0x00000000e2e00000, 0x00000000e2e00000, 0x00000000e2f00000|  0%| F|  |TAMS 0x00000000e2e00000, 0x00000000e2e00000| Untracked 
|  47|0x00000000e2f00000, 0x00000000e2f00000, 0x00000000e3000000|  0%| F|  |TAMS 0x00000000e2f00000, 0x00000000e2f00000| Untracked 
|  48|0x00000000e3000000, 0x00000000e3000000, 0x00000000e3100000|  0%| F|  |TAMS 0x00000000e3000000, 0x00000000e3000000| Untracked 
|  49|0x00000000e3100000, 0x00000000e3100000, 0x00000000e3200000|  0%| F|  |TAMS 0x00000000e3100000, 0x00000000e3100000| Untracked 
|  50|0x00000000e3200000, 0x00000000e3200000, 0x00000000e3300000|  0%| F|  |TAMS 0x00000000e3200000, 0x00000000e3200000| Untracked 
|  51|0x00000000e3300000, 0x00000000e3300000, 0x00000000e3400000|  0%| F|  |TAMS 0x00000000e3300000, 0x00000000e3300000| Untracked 
|  52|0x00000000e3400000, 0x00000000e3400000, 0x00000000e3500000|  0%| F|  |TAMS 0x00000000e3400000, 0x00000000e3400000| Untracked 
|  53|0x00000000e3500000, 0x00000000e3500000, 0x00000000e3600000|  0%| F|  |TAMS 0x00000000e3500000, 0x00000000e3500000| Untracked 
|  54|0x00000000e3600000, 0x00000000e3600000, 0x00000000e3700000|  0%| F|  |TAMS 0x00000000e3600000, 0x00000000e3600000| Untracked 
|  55|0x00000000e3700000, 0x00000000e3700000, 0x00000000e3800000|  0%| F|  |TAMS 0x00000000e3700000, 0x00000000e3700000| Untracked 
|  56|0x00000000e3800000, 0x00000000e3800000, 0x00000000e3900000|  0%| F|  |TAMS 0x00000000e3800000, 0x00000000e3800000| Untracked 
|  57|0x00000000e3900000, 0x00000000e3900000, 0x00000000e3a00000|  0%| F|  |TAMS 0x00000000e3900000, 0x00000000e3900000| Untracked 
|  58|0x00000000e3a00000, 0x00000000e3a00000, 0x00000000e3b00000|  0%| F|  |TAMS 0x00000000e3a00000, 0x00000000e3a00000| Untracked 
|  59|0x00000000e3b00000, 0x00000000e3b00000, 0x00000000e3c00000|  0%| F|  |TAMS 0x00000000e3b00000, 0x00000000e3b00000| Untracked 
|  60|0x00000000e3c00000, 0x00000000e3c00000, 0x00000000e3d00000|  0%| F|  |TAMS 0x00000000e3c00000, 0x00000000e3c00000| Untracked 
|  61|0x00000000e3d00000, 0x00000000e3d00000, 0x00000000e3e00000|  0%| F|  |TAMS 0x00000000e3d00000, 0x00000000e3d00000| Untracked 
|  62|0x00000000e3e00000, 0x00000000e3e00000, 0x00000000e3f00000|  0%| F|  |TAMS 0x00000000e3e00000, 0x00000000e3e00000| Untracked 
|  63|0x00000000e3f00000, 0x00000000e3f00000, 0x00000000e4000000|  0%| F|  |TAMS 0x00000000e3f00000, 0x00000000e3f00000| Untracked 
|  64|0x00000000e4000000, 0x00000000e4000000, 0x00000000e4100000|  0%| F|  |TAMS 0x00000000e4000000, 0x00000000e4000000| Untracked 
|  65|0x00000000e4100000, 0x00000000e4100000, 0x00000000e4200000|  0%| F|  |TAMS 0x00000000e4100000, 0x00000000e4100000| Untracked 
|  66|0x00000000e4200000, 0x00000000e4200000, 0x00000000e4300000|  0%| F|  |TAMS 0x00000000e4200000, 0x00000000e4200000| Untracked 
|  67|0x00000000e4300000, 0x00000000e4300000, 0x00000000e4400000|  0%| F|  |TAMS 0x00000000e4300000, 0x00000000e4300000| Untracked 
|  68|0x00000000e4400000, 0x00000000e4400000, 0x00000000e4500000|  0%| F|  |TAMS 0x00000000e4400000, 0x00000000e4400000| Untracked 
|  69|0x00000000e4500000, 0x00000000e4500000, 0x00000000e4600000|  0%| F|  |TAMS 0x00000000e4500000, 0x00000000e4500000| Untracked 
|  70|0x00000000e4600000, 0x00000000e4600000, 0x00000000e4700000|  0%| F|  |TAMS 0x00000000e4600000, 0x00000000e4600000| Untracked 
|  71|0x00000000e4700000, 0x00000000e4700000, 0x00000000e4800000|  0%| F|  |TAMS 0x00000000e4700000, 0x00000000e4700000| Untracked 
|  72|0x00000000e4800000, 0x00000000e4800000, 0x00000000e4900000|  0%| F|  |TAMS 0x00000000e4800000, 0x00000000e4800000| Untracked 
|  73|0x00000000e4900000, 0x00000000e4900000, 0x00000000e4a00000|  0%| F|  |TAMS 0x00000000e4900000, 0x00000000e4900000| Untracked 
|  74|0x00000000e4a00000, 0x00000000e4a00000, 0x00000000e4b00000|  0%| F|  |TAMS 0x00000000e4a00000, 0x00000000e4a00000| Untracked 
|  75|0x00000000e4b00000, 0x00000000e4b00000, 0x00000000e4c00000|  0%| F|  |TAMS 0x00000000e4b00000, 0x00000000e4b00000| Untracked 
|  76|0x00000000e4c00000, 0x00000000e4c00000, 0x00000000e4d00000|  0%| F|  |TAMS 0x00000000e4c00000, 0x00000000e4c00000| Untracked 
|  77|0x00000000e4d00000, 0x00000000e4d00000, 0x00000000e4e00000|  0%| F|  |TAMS 0x00000000e4d00000, 0x00000000e4d00000| Untracked 
|  78|0x00000000e4e00000, 0x00000000e4e00000, 0x00000000e4f00000|  0%| F|  |TAMS 0x00000000e4e00000, 0x00000000e4e00000| Untracked 
|  79|0x00000000e4f00000, 0x00000000e4f00000, 0x00000000e5000000|  0%| F|  |TAMS 0x00000000e4f00000, 0x00000000e4f00000| Untracked 
|  80|0x00000000e5000000, 0x00000000e5000000, 0x00000000e5100000|  0%| F|  |TAMS 0x00000000e5000000, 0x00000000e5000000| Untracked 
|  81|0x00000000e5100000, 0x00000000e5100000, 0x00000000e5200000|  0%| F|  |TAMS 0x00000000e5100000, 0x00000000e5100000| Untracked 
|  82|0x00000000e5200000, 0x00000000e5200000, 0x00000000e5300000|  0%| F|  |TAMS 0x00000000e5200000, 0x00000000e5200000| Untracked 
|  83|0x00000000e5300000, 0x00000000e5300000, 0x00000000e5400000|  0%| F|  |TAMS 0x00000000e5300000, 0x00000000e5300000| Untracked 
|  84|0x00000000e5400000, 0x00000000e5400000, 0x00000000e5500000|  0%| F|  |TAMS 0x00000000e5400000, 0x00000000e5400000| Untracked 
|  85|0x00000000e5500000, 0x00000000e5500000, 0x00000000e5600000|  0%| F|  |TAMS 0x00000000e5500000, 0x00000000e5500000| Untracked 
|  86|0x00000000e5600000, 0x00000000e5600000, 0x00000000e5700000|  0%| F|  |TAMS 0x00000000e5600000, 0x00000000e5600000| Untracked 
|  87|0x00000000e5700000, 0x00000000e5700000, 0x00000000e5800000|  0%| F|  |TAMS 0x00000000e5700000, 0x00000000e5700000| Untracked 
|  88|0x00000000e5800000, 0x00000000e5800000, 0x00000000e5900000|  0%| F|  |TAMS 0x00000000e5800000, 0x00000000e5800000| Untracked 
|  89|0x00000000e5900000, 0x00000000e5900000, 0x00000000e5a00000|  0%| F|  |TAMS 0x00000000e5900000, 0x00000000e5900000| Untracked 
|  90|0x00000000e5a00000, 0x00000000e5a00000, 0x00000000e5b00000|  0%| F|  |TAMS 0x00000000e5a00000, 0x00000000e5a00000| Untracked 
|  91|0x00000000e5b00000, 0x00000000e5b00000, 0x00000000e5c00000|  0%| F|  |TAMS 0x00000000e5b00000, 0x00000000e5b00000| Untracked 
|  92|0x00000000e5c00000, 0x00000000e5c00000, 0x00000000e5d00000|  0%| F|  |TAMS 0x00000000e5c00000, 0x00000000e5c00000| Untracked 
|  93|0x00000000e5d00000, 0x00000000e5d00000, 0x00000000e5e00000|  0%| F|  |TAMS 0x00000000e5d00000, 0x00000000e5d00000| Untracked 
|  94|0x00000000e5e00000, 0x00000000e5e00000, 0x00000000e5f00000|  0%| F|  |TAMS 0x00000000e5e00000, 0x00000000e5e00000| Untracked 
|  95|0x00000000e5f00000, 0x00000000e5f00000, 0x00000000e6000000|  0%| F|  |TAMS 0x00000000e5f00000, 0x00000000e5f00000| Untracked 
|  96|0x00000000e6000000, 0x00000000e6000000, 0x00000000e6100000|  0%| F|  |TAMS 0x00000000e6000000, 0x00000000e6000000| Untracked 
|  97|0x00000000e6100000, 0x00000000e6100000, 0x00000000e6200000|  0%| F|  |TAMS 0x00000000e6100000, 0x00000000e6100000| Untracked 
|  98|0x00000000e6200000, 0x00000000e6200000, 0x00000000e6300000|  0%| F|  |TAMS 0x00000000e6200000, 0x00000000e6200000| Untracked 
|  99|0x00000000e6300000, 0x00000000e6300000, 0x00000000e6400000|  0%| F|  |TAMS 0x00000000e6300000, 0x00000000e6300000| Untracked 
| 100|0x00000000e6400000, 0x00000000e6400000, 0x00000000e6500000|  0%| F|  |TAMS 0x00000000e6400000, 0x00000000e6400000| Untracked 
| 101|0x00000000e6500000, 0x00000000e6500000, 0x00000000e6600000|  0%| F|  |TAMS 0x00000000e6500000, 0x00000000e6500000| Untracked 
| 102|0x00000000e6600000, 0x00000000e6600000, 0x00000000e6700000|  0%| F|  |TAMS 0x00000000e6600000, 0x00000000e6600000| Untracked 
| 103|0x00000000e6700000, 0x00000000e6700000, 0x00000000e6800000|  0%| F|  |TAMS 0x00000000e6700000, 0x00000000e6700000| Untracked 
| 104|0x00000000e6800000, 0x00000000e6800000, 0x00000000e6900000|  0%| F|  |TAMS 0x00000000e6800000, 0x00000000e6800000| Untracked 
| 105|0x00000000e6900000, 0x00000000e6900000, 0x00000000e6a00000|  0%| F|  |TAMS 0x00000000e6900000, 0x00000000e6900000| Untracked 
| 106|0x00000000e6a00000, 0x00000000e6a00000, 0x00000000e6b00000|  0%| F|  |TAMS 0x00000000e6a00000, 0x00000000e6a00000| Untracked 
| 107|0x00000000e6b00000, 0x00000000e6b00000, 0x00000000e6c00000|  0%| F|  |TAMS 0x00000000e6b00000, 0x00000000e6b00000| Untracked 
| 108|0x00000000e6c00000, 0x00000000e6c00000, 0x00000000e6d00000|  0%| F|  |TAMS 0x00000000e6c00000, 0x00000000e6c00000| Untracked 
| 109|0x00000000e6d00000, 0x00000000e6d00000, 0x00000000e6e00000|  0%| F|  |TAMS 0x00000000e6d00000, 0x00000000e6d00000| Untracked 
| 110|0x00000000e6e00000, 0x00000000e6e00000, 0x00000000e6f00000|  0%| F|  |TAMS 0x00000000e6e00000, 0x00000000e6e00000| Untracked 
| 111|0x00000000e6f00000, 0x00000000e6f00000, 0x00000000e7000000|  0%| F|  |TAMS 0x00000000e6f00000, 0x00000000e6f00000| Untracked 
| 112|0x00000000e7000000, 0x00000000e7000000, 0x00000000e7100000|  0%| F|  |TAMS 0x00000000e7000000, 0x00000000e7000000| Untracked 
| 113|0x00000000e7100000, 0x00000000e7100000, 0x00000000e7200000|  0%| F|  |TAMS 0x00000000e7100000, 0x00000000e7100000| Untracked 
| 114|0x00000000e7200000, 0x00000000e7200000, 0x00000000e7300000|  0%| F|  |TAMS 0x00000000e7200000, 0x00000000e7200000| Untracked 
| 115|0x00000000e7300000, 0x00000000e7300000, 0x00000000e7400000|  0%| F|  |TAMS 0x00000000e7300000, 0x00000000e7300000| Untracked 
| 116|0x00000000e7400000, 0x00000000e7400000, 0x00000000e7500000|  0%| F|  |TAMS 0x00000000e7400000, 0x00000000e7400000| Untracked 
| 117|0x00000000e7500000, 0x00000000e7500000, 0x00000000e7600000|  0%| F|  |TAMS 0x00000000e7500000, 0x00000000e7500000| Untracked 
| 118|0x00000000e7600000, 0x00000000e7600000, 0x00000000e7700000|  0%| F|  |TAMS 0x00000000e7600000, 0x00000000e7600000| Untracked 
| 119|0x00000000e7700000, 0x00000000e7700000, 0x00000000e7800000|  0%| F|  |TAMS 0x00000000e7700000, 0x00000000e7700000| Untracked 
| 120|0x00000000e7800000, 0x00000000e7800000, 0x00000000e7900000|  0%| F|  |TAMS 0x00000000e7800000, 0x00000000e7800000| Untracked 
| 121|0x00000000e7900000, 0x00000000e7900000, 0x00000000e7a00000|  0%| F|  |TAMS 0x00000000e7900000, 0x00000000e7900000| Untracked 
| 122|0x00000000e7a00000, 0x00000000e7a00000, 0x00000000e7b00000|  0%| F|  |TAMS 0x00000000e7a00000, 0x00000000e7a00000| Untracked 
| 123|0x00000000e7b00000, 0x00000000e7b00000, 0x00000000e7c00000|  0%| F|  |TAMS 0x00000000e7b00000, 0x00000000e7b00000| Untracked 
| 124|0x00000000e7c00000, 0x00000000e7c00000, 0x00000000e7d00000|  0%| F|  |TAMS 0x00000000e7c00000, 0x00000000e7c00000| Untracked 
| 125|0x00000000e7d00000, 0x00000000e7d00000, 0x00000000e7e00000|  0%| F|  |TAMS 0x00000000e7d00000, 0x00000000e7d00000| Untracked 
| 126|0x00000000e7e00000, 0x00000000e7e00000, 0x00000000e7f00000|  0%| F|  |TAMS 0x00000000e7e00000, 0x00000000e7e00000| Untracked 
| 127|0x00000000e7f00000, 0x00000000e7f00000, 0x00000000e8000000|  0%| F|  |TAMS 0x00000000e7f00000, 0x00000000e7f00000| Untracked 
| 128|0x00000000e8000000, 0x00000000e8000000, 0x00000000e8100000|  0%| F|  |TAMS 0x00000000e8000000, 0x00000000e8000000| Untracked 
| 129|0x00000000e8100000, 0x00000000e8100000, 0x00000000e8200000|  0%| F|  |TAMS 0x00000000e8100000, 0x00000000e8100000| Untracked 
| 130|0x00000000e8200000, 0x00000000e8200000, 0x00000000e8300000|  0%| F|  |TAMS 0x00000000e8200000, 0x00000000e8200000| Untracked 
| 131|0x00000000e8300000, 0x00000000e8300000, 0x00000000e8400000|  0%| F|  |TAMS 0x00000000e8300000, 0x00000000e8300000| Untracked 
| 132|0x00000000e8400000, 0x00000000e8400000, 0x00000000e8500000|  0%| F|  |TAMS 0x00000000e8400000, 0x00000000e8400000| Untracked 
| 133|0x00000000e8500000, 0x00000000e8500000, 0x00000000e8600000|  0%| F|  |TAMS 0x00000000e8500000, 0x00000000e8500000| Untracked 
| 134|0x00000000e8600000, 0x00000000e8600000, 0x00000000e8700000|  0%| F|  |TAMS 0x00000000e8600000, 0x00000000e8600000| Untracked 
| 135|0x00000000e8700000, 0x00000000e8700000, 0x00000000e8800000|  0%| F|  |TAMS 0x00000000e8700000, 0x00000000e8700000| Untracked 
| 136|0x00000000e8800000, 0x00000000e8800000, 0x00000000e8900000|  0%| F|  |TAMS 0x00000000e8800000, 0x00000000e8800000| Untracked 
| 137|0x00000000e8900000, 0x00000000e8900000, 0x00000000e8a00000|  0%| F|  |TAMS 0x00000000e8900000, 0x00000000e8900000| Untracked 
| 138|0x00000000e8a00000, 0x00000000e8a00000, 0x00000000e8b00000|  0%| F|  |TAMS 0x00000000e8a00000, 0x00000000e8a00000| Untracked 
| 139|0x00000000e8b00000, 0x00000000e8b00000, 0x00000000e8c00000|  0%| F|  |TAMS 0x00000000e8b00000, 0x00000000e8b00000| Untracked 
| 140|0x00000000e8c00000, 0x00000000e8c00000, 0x00000000e8d00000|  0%| F|  |TAMS 0x00000000e8c00000, 0x00000000e8c00000| Untracked 
| 141|0x00000000e8d00000, 0x00000000e8d00000, 0x00000000e8e00000|  0%| F|  |TAMS 0x00000000e8d00000, 0x00000000e8d00000| Untracked 
| 142|0x00000000e8e00000, 0x00000000e8e00000, 0x00000000e8f00000|  0%| F|  |TAMS 0x00000000e8e00000, 0x00000000e8e00000| Untracked 
| 143|0x00000000e8f00000, 0x00000000e8f00000, 0x00000000e9000000|  0%| F|  |TAMS 0x00000000e8f00000, 0x00000000e8f00000| Untracked 
| 144|0x00000000e9000000, 0x00000000e9000000, 0x00000000e9100000|  0%| F|  |TAMS 0x00000000e9000000, 0x00000000e9000000| Untracked 
| 145|0x00000000e9100000, 0x00000000e9100000, 0x00000000e9200000|  0%| F|  |TAMS 0x00000000e9100000, 0x00000000e9100000| Untracked 
| 146|0x00000000e9200000, 0x00000000e9200000, 0x00000000e9300000|  0%| F|  |TAMS 0x00000000e9200000, 0x00000000e9200000| Untracked 
| 147|0x00000000e9300000, 0x00000000e9300000, 0x00000000e9400000|  0%| F|  |TAMS 0x00000000e9300000, 0x00000000e9300000| Untracked 
| 148|0x00000000e9400000, 0x00000000e9400000, 0x00000000e9500000|  0%| F|  |TAMS 0x00000000e9400000, 0x00000000e9400000| Untracked 
| 149|0x00000000e9500000, 0x00000000e9500000, 0x00000000e9600000|  0%| F|  |TAMS 0x00000000e9500000, 0x00000000e9500000| Untracked 
| 150|0x00000000e9600000, 0x00000000e9600000, 0x00000000e9700000|  0%| F|  |TAMS 0x00000000e9600000, 0x00000000e9600000| Untracked 
| 151|0x00000000e9700000, 0x00000000e9700000, 0x00000000e9800000|  0%| F|  |TAMS 0x00000000e9700000, 0x00000000e9700000| Untracked 
| 152|0x00000000e9800000, 0x00000000e9800000, 0x00000000e9900000|  0%| F|  |TAMS 0x00000000e9800000, 0x00000000e9800000| Untracked 
| 153|0x00000000e9900000, 0x00000000e9900000, 0x00000000e9a00000|  0%| F|  |TAMS 0x00000000e9900000, 0x00000000e9900000| Untracked 
| 154|0x00000000e9a00000, 0x00000000e9a00000, 0x00000000e9b00000|  0%| F|  |TAMS 0x00000000e9a00000, 0x00000000e9a00000| Untracked 
| 155|0x00000000e9b00000, 0x00000000e9b00000, 0x00000000e9c00000|  0%| F|  |TAMS 0x00000000e9b00000, 0x00000000e9b00000| Untracked 
| 156|0x00000000e9c00000, 0x00000000e9c00000, 0x00000000e9d00000|  0%| F|  |TAMS 0x00000000e9c00000, 0x00000000e9c00000| Untracked 
| 157|0x00000000e9d00000, 0x00000000e9d00000, 0x00000000e9e00000|  0%| F|  |TAMS 0x00000000e9d00000, 0x00000000e9d00000| Untracked 
| 158|0x00000000e9e00000, 0x00000000e9e00000, 0x00000000e9f00000|  0%| F|  |TAMS 0x00000000e9e00000, 0x00000000e9e00000| Untracked 
| 159|0x00000000e9f00000, 0x00000000e9f00000, 0x00000000ea000000|  0%| F|  |TAMS 0x00000000e9f00000, 0x00000000e9f00000| Untracked 
| 160|0x00000000ea000000, 0x00000000ea000000, 0x00000000ea100000|  0%| F|  |TAMS 0x00000000ea000000, 0x00000000ea000000| Untracked 
| 161|0x00000000ea100000, 0x00000000ea100000, 0x00000000ea200000|  0%| F|  |TAMS 0x00000000ea100000, 0x00000000ea100000| Untracked 
| 162|0x00000000ea200000, 0x00000000ea200000, 0x00000000ea300000|  0%| F|  |TAMS 0x00000000ea200000, 0x00000000ea200000| Untracked 
| 163|0x00000000ea300000, 0x00000000ea300000, 0x00000000ea400000|  0%| F|  |TAMS 0x00000000ea300000, 0x00000000ea300000| Untracked 
| 164|0x00000000ea400000, 0x00000000ea400000, 0x00000000ea500000|  0%| F|  |TAMS 0x00000000ea400000, 0x00000000ea400000| Untracked 
| 165|0x00000000ea500000, 0x00000000ea500000, 0x00000000ea600000|  0%| F|  |TAMS 0x00000000ea500000, 0x00000000ea500000| Untracked 
| 166|0x00000000ea600000, 0x00000000ea600000, 0x00000000ea700000|  0%| F|  |TAMS 0x00000000ea600000, 0x00000000ea600000| Untracked 
| 167|0x00000000ea700000, 0x00000000ea700000, 0x00000000ea800000|  0%| F|  |TAMS 0x00000000ea700000, 0x00000000ea700000| Untracked 
| 168|0x00000000ea800000, 0x00000000ea800000, 0x00000000ea900000|  0%| F|  |TAMS 0x00000000ea800000, 0x00000000ea800000| Untracked 
| 169|0x00000000ea900000, 0x00000000ea900000, 0x00000000eaa00000|  0%| F|  |TAMS 0x00000000ea900000, 0x00000000ea900000| Untracked 
| 170|0x00000000eaa00000, 0x00000000eaa00000, 0x00000000eab00000|  0%| F|  |TAMS 0x00000000eaa00000, 0x00000000eaa00000| Untracked 
| 171|0x00000000eab00000, 0x00000000eab00000, 0x00000000eac00000|  0%| F|  |TAMS 0x00000000eab00000, 0x00000000eab00000| Untracked 
| 172|0x00000000eac00000, 0x00000000eac00000, 0x00000000ead00000|  0%| F|  |TAMS 0x00000000eac00000, 0x00000000eac00000| Untracked 
| 173|0x00000000ead00000, 0x00000000ead00000, 0x00000000eae00000|  0%| F|  |TAMS 0x00000000ead00000, 0x00000000ead00000| Untracked 
| 174|0x00000000eae00000, 0x00000000eae00000, 0x00000000eaf00000|  0%| F|  |TAMS 0x00000000eae00000, 0x00000000eae00000| Untracked 
| 175|0x00000000eaf00000, 0x00000000eaf00000, 0x00000000eb000000|  0%| F|  |TAMS 0x00000000eaf00000, 0x00000000eaf00000| Untracked 
| 176|0x00000000eb000000, 0x00000000eb000000, 0x00000000eb100000|  0%| F|  |TAMS 0x00000000eb000000, 0x00000000eb000000| Untracked 
| 177|0x00000000eb100000, 0x00000000eb100000, 0x00000000eb200000|  0%| F|  |TAMS 0x00000000eb100000, 0x00000000eb100000| Untracked 
| 178|0x00000000eb200000, 0x00000000eb200000, 0x00000000eb300000|  0%| F|  |TAMS 0x00000000eb200000, 0x00000000eb200000| Untracked 
| 179|0x00000000eb300000, 0x00000000eb300000, 0x00000000eb400000|  0%| F|  |TAMS 0x00000000eb300000, 0x00000000eb300000| Untracked 
| 180|0x00000000eb400000, 0x00000000eb400000, 0x00000000eb500000|  0%| F|  |TAMS 0x00000000eb400000, 0x00000000eb400000| Untracked 
| 181|0x00000000eb500000, 0x00000000eb500000, 0x00000000eb600000|  0%| F|  |TAMS 0x00000000eb500000, 0x00000000eb500000| Untracked 
| 182|0x00000000eb600000, 0x00000000eb600000, 0x00000000eb700000|  0%| F|  |TAMS 0x00000000eb600000, 0x00000000eb600000| Untracked 
| 183|0x00000000eb700000, 0x00000000eb700000, 0x00000000eb800000|  0%| F|  |TAMS 0x00000000eb700000, 0x00000000eb700000| Untracked 
| 184|0x00000000eb800000, 0x00000000eb800000, 0x00000000eb900000|  0%| F|  |TAMS 0x00000000eb800000, 0x00000000eb800000| Untracked 
| 185|0x00000000eb900000, 0x00000000eb900000, 0x00000000eba00000|  0%| F|  |TAMS 0x00000000eb900000, 0x00000000eb900000| Untracked 
| 186|0x00000000eba00000, 0x00000000eba00000, 0x00000000ebb00000|  0%| F|  |TAMS 0x00000000eba00000, 0x00000000eba00000| Untracked 
| 187|0x00000000ebb00000, 0x00000000ebb00000, 0x00000000ebc00000|  0%| F|  |TAMS 0x00000000ebb00000, 0x00000000ebb00000| Untracked 
| 188|0x00000000ebc00000, 0x00000000ebc00000, 0x00000000ebd00000|  0%| F|  |TAMS 0x00000000ebc00000, 0x00000000ebc00000| Untracked 
| 189|0x00000000ebd00000, 0x00000000ebd00000, 0x00000000ebe00000|  0%| F|  |TAMS 0x00000000ebd00000, 0x00000000ebd00000| Untracked 
| 190|0x00000000ebe00000, 0x00000000ebe00000, 0x00000000ebf00000|  0%| F|  |TAMS 0x00000000ebe00000, 0x00000000ebe00000| Untracked 
| 191|0x00000000ebf00000, 0x00000000ebf00000, 0x00000000ec000000|  0%| F|  |TAMS 0x00000000ebf00000, 0x00000000ebf00000| Untracked 
| 192|0x00000000ec000000, 0x00000000ec000000, 0x00000000ec100000|  0%| F|  |TAMS 0x00000000ec000000, 0x00000000ec000000| Untracked 
| 193|0x00000000ec100000, 0x00000000ec100000, 0x00000000ec200000|  0%| F|  |TAMS 0x00000000ec100000, 0x00000000ec100000| Untracked 
| 194|0x00000000ec200000, 0x00000000ec292418, 0x00000000ec300000| 57%| S|CS|TAMS 0x00000000ec200000, 0x00000000ec200000| Complete 
| 195|0x00000000ec300000, 0x00000000ec400000, 0x00000000ec400000|100%| S|CS|TAMS 0x00000000ec300000, 0x00000000ec300000| Complete 
| 196|0x00000000ec400000, 0x00000000ec500000, 0x00000000ec500000|100%| S|CS|TAMS 0x00000000ec400000, 0x00000000ec400000| Complete 
| 197|0x00000000ec500000, 0x00000000ec600000, 0x00000000ec600000|100%| S|CS|TAMS 0x00000000ec500000, 0x00000000ec500000| Complete 
| 198|0x00000000ec600000, 0x00000000ec700000, 0x00000000ec700000|100%| S|CS|TAMS 0x00000000ec600000, 0x00000000ec600000| Complete 
| 199|0x00000000ec700000, 0x00000000ec800000, 0x00000000ec800000|100%| S|CS|TAMS 0x00000000ec700000, 0x00000000ec700000| Complete 
| 200|0x00000000ec800000, 0x00000000ec900000, 0x00000000ec900000|100%| S|CS|TAMS 0x00000000ec800000, 0x00000000ec800000| Complete 
| 201|0x00000000ec900000, 0x00000000eca00000, 0x00000000eca00000|100%| S|CS|TAMS 0x00000000ec900000, 0x00000000ec900000| Complete 
| 202|0x00000000eca00000, 0x00000000ecb00000, 0x00000000ecb00000|100%| S|CS|TAMS 0x00000000eca00000, 0x00000000eca00000| Complete 
| 203|0x00000000ecb00000, 0x00000000ecb00000, 0x00000000ecc00000|  0%| F|  |TAMS 0x00000000ecb00000, 0x00000000ecb00000| Untracked 
| 204|0x00000000ecc00000, 0x00000000ecc00000, 0x00000000ecd00000|  0%| F|  |TAMS 0x00000000ecc00000, 0x00000000ecc00000| Untracked 
| 205|0x00000000ecd00000, 0x00000000ecd00000, 0x00000000ece00000|  0%| F|  |TAMS 0x00000000ecd00000, 0x00000000ecd00000| Untracked 
| 206|0x00000000ece00000, 0x00000000ece00000, 0x00000000ecf00000|  0%| F|  |TAMS 0x00000000ece00000, 0x00000000ece00000| Untracked 
| 207|0x00000000ecf00000, 0x00000000ecf00000, 0x00000000ed000000|  0%| F|  |TAMS 0x00000000ecf00000, 0x00000000ecf00000| Untracked 
| 208|0x00000000ed000000, 0x00000000ed000000, 0x00000000ed100000|  0%| F|  |TAMS 0x00000000ed000000, 0x00000000ed000000| Untracked 
| 209|0x00000000ed100000, 0x00000000ed100000, 0x00000000ed200000|  0%| F|  |TAMS 0x00000000ed100000, 0x00000000ed100000| Untracked 
| 210|0x00000000ed200000, 0x00000000ed200000, 0x00000000ed300000|  0%| F|  |TAMS 0x00000000ed200000, 0x00000000ed200000| Untracked 
| 211|0x00000000ed300000, 0x00000000ed300000, 0x00000000ed400000|  0%| F|  |TAMS 0x00000000ed300000, 0x00000000ed300000| Untracked 
| 212|0x00000000ed400000, 0x00000000ed400000, 0x00000000ed500000|  0%| F|  |TAMS 0x00000000ed400000, 0x00000000ed400000| Untracked 
| 213|0x00000000ed500000, 0x00000000ed500000, 0x00000000ed600000|  0%| F|  |TAMS 0x00000000ed500000, 0x00000000ed500000| Untracked 
| 214|0x00000000ed600000, 0x00000000ed600000, 0x00000000ed700000|  0%| F|  |TAMS 0x00000000ed600000, 0x00000000ed600000| Untracked 
| 215|0x00000000ed700000, 0x00000000ed700000, 0x00000000ed800000|  0%| F|  |TAMS 0x00000000ed700000, 0x00000000ed700000| Untracked 
| 216|0x00000000ed800000, 0x00000000ed800000, 0x00000000ed900000|  0%| F|  |TAMS 0x00000000ed800000, 0x00000000ed800000| Untracked 
| 217|0x00000000ed900000, 0x00000000ed900000, 0x00000000eda00000|  0%| F|  |TAMS 0x00000000ed900000, 0x00000000ed900000| Untracked 
| 218|0x00000000eda00000, 0x00000000eda00000, 0x00000000edb00000|  0%| F|  |TAMS 0x00000000eda00000, 0x00000000eda00000| Untracked 
| 219|0x00000000edb00000, 0x00000000edb00000, 0x00000000edc00000|  0%| F|  |TAMS 0x00000000edb00000, 0x00000000edb00000| Untracked 
| 220|0x00000000edc00000, 0x00000000edc00000, 0x00000000edd00000|  0%| F|  |TAMS 0x00000000edc00000, 0x00000000edc00000| Untracked 
| 221|0x00000000edd00000, 0x00000000edd00000, 0x00000000ede00000|  0%| F|  |TAMS 0x00000000edd00000, 0x00000000edd00000| Untracked 
| 222|0x00000000ede00000, 0x00000000ede00000, 0x00000000edf00000|  0%| F|  |TAMS 0x00000000ede00000, 0x00000000ede00000| Untracked 
| 223|0x00000000edf00000, 0x00000000edf00000, 0x00000000ee000000|  0%| F|  |TAMS 0x00000000edf00000, 0x00000000edf00000| Untracked 
| 224|0x00000000ee000000, 0x00000000ee000000, 0x00000000ee100000|  0%| F|  |TAMS 0x00000000ee000000, 0x00000000ee000000| Untracked 
| 225|0x00000000ee100000, 0x00000000ee100000, 0x00000000ee200000|  0%| F|  |TAMS 0x00000000ee100000, 0x00000000ee100000| Untracked 
| 226|0x00000000ee200000, 0x00000000ee200000, 0x00000000ee300000|  0%| F|  |TAMS 0x00000000ee200000, 0x00000000ee200000| Untracked 
| 227|0x00000000ee300000, 0x00000000ee300000, 0x00000000ee400000|  0%| F|  |TAMS 0x00000000ee300000, 0x00000000ee300000| Untracked 
| 228|0x00000000ee400000, 0x00000000ee400000, 0x00000000ee500000|  0%| F|  |TAMS 0x00000000ee400000, 0x00000000ee400000| Untracked 
| 229|0x00000000ee500000, 0x00000000ee500000, 0x00000000ee600000|  0%| F|  |TAMS 0x00000000ee500000, 0x00000000ee500000| Untracked 
| 230|0x00000000ee600000, 0x00000000ee600000, 0x00000000ee700000|  0%| F|  |TAMS 0x00000000ee600000, 0x00000000ee600000| Untracked 
| 231|0x00000000ee700000, 0x00000000ee700000, 0x00000000ee800000|  0%| F|  |TAMS 0x00000000ee700000, 0x00000000ee700000| Untracked 
| 232|0x00000000ee800000, 0x00000000ee800000, 0x00000000ee900000|  0%| F|  |TAMS 0x00000000ee800000, 0x00000000ee800000| Untracked 
| 233|0x00000000ee900000, 0x00000000ee900000, 0x00000000eea00000|  0%| F|  |TAMS 0x00000000ee900000, 0x00000000ee900000| Untracked 
| 234|0x00000000eea00000, 0x00000000eea00000, 0x00000000eeb00000|  0%| F|  |TAMS 0x00000000eea00000, 0x00000000eea00000| Untracked 
| 235|0x00000000eeb00000, 0x00000000eeb00000, 0x00000000eec00000|  0%| F|  |TAMS 0x00000000eeb00000, 0x00000000eeb00000| Untracked 
| 236|0x00000000eec00000, 0x00000000eec00000, 0x00000000eed00000|  0%| F|  |TAMS 0x00000000eec00000, 0x00000000eec00000| Untracked 
| 237|0x00000000eed00000, 0x00000000eed00000, 0x00000000eee00000|  0%| F|  |TAMS 0x00000000eed00000, 0x00000000eed00000| Untracked 
| 238|0x00000000eee00000, 0x00000000eee00000, 0x00000000eef00000|  0%| F|  |TAMS 0x00000000eee00000, 0x00000000eee00000| Untracked 
| 239|0x00000000eef00000, 0x00000000eef00000, 0x00000000ef000000|  0%| F|  |TAMS 0x00000000eef00000, 0x00000000eef00000| Untracked 
| 240|0x00000000ef000000, 0x00000000ef000000, 0x00000000ef100000|  0%| F|  |TAMS 0x00000000ef000000, 0x00000000ef000000| Untracked 
| 241|0x00000000ef100000, 0x00000000ef100000, 0x00000000ef200000|  0%| F|  |TAMS 0x00000000ef100000, 0x00000000ef100000| Untracked 
| 242|0x00000000ef200000, 0x00000000ef200000, 0x00000000ef300000|  0%| F|  |TAMS 0x00000000ef200000, 0x00000000ef200000| Untracked 
| 243|0x00000000ef300000, 0x00000000ef300000, 0x00000000ef400000|  0%| F|  |TAMS 0x00000000ef300000, 0x00000000ef300000| Untracked 
| 244|0x00000000ef400000, 0x00000000ef400000, 0x00000000ef500000|  0%| F|  |TAMS 0x00000000ef400000, 0x00000000ef400000| Untracked 
| 245|0x00000000ef500000, 0x00000000ef500000, 0x00000000ef600000|  0%| F|  |TAMS 0x00000000ef500000, 0x00000000ef500000| Untracked 
| 246|0x00000000ef600000, 0x00000000ef600000, 0x00000000ef700000|  0%| F|  |TAMS 0x00000000ef600000, 0x00000000ef600000| Untracked 
| 247|0x00000000ef700000, 0x00000000ef700000, 0x00000000ef800000|  0%| F|  |TAMS 0x00000000ef700000, 0x00000000ef700000| Untracked 
| 248|0x00000000ef800000, 0x00000000ef800000, 0x00000000ef900000|  0%| F|  |TAMS 0x00000000ef800000, 0x00000000ef800000| Untracked 
| 249|0x00000000ef900000, 0x00000000ef900000, 0x00000000efa00000|  0%| F|  |TAMS 0x00000000ef900000, 0x00000000ef900000| Untracked 
| 250|0x00000000efa00000, 0x00000000efa00000, 0x00000000efb00000|  0%| F|  |TAMS 0x00000000efa00000, 0x00000000efa00000| Untracked 
| 251|0x00000000efb00000, 0x00000000efb00000, 0x00000000efc00000|  0%| F|  |TAMS 0x00000000efb00000, 0x00000000efb00000| Untracked 
| 252|0x00000000efc00000, 0x00000000efc00000, 0x00000000efd00000|  0%| F|  |TAMS 0x00000000efc00000, 0x00000000efc00000| Untracked 
| 253|0x00000000efd00000, 0x00000000efd00000, 0x00000000efe00000|  0%| F|  |TAMS 0x00000000efd00000, 0x00000000efd00000| Untracked 
| 254|0x00000000efe00000, 0x00000000efe00000, 0x00000000eff00000|  0%| F|  |TAMS 0x00000000efe00000, 0x00000000efe00000| Untracked 
| 255|0x00000000eff00000, 0x00000000f0000000, 0x00000000f0000000|100%| E|  |TAMS 0x00000000eff00000, 0x00000000eff00000| Complete 

Card table byte_map: [0x000000f52ad00000,0x000000f52ae00000] _byte_map_base: 0x000000f52a600000

Marking Bits (Prev, Next): (CMBitMap*) 0x000000f51812f7d0, (CMBitMap*) 0x000000f51812f798
 Prev Bits: [0x000000f52b700000, 0x000000f52bf00000)
 Next Bits: [0x000000f52af00000, 0x000000f52b700000)

Polling page: 0x000000f5178f0000

Metaspace:

Usage:
  Non-class:     30.17 MB capacity,    29.68 MB ( 98%) used,   433.44 KB (  1%) free+waste,    73.75 KB ( <1%) overhead. 
      Class:      4.75 MB capacity,     4.46 MB ( 94%) used,   266.77 KB (  5%) free+waste,    36.38 KB ( <1%) overhead. 
       Both:     34.93 MB capacity,    34.14 MB ( 98%) used,   700.21 KB (  2%) free+waste,   110.13 KB ( <1%) overhead. 

Virtual space:
  Non-class space:       32.00 MB reserved,      30.25 MB ( 95%) committed 
      Class space:      248.00 MB reserved,       4.88 MB (  2%) committed 
             Both:      280.00 MB reserved,      35.13 MB ( 13%) committed 

Chunk freelists:
   Non-Class:  14.00 KB
       Class:  27.00 KB
        Both:  41.00 KB

MaxMetaspaceSize: 256.00 MB
CompressedClassSpaceSize: 248.00 MB

CodeHeap 'non-profiled nmethods': size=120064Kb used=1356Kb max_used=1356Kb free=118707Kb
 bounds [0x000000f5236c0000, 0x000000f523930000, 0x000000f52ac00000]
CodeHeap 'profiled nmethods': size=120000Kb used=6024Kb max_used=6024Kb free=113975Kb
 bounds [0x000000f51c190000, 0x000000f51c780000, 0x000000f5236c0000]
CodeHeap 'non-nmethods': size=5696Kb used=1177Kb max_used=1206Kb free=4518Kb
 bounds [0x000000f51bc00000, 0x000000f51be70000, 0x000000f51c190000]
 total_blobs=3341 nmethods=2816 adapters=436
 compilation: enabled
              stopped_count=0, restarted_count=0
 full_count=0

Compilation events (20 events):
Event: 3.783 Thread 0x000000f52f572000 2794       3       java.lang.String::regionMatches (187 bytes)
Event: 3.784 Thread 0x000000f52f572000 nmethod 2794 0x000000f51c761c90 code [0x000000f51c761ee0, 0x000000f51c762bb8]
Event: 3.785 Thread 0x000000f52f572000 2795  s    3       org.codehaus.groovy.reflection.ParameterTypes::getParametersTypes0 (89 bytes)
Event: 3.786 Thread 0x000000f52f572000 nmethod 2795 0x000000f51c763010 code [0x000000f51c763280, 0x000000f51c7641e8]
Event: 3.786 Thread 0x000000f52f572000 2796       3       org.codehaus.groovy.runtime.metaclass.NewMetaMethod::<init> (56 bytes)
Event: 3.787 Thread 0x000000f52f572000 nmethod 2796 0x000000f51c764590 code [0x000000f51c7647e0, 0x000000f51c765158]
Event: 3.787 Thread 0x000000f52f572000 2797       3       org.codehaus.groovy.runtime.metaclass.ReflectionMetaMethod::<init> (18 bytes)
Event: 3.787 Thread 0x000000f52f572000 nmethod 2797 0x000000f51c765490 code [0x000000f51c765680, 0x000000f51c765be8]
Event: 3.790 Thread 0x000000f52f572000 2798       3       java.util.zip.Inflater::<init> (24 bytes)
Event: 3.790 Thread 0x000000f52f572000 nmethod 2798 0x000000f51c765e10 code [0x000000f51c765fe0, 0x000000f51c766278]
Event: 3.791 Thread 0x000000f52f572000 2799       3       java.util.zip.Inflater$InflaterZStreamRef::clean (10 bytes)
Event: 3.791 Thread 0x000000f52f572000 nmethod 2799 0x000000f51c766390 code [0x000000f51c766540, 0x000000f51c766708]
Event: 3.791 Thread 0x000000f52f572000 2801       3       jdk.internal.jimage.ImageStringsReader::get (9 bytes)
Event: 3.791 Thread 0x000000f52f572000 nmethod 2801 0x000000f51c766810 code [0x000000f51c7669c0, 0x000000f51c766b68]
Event: 3.791 Thread 0x000000f52f572000 2800  s    3       java.util.zip.Inflater$InflaterZStreamRef::run (21 bytes)
Event: 3.791 Thread 0x000000f52f572000 nmethod 2800 0x000000f51c766c10 code [0x000000f51c766de0, 0x000000f51c7670c8]
Event: 3.818 Thread 0x000000f52f572000 2802       3       java.util.StringJoiner::add (104 bytes)
Event: 3.819 Thread 0x000000f52f572000 nmethod 2802 0x000000f51c767190 code [0x000000f51c7673e0, 0x000000f51c767db8]
Event: 3.833 Thread 0x000000f52f572000 2803       3       java.lang.invoke.MethodHandleNatives$CallSiteContext::run (5 bytes)
Event: 3.833 Thread 0x000000f52f572000 nmethod 2803 0x000000f51c768110 code [0x000000f51c7682c0, 0x000000f51c7683e8]

GC Heap History (14 events):
Event: 0.472 GC heap before
{Heap before GC invocations=0 (full 0):
 garbage-first heap   total 262144K, used 19456K [0x00000000e0000000, 0x0000000100000000)
  region size 1024K, 14 young (14336K), 0 survivors (0K)
 Metaspace       used 7427K, capacity 7635K, committed 7936K, reserved 262144K
  class space    used 671K, capacity 716K, committed 768K, reserved 253952K
}
Event: 0.476 GC heap after
{Heap after GC invocations=1 (full 0):
 garbage-first heap   total 262144K, used 7705K [0x00000000e0000000, 0x0000000100000000)
  region size 1024K, 2 young (2048K), 2 survivors (2048K)
 Metaspace       used 7427K, capacity 7635K, committed 7936K, reserved 262144K
  class space    used 671K, capacity 716K, committed 768K, reserved 253952K
}
Event: 0.790 GC heap before
{Heap before GC invocations=1 (full 0):
 garbage-first heap   total 262144K, used 17945K [0x00000000e0000000, 0x0000000100000000)
  region size 1024K, 12 young (12288K), 2 survivors (2048K)
 Metaspace       used 10415K, capacity 10601K, committed 10624K, reserved 264192K
  class space    used 1085K, capacity 1131K, committed 1152K, reserved 253952K
}
Event: 0.793 GC heap after
{Heap after GC invocations=2 (full 0):
 garbage-first heap   total 262144K, used 8656K [0x00000000e0000000, 0x0000000100000000)
  region size 1024K, 1 young (1024K), 1 survivors (1024K)
 Metaspace       used 10415K, capacity 10601K, committed 10624K, reserved 264192K
  class space    used 1085K, capacity 1131K, committed 1152K, reserved 253952K
}
Event: 1.142 GC heap before
{Heap before GC invocations=2 (full 0):
 garbage-first heap   total 262144K, used 34256K [0x00000000e0000000, 0x0000000100000000)
  region size 1024K, 27 young (27648K), 1 survivors (1024K)
 Metaspace       used 11023K, capacity 11202K, committed 11520K, reserved 264192K
  class space    used 1148K, capacity 1203K, committed 1280K, reserved 253952K
}
Event: 1.146 GC heap after
{Heap after GC invocations=3 (full 0):
 garbage-first heap   total 262144K, used 10985K [0x00000000e0000000, 0x0000000100000000)
  region size 1024K, 4 young (4096K), 4 survivors (4096K)
 Metaspace       used 11023K, capacity 11202K, committed 11520K, reserved 264192K
  class space    used 1148K, capacity 1203K, committed 1280K, reserved 253952K
}
Event: 2.175 GC heap before
{Heap before GC invocations=3 (full 0):
 garbage-first heap   total 262144K, used 50921K [0x00000000e0000000, 0x0000000100000000)
  region size 1024K, 43 young (44032K), 4 survivors (4096K)
 Metaspace       used 17786K, capacity 18270K, committed 18432K, reserved 270336K
  class space    used 2093K, capacity 2242K, committed 2304K, reserved 253952K
}
Event: 2.180 GC heap after
{Heap after GC invocations=4 (full 0):
 garbage-first heap   total 262144K, used 15272K [0x00000000e0000000, 0x0000000100000000)
  region size 1024K, 6 young (6144K), 6 survivors (6144K)
 Metaspace       used 17786K, capacity 18270K, committed 18432K, reserved 270336K
  class space    used 2093K, capacity 2242K, committed 2304K, reserved 253952K
}
Event: 2.387 GC heap before
{Heap before GC invocations=4 (full 0):
 garbage-first heap   total 262144K, used 36776K [0x00000000e0000000, 0x0000000100000000)
  region size 1024K, 28 young (28672K), 6 survivors (6144K)
 Metaspace       used 20596K, capacity 21075K, committed 21248K, reserved 272384K
  class space    used 2507K, capacity 2693K, committed 2816K, reserved 253952K
}
Event: 2.393 GC heap after
{Heap after GC invocations=5 (full 0):
 garbage-first heap   total 262144K, used 16208K [0x00000000e0000000, 0x0000000100000000)
  region size 1024K, 7 young (7168K), 7 survivors (7168K)
 Metaspace       used 20596K, capacity 21075K, committed 21248K, reserved 272384K
  class space    used 2507K, capacity 2693K, committed 2816K, reserved 253952K
}
Event: 3.150 GC heap before
{Heap before GC invocations=6 (full 0):
 garbage-first heap   total 262144K, used 82768K [0x00000000e0000000, 0x0000000100000000)
  region size 1024K, 63 young (64512K), 7 survivors (7168K)
 Metaspace       used 26163K, capacity 26886K, committed 27136K, reserved 278528K
  class space    used 3426K, capacity 3719K, committed 3840K, reserved 253952K
}
Event: 3.159 GC heap after
{Heap after GC invocations=7 (full 0):
 garbage-first heap   total 262144K, used 31673K [0x00000000e0000000, 0x0000000100000000)
  region size 1024K, 6 young (6144K), 6 survivors (6144K)
 Metaspace       used 26163K, capacity 26886K, committed 27136K, reserved 278528K
  class space    used 3426K, capacity 3719K, committed 3840K, reserved 253952K
}
Event: 3.822 GC heap before
{Heap before GC invocations=7 (full 0):
 garbage-first heap   total 262144K, used 83897K [0x00000000e0000000, 0x0000000100000000)
  region size 1024K, 59 young (60416K), 6 survivors (6144K)
 Metaspace       used 34853K, capacity 35607K, committed 35840K, reserved 286720K
  class space    used 4542K, capacity 4837K, committed 4864K, reserved 253952K
}
Event: 3.832 GC heap after
{Heap after GC invocations=8 (full 0):
 garbage-first heap   total 262144K, used 34426K [0x00000000e0000000, 0x0000000100000000)
  region size 1024K, 9 young (9216K), 9 survivors (9216K)
 Metaspace       used 34853K, capacity 35607K, committed 35840K, reserved 286720K
  class space    used 4542K, capacity 4837K, committed 4864K, reserved 253952K
}

Deoptimization events (20 events):
Event: 3.662 Thread 0x000000f5313d2000 Uncommon trap: trap_request=0xffffff4d fr.pc=0x000000f5237fffb4 relative=0x00000000000006d4
Event: 3.662 Thread 0x000000f5313d2000 Uncommon trap: reason=unstable_if action=reinterpret pc=0x000000f5237fffb4 method=java.lang.Class.getPackageName()Ljava/lang/String; @ 55 c2
Event: 3.662 Thread 0x000000f5313d2000 DEOPT PACKING pc=0x000000f5237fffb4 sp=0x000000f535089030
Event: 3.662 Thread 0x000000f5313d2000 DEOPT UNPACKING pc=0x000000f51bc2782f sp=0x000000f535088ff0 mode 2
Event: 3.683 Thread 0x000000f5313d2000 Uncommon trap: trap_request=0xffffffc6 fr.pc=0x000000f5237d6318 relative=0x0000000000000318
Event: 3.684 Thread 0x000000f5313d2000 Uncommon trap: reason=bimorphic_or_optimized_type_check action=maybe_recompile pc=0x000000f5237d6318 method=java.io.BufferedInputStream.read([BII)I @ 101 c2
Event: 3.684 Thread 0x000000f5313d2000 DEOPT PACKING pc=0x000000f5237d6318 sp=0x000000f535088860
Event: 3.684 Thread 0x000000f5313d2000 DEOPT UNPACKING pc=0x000000f51bc2782f sp=0x000000f535088818 mode 2
Event: 3.684 Thread 0x000000f5313d2000 Uncommon trap: trap_request=0xffffffc6 fr.pc=0x000000f5237d6318 relative=0x0000000000000318
Event: 3.684 Thread 0x000000f5313d2000 Uncommon trap: reason=bimorphic_or_optimized_type_check action=maybe_recompile pc=0x000000f5237d6318 method=java.io.BufferedInputStream.read([BII)I @ 101 c2
Event: 3.684 Thread 0x000000f5313d2000 DEOPT PACKING pc=0x000000f5237d6318 sp=0x000000f535088860
Event: 3.684 Thread 0x000000f5313d2000 DEOPT UNPACKING pc=0x000000f51bc2782f sp=0x000000f535088818 mode 2
Event: 3.684 Thread 0x000000f5313d2000 Uncommon trap: trap_request=0xffffffc6 fr.pc=0x000000f5237d6318 relative=0x0000000000000318
Event: 3.684 Thread 0x000000f5313d2000 Uncommon trap: reason=bimorphic_or_optimized_type_check action=maybe_recompile pc=0x000000f5237d6318 method=java.io.BufferedInputStream.read([BII)I @ 101 c2
Event: 3.684 Thread 0x000000f5313d2000 DEOPT PACKING pc=0x000000f5237d6318 sp=0x000000f535088860
Event: 3.684 Thread 0x000000f5313d2000 DEOPT UNPACKING pc=0x000000f51bc2782f sp=0x000000f535088818 mode 2
Event: 3.685 Thread 0x000000f5313d2000 Uncommon trap: trap_request=0xffffffc6 fr.pc=0x000000f5237d6318 relative=0x0000000000000318
Event: 3.685 Thread 0x000000f5313d2000 Uncommon trap: reason=bimorphic_or_optimized_type_check action=maybe_recompile pc=0x000000f5237d6318 method=java.io.BufferedInputStream.read([BII)I @ 101 c2
Event: 3.685 Thread 0x000000f5313d2000 DEOPT PACKING pc=0x000000f5237d6318 sp=0x000000f535088860
Event: 3.685 Thread 0x000000f5313d2000 DEOPT UNPACKING pc=0x000000f51bc2782f sp=0x000000f535088818 mode 2

Classes redefined (0 events):
No events

Internal exceptions (20 events):
Event: 3.148 Thread 0x000000f5313d2000 Exception <a 'java/lang/NoSuchMethodError'{0x00000000ec1be560}: <clinit>> (0x00000000ec1be560) thrown at [./src/hotspot/share/prims/jni.cpp, line 1362]
Event: 3.148 Thread 0x000000f5313d2000 Exception <a 'java/lang/NoSuchMethodError'{0x00000000ec1c0f98}: <clinit>> (0x00000000ec1c0f98) thrown at [./src/hotspot/share/prims/jni.cpp, line 1362]
Event: 3.149 Thread 0x000000f5313d2000 Exception <a 'java/lang/NoSuchMethodError'{0x00000000ec1c25a0}: <clinit>> (0x00000000ec1c25a0) thrown at [./src/hotspot/share/prims/jni.cpp, line 1362]
Event: 3.149 Thread 0x000000f5313d2000 Exception <a 'java/lang/NoSuchMethodError'{0x00000000ec1c3b38}: <clinit>> (0x00000000ec1c3b38) thrown at [./src/hotspot/share/prims/jni.cpp, line 1362]
Event: 3.149 Thread 0x000000f5313d2000 Exception <a 'java/lang/NoSuchMethodError'{0x00000000ec1c5298}: <clinit>> (0x00000000ec1c5298) thrown at [./src/hotspot/share/prims/jni.cpp, line 1362]
Event: 3.149 Thread 0x000000f5313d2000 Exception <a 'java/lang/NoSuchMethodError'{0x00000000ec1c6930}: <clinit>> (0x00000000ec1c6930) thrown at [./src/hotspot/share/prims/jni.cpp, line 1362]
Event: 3.149 Thread 0x000000f5313d2000 Exception <a 'java/lang/NoSuchMethodError'{0x00000000ec1c7e68}: <clinit>> (0x00000000ec1c7e68) thrown at [./src/hotspot/share/prims/jni.cpp, line 1362]
Event: 3.169 Thread 0x000000f5313d2000 Exception <a 'java/lang/NoSuchMethodError'{0x00000000efffa760}: 'void java.lang.invoke.DirectMethodHandle$Holder.invokeSpecial(java.lang.Object, java.lang.Object, java.lang.Object, java.lang.Object)'> (0x00000000efffa760) thrown at [./src/hotspot/share/interpreter/linkResolver.cpp, line 773]
Event: 3.215 Thread 0x000000f5313d2000 Implicit null exception at 0x000000f5237bc975 to 0x000000f5237bcb3c
Event: 3.262 Thread 0x000000f5313d2000 Exception <a 'java/lang/NoSuchMethodError'{0x00000000ef353aa0}: 'java.lang.Object java.lang.invoke.DirectMethodHandle$Holder.invokeSpecialIFC(java.lang.Object, java.lang.Object, java.lang.Object, java.lang.Object)'> (0x00000000ef353aa0) thrown at [./src/hotspot/share/interpreter/linkResolver.cpp, line 773]
Event: 3.268 Thread 0x000000f5313d2000 Exception <a 'java/lang/NoSuchMethodError'{0x00000000ef2262f8}: 'java.lang.Object java.lang.invoke.DirectMethodHandle$Holder.invokeSpecial(java.lang.Object, java.lang.Object, java.lang.Object, java.lang.Object, java.lang.Object, java.lang.Object, java.lang.Object, java.lang.Object, java.lang.Object, java.lang.Object, java.lang.Object, java.lang.Object, java.lang.Object)'> (0x00000000ef2262f8) thrown at [./src/hotspot/share/interpreter/linkResolver.cpp, line 773]
Event: 3.269 Thread 0x000000f5313d2000 Exception <a 'java/lang/NoSuchMethodError'{0x00000000ef237580}: 'java.lang.Object java.lang.invoke.DirectMethodHandle$Holder.invokeSpecial(java.lang.Object, java.lang.Object, java.lang.Object, java.lang.Object, java.lang.Object, java.lang.Object, java.lang.Object, java.lang.Object, java.lang.Object, java.lang.Object, java.lang.Object, java.lang.Object)'> (0x00000000ef237580) thrown at [./src/hotspot/share/interpreter/linkResolver.cpp, line 773]
Event: 3.269 Thread 0x000000f5313d2000 Exception <a 'java/lang/NoSuchMethodError'{0x00000000ef23c6a8}: 'java.lang.Object java.lang.invoke.Invokers$Holder.linkToTargetMethod(java.lang.Object, java.lang.Object, java.lang.Object, java.lang.Object, java.lang.Object, java.lang.Object, java.lang.Object, java.lang.Object, java.lang.Object, java.lang.Object, java.lang.Object)'> (0x00000000ef23c6a8) thrown at [./src/hotspot/share/interpreter/linkResolver.cpp, line 773]
Event: 3.276 Thread 0x000000f5313d2000 Exception <a 'java/lang/NoSuchMethodError'{0x00000000ef1522f8}: 'java.lang.Object java.lang.invoke.DirectMethodHandle$Holder.invokeSpecial(java.lang.Object, java.lang.Object, java.lang.Object, java.lang.Object, java.lang.Object, java.lang.Object, java.lang.Object, java.lang.Object, java.lang.Object, java.lang.Object, java.lang.Object, java.lang.Object, java.lang.Object, java.lang.Object)'> (0x00000000ef1522f8) thrown at [./src/hotspot/share/interpreter/linkResolver.cpp, line 773]
Event: 3.277 Thread 0x000000f5313d2000 Exception <a 'java/lang/NoSuchMethodError'{0x00000000ef1638f0}: 'java.lang.Object java.lang.invoke.Invokers$Holder.linkToTargetMethod(java.lang.Object, java.lang.Object, java.lang.Object, java.lang.Object, java.lang.Object, java.lang.Object, java.lang.Object, java.lang.Object, java.lang.Object, java.lang.Object, java.lang.Object, java.lang.Object)'> (0x00000000ef1638f0) thrown at [./src/hotspot/share/interpreter/linkResolver.cpp, line 773]
Event: 3.282 Thread 0x000000f5313d2000 Exception <a 'java/lang/NoSuchMethodError'{0x00000000ef1e59a0}: 'java.lang.Object java.lang.invoke.DirectMethodHandle$Holder.invokeStaticInit(java.lang.Object, java.lang.Object, java.lang.Object, java.lang.Object)'> (0x00000000ef1e59a0) thrown at [./src/hotspot/share/interpreter/linkResolver.cpp, line 773]
Event: 3.602 Thread 0x000000f5313d2000 Exception <a 'java/lang/NoSuchMethodError'{0x00000000ed7c19e0}: 'int java.lang.invoke.DirectMethodHandle$Holder.invokeStatic(java.lang.Object, java.lang.Object, java.lang.Object, java.lang.Object, java.lang.Object)'> (0x00000000ed7c19e0) thrown at [./src/hotspot/share/interpreter/linkResolver.cpp, line 773]
Event: 3.650 Thread 0x000000f5323ed800 Exception <a 'sun/nio/fs/WindowsException'{0x00000000ed5e3d60}> (0x00000000ed5e3d60) thrown at [./src/hotspot/share/prims/jni.cpp, line 615]
Event: 3.652 Thread 0x000000f5323ed800 Exception <a 'sun/nio/fs/WindowsException'{0x00000000ed5e3fe0}> (0x00000000ed5e3fe0) thrown at [./src/hotspot/share/prims/jni.cpp, line 615]
Event: 3.670 Thread 0x000000f5313d2000 Exception <a 'java/lang/NoSuchMethodError'{0x00000000ed4de8b8}: 'void java.lang.invoke.DirectMethodHandle$Holder.invokeStaticInit(java.lang.Object, java.lang.Object, java.lang.Object, java.lang.Object)'> (0x00000000ed4de8b8) thrown at [./src/hotspot/share/interpreter/linkResolver.cpp, line 773]

Events (20 events):
Event: 3.821 loading class javax/swing/TransferHandler$DropLocation
Event: 3.821 loading class javax/swing/TransferHandler$DropLocation done
Event: 3.821 loading class javax/swing/ArrayTable
Event: 3.821 loading class javax/swing/ArrayTable done
Event: 3.821 loading class java/beans/PropertyVetoException
Event: 3.821 loading class java/beans/PropertyVetoException done
Event: 3.821 loading class java/beans/VetoableChangeListener
Event: 3.821 loading class java/beans/VetoableChangeListener done
Event: 3.821 loading class javax/swing/AncestorNotifier
Event: 3.822 loading class javax/swing/AncestorNotifier done
Event: 3.822 loading class javax/swing/JRootPane
Event: 3.822 Executing VM operation: CollectForMetadataAllocation
Event: 3.832 Executing VM operation: CollectForMetadataAllocation done
Event: 3.833 loading class javax/swing/JRootPane done
Event: 3.834 loading class javax/swing/ListSelectionModel
Event: 3.835 loading class javax/swing/ListSelectionModel done
Event: 3.835 loading class javax/swing/event/TableColumnModelListener
Event: 3.835 loading class javax/swing/event/TableColumnModelListener done
Event: 3.835 loading class javax/swing/MenuSelectionManager
Event: 3.835 loading class javax/swing/MenuSelectionManager done


Dynamic libraries:
0x00007ff7e7e20000 - 0x00007ff7e7e2a000 	C:\Program Files\Android\Android Studio1\jre\bin\java.exe
0x00007ff991ec0000 - 0x00007ff992082000 	C:\Windows\SYSTEM32\ntdll.dll
0x00007ff9914e0000 - 0x00007ff99158d000 	C:\Windows\system32\KERNEL32.DLL
0x00007ff98f190000 - 0x00007ff98f36d000 	C:\Windows\system32\KERNELBASE.dll
0x00007ff961ea0000 - 0x00007ff961eb9000 	C:\Program Files\Android\Android Studio1\jre\bin\jli.dll
0x00007ff961f40000 - 0x00007ff961f57000 	C:\Program Files\Android\Android Studio1\jre\bin\VCRUNTIME140.dll
0x00007ff988f00000 - 0x00007ff988ff2000 	C:\Windows\SYSTEM32\ucrtbase.dll
0x00007ff991150000 - 0x00007ff99129e000 	C:\Windows\system32\USER32.dll
0x00007ff991350000 - 0x00007ff9914d5000 	C:\Windows\system32\GDI32.dll
0x00007ff981b70000 - 0x00007ff981de4000 	C:\Windows\WinSxS\amd64_microsoft.windows.common-controls_6595b64144ccf1df_6.0.10240.16384_none_f41f7b285750ef43\COMCTL32.dll
0x00007ff991930000 - 0x00007ff9919cd000 	C:\Windows\system32\msvcrt.dll
0x00007ff9919d0000 - 0x00007ff991a06000 	C:\Windows\system32\IMM32.DLL
0x00007ff990ff0000 - 0x00007ff99114c000 	C:\Windows\system32\MSCTF.dll
0x00007ff960e60000 - 0x00007ff960efd000 	C:\Program Files\Android\Android Studio1\jre\bin\msvcp140.dll
0x00007ff960250000 - 0x00007ff960d1f000 	C:\Program Files\Android\Android Studio1\jre\bin\server\jvm.dll
0x00007ff991a80000 - 0x00007ff991b26000 	C:\Windows\system32\ADVAPI32.dll
0x00007ff9916e0000 - 0x00007ff99173b000 	C:\Windows\system32\sechost.dll
0x00007ff991800000 - 0x00007ff991926000 	C:\Windows\system32\RPCRT4.dll
0x00007ff991b90000 - 0x00007ff991b98000 	C:\Windows\system32\PSAPI.DLL
0x00007ff98c730000 - 0x00007ff98c739000 	C:\Windows\SYSTEM32\WSOCK32.dll
0x00007ff98f770000 - 0x00007ff98f7d9000 	C:\Windows\system32\WS2_32.dll
0x00007ff987890000 - 0x00007ff9878b3000 	C:\Windows\SYSTEM32\WINMM.dll
0x00007ff991a10000 - 0x00007ff991a18000 	C:\Windows\system32\NSI.dll
0x00007ff98cef0000 - 0x00007ff98cefa000 	C:\Windows\SYSTEM32\VERSION.dll
0x000000f5177c0000 - 0x000000f5177ec000 	C:\Windows\SYSTEM32\WINMMBASE.dll
0x00007ff98f370000 - 0x00007ff98f3b4000 	C:\Windows\system32\cfgmgr32.dll
0x00007ff98e5f0000 - 0x00007ff98e617000 	C:\Windows\SYSTEM32\DEVOBJ.dll
0x00007ff98e910000 - 0x00007ff98e91f000 	C:\Windows\system32\kernel.appcore.dll
0x00007ff988d00000 - 0x00007ff988d11000 	C:\Program Files\Android\Android Studio1\jre\bin\verify.dll
0x00007ff98e400000 - 0x00007ff98e58a000 	C:\Windows\SYSTEM32\DBGHELP.DLL
0x00007ff98e3c0000 - 0x00007ff98e3e5000 	C:\Windows\SYSTEM32\dbgcore.DLL
0x00007ff9886d0000 - 0x00007ff9886f9000 	C:\Program Files\Android\Android Studio1\jre\bin\java.dll
0x00007ff989320000 - 0x00007ff98932b000 	C:\Program Files\Android\Android Studio1\jre\bin\jimage.dll
0x00007ff988ce0000 - 0x00007ff988cf8000 	C:\Program Files\Android\Android Studio1\jre\bin\zip.dll
0x00007ff98f840000 - 0x00007ff990d65000 	C:\Windows\system32\SHELL32.dll
0x00007ff98e990000 - 0x00007ff98efb8000 	C:\Windows\system32\windows.storage.dll
0x00007ff990d70000 - 0x00007ff990fec000 	C:\Windows\system32\combase.dll
0x00007ff991a20000 - 0x00007ff991a71000 	C:\Windows\system32\shlwapi.dll
0x00007ff98f4d0000 - 0x00007ff98f583000 	C:\Windows\system32\shcore.dll
0x00007ff98e920000 - 0x00007ff98e96a000 	C:\Windows\system32\powrprof.dll
0x00007ff98e970000 - 0x00007ff98e983000 	C:\Windows\system32\profapi.dll
0x00007ff9886b0000 - 0x00007ff9886ca000 	C:\Program Files\Android\Android Studio1\jre\bin\net.dll
0x00007ff987f50000 - 0x00007ff988026000 	C:\Windows\SYSTEM32\WINHTTP.dll
0x00007ff98ddf0000 - 0x00007ff98de4d000 	C:\Windows\system32\mswsock.dll
0x00007ff988690000 - 0x00007ff9886a4000 	C:\Program Files\Android\Android Studio1\jre\bin\nio.dll
0x00007ff963160000 - 0x00007ff963187000 	C:\Users\Admin\.gradle\native\49d0259a56938c7f99b2704e745ce422c4f750a7a20b539a32ccef96729676b1\windows-amd64\native-platform.dll
0x00007ff95fea0000 - 0x00007ff960036000 	C:\Users\Admin\.gradle\native\12488b8bf47d2d4c9fbf2f6322a914ad602e24e48041cd04a747c6da556b65c4\windows-amd64\native-platform-file-events.dll
0x00007ff988d70000 - 0x00007ff988d7a000 	C:\Program Files\Android\Android Studio1\jre\bin\management.dll
0x00007ff980c50000 - 0x00007ff980c5c000 	C:\Program Files\Android\Android Studio1\jre\bin\management_ext.dll
0x00007ff98de50000 - 0x00007ff98de67000 	C:\Windows\SYSTEM32\CRYPTSP.dll
0x00007ff98e820000 - 0x00007ff98e848000 	C:\Windows\SYSTEM32\bcrypt.dll
0x00007ff98daa0000 - 0x00007ff98dad3000 	C:\Windows\system32\rsaenh.dll
0x00007ff98dbd0000 - 0x00007ff98dbef000 	C:\Windows\SYSTEM32\USERENV.dll
0x00007ff98e710000 - 0x00007ff98e77b000 	C:\Windows\system32\bcryptprimitives.dll
0x00007ff98dfc0000 - 0x00007ff98dfcb000 	C:\Windows\SYSTEM32\CRYPTBASE.dll
0x00007ff98cf90000 - 0x00007ff98cfc8000 	C:\Windows\SYSTEM32\IPHLPAPI.DLL
0x00007ff98b3d0000 - 0x00007ff98b3db000 	C:\Windows\SYSTEM32\WINNSI.DLL
0x00007ff989ab0000 - 0x00007ff989ac6000 	C:\Windows\SYSTEM32\dhcpcsvc6.DLL
0x00007ff989a80000 - 0x00007ff989a9a000 	C:\Windows\SYSTEM32\dhcpcsvc.DLL

dbghelp: loaded successfully - version: 4.0.5 - missing functions: none
symbol engine: initialized successfully - sym options: 0x614 - pdb path: .;C:\Program Files\Android\Android Studio1\jre\bin;C:\Windows\SYSTEM32;C:\Windows\WinSxS\amd64_microsoft.windows.common-controls_6595b64144ccf1df_6.0.10240.16384_none_f41f7b285750ef43;C:\Program Files\Android\Android Studio1\jre\bin\server;C:\Users\Admin\.gradle\native\49d0259a56938c7f99b2704e745ce422c4f750a7a20b539a32ccef96729676b1\windows-amd64;C:\Users\Admin\.gradle\native\12488b8bf47d2d4c9fbf2f6322a914ad602e24e48041cd04a747c6da556b65c4\windows-amd64

VM Arguments:
jvm_args: -XX:MaxMetaspaceSize=256m -XX:+HeapDumpOnOutOfMemoryError --add-opens=java.base/java.util=ALL-UNNAMED --add-opens=java.base/java.lang=ALL-UNNAMED --add-opens=java.base/java.lang.invoke=ALL-UNNAMED --add-opens=java.prefs/java.util.prefs=ALL-UNNAMED -Xms256m -Xmx512m -Dfile.encoding=windows-1252 -Duser.country=IN -Duser.language=en -Duser.variant 
java_command: org.gradle.launcher.daemon.bootstrap.GradleDaemon 6.9
java_class_path (initial): C:\Users\Admin\.gradle\wrapper\dists\gradle-6.9-all\dooywd8nv05k16orzxge2b1bs\gradle-6.9\lib\gradle-launcher-6.9.jar
Launcher Type: SUN_STANDARD

[Global flags]
     intx CICompilerCount                          = 3                                         {product} {ergonomic}
   size_t CompressedClassSpaceSize                 = 260046848                                 {product} {ergonomic}
     uint ConcGCThreads                            = 1                                         {product} {ergonomic}
     uint G1ConcRefinementThreads                  = 4                                         {product} {ergonomic}
   size_t G1HeapRegionSize                         = 1048576                                   {product} {ergonomic}
    uintx GCDrainStackTargetSize                   = 64                                        {product} {ergonomic}
     bool HeapDumpOnOutOfMemoryError               = true                                   {manageable} {command line}
   size_t InitialHeapSize                          = 268435456                                 {product} {command line}
   size_t MarkStackSize                            = 4194304                                   {product} {ergonomic}
   size_t MaxHeapSize                              = 536870912                                 {product} {command line}
   size_t MaxMetaspaceSize                         = 268435456                                 {product} {command line}
   size_t MaxNewSize                               = 321912832                                 {product} {ergonomic}
   size_t MinHeapDeltaBytes                        = 1048576                                   {product} {ergonomic}
    uintx NonNMethodCodeHeapSize                   = 5830732                                {pd product} {ergonomic}
    uintx NonProfiledCodeHeapSize                  = 122913754                              {pd product} {ergonomic}
    uintx ProfiledCodeHeapSize                     = 122913754                              {pd product} {ergonomic}
    uintx ReservedCodeCacheSize                    = 251658240                              {pd product} {ergonomic}
     bool SegmentedCodeCache                       = true                                      {product} {ergonomic}
     bool UseCompressedClassPointers               = true                                 {lp64_product} {ergonomic}
     bool UseCompressedOops                        = true                                 {lp64_product} {ergonomic}
     bool UseG1GC                                  = true                                      {product} {ergonomic}
     bool UseLargePagesIndividualAllocation        = false                                  {pd product} {ergonomic}

Logging:
Log output configuration:
 #0: stdout all=warning uptime,level,tags
 #1: stderr all=off uptime,level,tags

Environment Variables:
JAVA_HOME=C:\Program Files\OpenJDK\openjdk-8u312-b07
PATH=C:\Windows\system32;C:\Windows;C:\Windows\System32\Wbem;C:\Windows\System32\WindowsPowerShell\v1.0\;C:\Program Files (x86)\nodejs\;C:\Program Files\Git\cmd;C:\Program Files\Microsoft VS Code\bin;C:\ProgramData\chocolatey\bin;C:\Program Files\OpenJDK\openjdk-8u312-b07\bin;C:\Users\Admin\AppData\Local\Android\Sdk\platform-tools;C:\adb;C:\Users\Admin\AppData\Local\Android\Sdk\platform-tools;C:\Program Files\heroku\bin
USERNAME=Admin
OS=Windows_NT
PROCESSOR_IDENTIFIER=Intel64 Family 6 Model 42 Stepping 7, GenuineIntel



---------------  S Y S T E M  ---------------

OS: Windows 10 , 64 bit Build 10240 (10.0.10240.16384)
OS uptime: 0 days 0:06 hours

CPU:total 4 (initial active 4) (4 cores per cpu, 1 threads per core) family 6 model 42 stepping 7 microcode 0x29, cmov, cx8, fxsr, mmx, sse, sse2, sse3, ssse3, sse4.1, sse4.2, popcnt, avx, clmul, tsc, tscinvbit

Memory: 4k page, system-wide physical 8108M (4832M free)
TotalPageFile size 9836M (AvailPageFile size 6306M)
current process WorkingSet (physical memory assigned to process): 235M, peak: 235M
current process commit charge ("private bytes"): 426M, peak: 426M

vm_info: OpenJDK 64-Bit Server VM (11.0.10+0-b96-7249189) for windows-amd64 JRE (11.0.10+0-b96-7249189), built on Mar 31 2021 21:44:00 by "builder" with MS VC++ 14.0 (VS2015)

END.
