#
# A fatal error has been detected by the Java Runtime Environment:
#
#  EXCEPTION_ACCESS_VIOLATION (0xc0000005) at pc=0x0000000067485e20, pid=41176, tid=0x00000000000554e4
#
# JRE version: OpenJDK Runtime Environment (8.0_312-b07) (build 1.8.0_312-b07)
# Java VM: OpenJDK 64-Bit Server VM (25.312-b07 mixed mode windows-amd64 compressed oops)
# Problematic frame:
# V  [jvm.dll+0x4c5e20]
#
# Failed to write core dump. Minidumps are not enabled by default on client versions of Windows
#
# If you would like to submit a bug report, please visit:
#   http://bugreport.java.com/bugreport/crash.jsp
#

---------------  T H R E A D  ---------------

Current thread (0x000000001404d000):  JavaThread "C2 CompilerThread0" daemon [_thread_in_native, id=349412, stack(0x00000000155a0000,0x00000000156a0000)]

siginfo: ExceptionCode=0xc0000005, reading address 0x00000001677d2ba0

Registers:
RAX=0x0000000000000000, RBX=0x0000000027163890, RCX=0x00000001677d2ba0, RDX=0x0000000000000000
RSP=0x000000001569c2c0, RBP=0x000000000000001e, RSI=0x00000000000000f0, RDI=0x000000001569c310
R8 =0x0000000008000000, R9 =0x000000001a73bac0, R10=0x0000000066fc0000, R11=0x000000001569c0e0
R12=0x00000000677d2ba0, R13=0x0000000066fc0000, R14=0x0000000017b4ce08, R15=0x00000000000003d8
RIP=0x0000000067485e20, EFLAGS=0x0000000000010246

Top of Stack: (sp=0x000000001569c2c0)
0x000000001569c2c0:   000000001569ea90 000000002715fdd0
0x000000001569c2d0:   fffffffffffffff8 0000000014007260
0x000000001569c2e0:   000000000000105b 0000000067480eef
0x000000001569c2f0:   0000000027163750 0000000027163890
0x000000001569c300:   000000000000105b 000000001569c3f0
0x000000001569c310:   0000105f00000000 0000000000000003
0x000000001569c320:   00000001677d2ba0 0000000000000011
0x000000001569c330:   000000001e4c42a0 0000000000000044
0x000000001569c340:   0000000027163930 000000001569c6e0
0x000000001569c350:   0000000017b4ca30 000000001569c6e0
0x000000001569c360:   0000000017b4ca20 000000006744d101
0x000000001569c370:   0000000000000000 000000001569c470
0x000000001569c380:   0000000000000000 0000000000000006
0x000000001569c390:   0000000000000006 0000000017b4ca20
0x000000001569c3a0:   000000001ba31250 000000001ba35cc0
0x000000001569c3b0:   000000001ba39238 0000000001319c38 

Instructions: (pc=0x0000000067485e20)
0x0000000067485e00:   48 8b 4f 20 48 39 04 0e 0f 84 9d 00 00 00 48 8b
0x0000000067485e10:   0c 0e 33 d2 33 c0 48 89 4f 10 66 0f 1f 44 00 00
0x0000000067485e20:   83 3c 08 00 0f 85 36 01 00 00 ff c2 48 83 c0 04
0x0000000067485e30:   83 fa 08 72 eb 48 8b 47 30 48 89 44 24 30 48 85 


Register to memory mapping:

RAX=0x0000000000000000 is an unknown value
RBX=0x0000000027163890 is an unknown value
RCX=0x00000001677d2ba0 is an unknown value
RDX=0x0000000000000000 is an unknown value
RSP=0x000000001569c2c0 is pointing into the stack for thread: 0x000000001404d000
RBP=0x000000000000001e is an unknown value
RSI=0x00000000000000f0 is an unknown value
RDI=0x000000001569c310 is pointing into the stack for thread: 0x000000001404d000
R8 =0x0000000008000000 is an unknown value
R9 =0x000000001a73bac0 is an unknown value
R10=0x0000000066fc0000 is an unknown value
R11=0x000000001569c0e0 is pointing into the stack for thread: 0x000000001404d000
R12=0x00000000677d2ba0 is an unknown value
R13=0x0000000066fc0000 is an unknown value
R14=0x0000000017b4ce08 is an unknown value
R15=0x00000000000003d8 is an unknown value


Stack: [0x00000000155a0000,0x00000000156a0000],  sp=0x000000001569c2c0,  free space=1008k
Native frames: (J=compiled Java code, j=interpreted, Vv=VM code, C=native code)
V  [jvm.dll+0x4c5e20]
V  [jvm.dll+0x4c0eef]
V  [jvm.dll+0x48d101]
V  [jvm.dll+0x497f9b]
V  [jvm.dll+0x49a9a7]
V  [jvm.dll+0x47d79f]
V  [jvm.dll+0x8572f]
V  [jvm.dll+0x85fef]
V  [jvm.dll+0x22dcdf]
V  [jvm.dll+0x28862a]
C  [msvcr100.dll+0x21d9f]
C  [msvcr100.dll+0x21e3b]
C  [KERNEL32.DLL+0x12d92]
C  [ntdll.dll+0x9f64]


Current CompileTask:
C2:  15469 5381       4       com.sun.beans.TypeResolver::resolve (37 bytes)


---------------  P R O C E S S  ---------------

Java Threads: ( => current thread )
  0x000000001babb800 JavaThread "Memory manager" [_thread_blocked, id=353732, stack(0x00000000269c0000,0x0000000026ac0000)]
  0x000000001babe000 JavaThread "jar transforms Thread 99" [_thread_blocked, id=58880, stack(0x00000000260c0000,0x00000000261c0000)]
  0x000000001bab9000 JavaThread "jar transforms Thread 98" [_thread_blocked, id=104360, stack(0x0000000025fc0000,0x00000000260c0000)]
  0x000000001bac0000 JavaThread "jar transforms Thread 97" [_thread_blocked, id=405840, stack(0x0000000025ec0000,0x0000000025fc0000)]
  0x000000001babe800 JavaThread "jar transforms Thread 96" [_thread_blocked, id=394276, stack(0x0000000025dc0000,0x0000000025ec0000)]
  0x000000001babf800 JavaThread "jar transforms Thread 95" [_thread_blocked, id=192648, stack(0x0000000025cc0000,0x0000000025dc0000)]
  0x000000001776e000 JavaThread "jar transforms Thread 94" [_thread_blocked, id=229344, stack(0x0000000025bc0000,0x0000000025cc0000)]
  0x000000001776d000 JavaThread "jar transforms Thread 93" [_thread_blocked, id=38452, stack(0x0000000025ac0000,0x0000000025bc0000)]
  0x000000001776b000 JavaThread "jar transforms Thread 92" [_thread_blocked, id=200268, stack(0x00000000259c0000,0x0000000025ac0000)]
  0x000000001776b800 JavaThread "jar transforms Thread 91" [_thread_blocked, id=49108, stack(0x00000000258c0000,0x00000000259c0000)]
  0x000000001776a000 JavaThread "jar transforms Thread 90" [_thread_blocked, id=53780, stack(0x00000000257c0000,0x00000000258c0000)]
  0x000000001776c800 JavaThread "jar transforms Thread 89" [_thread_blocked, id=72948, stack(0x00000000256c0000,0x00000000257c0000)]
  0x000000001776e800 JavaThread "jar transforms Thread 88" [_thread_blocked, id=55916, stack(0x00000000255c0000,0x00000000256c0000)]
  0x000000001776f800 JavaThread "jar transforms Thread 87" [_thread_blocked, id=59192, stack(0x00000000254c0000,0x00000000255c0000)]
  0x0000000017762000 JavaThread "jar transforms Thread 86" [_thread_blocked, id=397744, stack(0x00000000253c0000,0x00000000254c0000)]
  0x0000000017769000 JavaThread "jar transforms Thread 85" [_thread_blocked, id=59140, stack(0x00000000252c0000,0x00000000253c0000)]
  0x0000000017761800 JavaThread "jar transforms Thread 84" [_thread_blocked, id=98860, stack(0x00000000251c0000,0x00000000252c0000)]
  0x0000000017768800 JavaThread "jar transforms Thread 83" [_thread_blocked, id=58836, stack(0x00000000250c0000,0x00000000251c0000)]
  0x0000000017760800 JavaThread "jar transforms Thread 82" [_thread_blocked, id=30772, stack(0x0000000024fc0000,0x00000000250c0000)]
  0x0000000017763800 JavaThread "jar transforms Thread 81" [_thread_blocked, id=20628, stack(0x0000000024ec0000,0x0000000024fc0000)]
  0x0000000017765800 JavaThread "jar transforms Thread 80" [_thread_blocked, id=58848, stack(0x0000000024dc0000,0x0000000024ec0000)]
  0x0000000017763000 JavaThread "jar transforms Thread 79" [_thread_blocked, id=24920, stack(0x0000000024cc0000,0x0000000024dc0000)]
  0x0000000017764800 JavaThread "jar transforms Thread 78" [_thread_blocked, id=22516, stack(0x0000000024bc0000,0x0000000024cc0000)]
  0x0000000017767000 JavaThread "jar transforms Thread 77" [_thread_blocked, id=31024, stack(0x0000000024ac0000,0x0000000024bc0000)]
  0x0000000017767800 JavaThread "jar transforms Thread 76" [_thread_blocked, id=63760, stack(0x00000000249c0000,0x0000000024ac0000)]
  0x0000000017766000 JavaThread "jar transforms Thread 75" [_thread_blocked, id=407288, stack(0x00000000248c0000,0x00000000249c0000)]
  0x000000001ce4a000 JavaThread "jar transforms Thread 74" [_thread_blocked, id=42596, stack(0x00000000247c0000,0x00000000248c0000)]
  0x000000001ce49800 JavaThread "jar transforms Thread 73" [_thread_blocked, id=48968, stack(0x00000000246c0000,0x00000000247c0000)]
  0x000000001ce48800 JavaThread "jar transforms Thread 72" [_thread_blocked, id=6024, stack(0x00000000245c0000,0x00000000246c0000)]
  0x000000001ce48000 JavaThread "jar transforms Thread 71" [_thread_blocked, id=58344, stack(0x00000000244c0000,0x00000000245c0000)]
  0x000000001ce40000 JavaThread "jar transforms Thread 70" [_thread_blocked, id=406792, stack(0x00000000243c0000,0x00000000244c0000)]
  0x000000001ce47000 JavaThread "jar transforms Thread 69" [_thread_blocked, id=58048, stack(0x00000000242c0000,0x00000000243c0000)]
  0x000000001ce46800 JavaThread "jar transforms Thread 68" [_thread_blocked, id=53976, stack(0x00000000241c0000,0x00000000242c0000)]
  0x000000001ce3e800 JavaThread "jar transforms Thread 67" [_thread_blocked, id=52144, stack(0x00000000240c0000,0x00000000241c0000)]
  0x000000001ce44800 JavaThread "jar transforms Thread 66" [_thread_blocked, id=56972, stack(0x0000000023fc0000,0x00000000240c0000)]
  0x000000001ce44000 JavaThread "jar transforms Thread 65" [_thread_blocked, id=27448, stack(0x0000000023ec0000,0x0000000023fc0000)]
  0x000000001ce45800 JavaThread "jar transforms Thread 64" [_thread_blocked, id=13576, stack(0x0000000023dc0000,0x0000000023ec0000)]
  0x000000001ce3c000 JavaThread "jar transforms Thread 63" [_thread_blocked, id=57560, stack(0x0000000023cc0000,0x0000000023dc0000)]
  0x000000001ce41800 JavaThread "jar transforms Thread 62" [_thread_blocked, id=1004, stack(0x0000000023bc0000,0x0000000023cc0000)]
  0x000000001ce41000 JavaThread "jar transforms Thread 61" [_thread_blocked, id=18156, stack(0x0000000023ac0000,0x0000000023bc0000)]
  0x000000001ce3d000 JavaThread "jar transforms Thread 60" [_thread_blocked, id=6632, stack(0x00000000239c0000,0x0000000023ac0000)]
  0x000000001ce43000 JavaThread "jar transforms Thread 59" [_thread_blocked, id=31564, stack(0x00000000238c0000,0x00000000239c0000)]
  0x000000001ce3b800 JavaThread "jar transforms Thread 58" [_thread_blocked, id=22680, stack(0x00000000237c0000,0x00000000238c0000)]
  0x000000001ce42800 JavaThread "jar transforms Thread 57" [_thread_blocked, id=381808, stack(0x00000000236c0000,0x00000000237c0000)]
  0x000000001ce3d800 JavaThread "jar transforms Thread 56" [_thread_blocked, id=11156, stack(0x00000000235c0000,0x00000000236c0000)]
  0x000000001ce3f000 JavaThread "jar transforms Thread 55" [_thread_blocked, id=7340, stack(0x00000000234c0000,0x00000000235c0000)]
  0x000000001d3e7800 JavaThread "jar transforms Thread 54" [_thread_blocked, id=344124, stack(0x00000000233c0000,0x00000000234c0000)]
  0x000000001d3e6000 JavaThread "jar transforms Thread 53" [_thread_blocked, id=13472, stack(0x00000000232c0000,0x00000000233c0000)]
  0x000000001d3e5000 JavaThread "jar transforms Thread 52" [_thread_blocked, id=38668, stack(0x00000000231c0000,0x00000000232c0000)]
  0x000000001d3e6800 JavaThread "jar transforms Thread 51" [_thread_blocked, id=808, stack(0x00000000230c0000,0x00000000231c0000)]
  0x000000001d3dd800 JavaThread "jar transforms Thread 50" [_thread_blocked, id=17240, stack(0x0000000022fc0000,0x00000000230c0000)]
  0x000000001d3e4800 JavaThread "jar transforms Thread 49" [_thread_blocked, id=19708, stack(0x0000000022ec0000,0x0000000022fc0000)]
  0x000000001d3dc800 JavaThread "jar transforms Thread 48" [_thread_blocked, id=5560, stack(0x0000000022dc0000,0x0000000022ec0000)]
  0x000000001d3e3000 JavaThread "jar transforms Thread 47" [_thread_blocked, id=228496, stack(0x0000000022cc0000,0x0000000022dc0000)]
  0x000000001d3e1800 JavaThread "jar transforms Thread 46" [_thread_blocked, id=54788, stack(0x0000000022bc0000,0x0000000022cc0000)]
  0x000000001d3e3800 JavaThread "jar transforms Thread 45" [_thread_blocked, id=53812, stack(0x0000000022ac0000,0x0000000022bc0000)]
  0x000000001d3df000 JavaThread "jar transforms Thread 44" [_thread_blocked, id=17168, stack(0x00000000229c0000,0x0000000022ac0000)]
  0x000000001d3e2000 JavaThread "jar transforms Thread 43" [_thread_blocked, id=11704, stack(0x00000000228c0000,0x00000000229c0000)]
  0x000000001d3da000 JavaThread "jar transforms Thread 42" [_thread_blocked, id=53400, stack(0x00000000227c0000,0x00000000228c0000)]
  0x000000001d3de000 JavaThread "jar transforms Thread 41" [_thread_blocked, id=44344, stack(0x00000000226c0000,0x00000000227c0000)]
  0x000000001d3d9800 JavaThread "jar transforms Thread 40" [_thread_blocked, id=53476, stack(0x00000000225c0000,0x00000000226c0000)]
  0x000000001d3e0800 JavaThread "jar transforms Thread 39" [_thread_blocked, id=53920, stack(0x00000000224c0000,0x00000000225c0000)]
  0x000000001d3d8800 JavaThread "jar transforms Thread 38" [_thread_blocked, id=47276, stack(0x00000000223c0000,0x00000000224c0000)]
  0x000000001d3db000 JavaThread "jar transforms Thread 37" [_thread_blocked, id=13924, stack(0x00000000222c0000,0x00000000223c0000)]
  0x000000001d3dc000 JavaThread "jar transforms Thread 36" [_thread_blocked, id=48888, stack(0x00000000221c0000,0x00000000222c0000)]
  0x000000001d3df800 JavaThread "jar transforms Thread 35" [_thread_blocked, id=52608, stack(0x00000000220c0000,0x00000000221c0000)]
  0x0000000015b9a800 JavaThread "jar transforms Thread 34" [_thread_blocked, id=54864, stack(0x0000000021fc0000,0x00000000220c0000)]
  0x0000000015b99800 JavaThread "jar transforms Thread 33" [_thread_blocked, id=47204, stack(0x0000000021ec0000,0x0000000021fc0000)]
  0x0000000015b99000 JavaThread "jar transforms Thread 32" [_thread_blocked, id=51016, stack(0x0000000021dc0000,0x0000000021ec0000)]
  0x0000000015b98000 JavaThread "jar transforms Thread 31" [_thread_blocked, id=18744, stack(0x0000000021cc0000,0x0000000021dc0000)]
  0x0000000015b97800 JavaThread "jar transforms Thread 30" [_thread_blocked, id=54800, stack(0x0000000021bc0000,0x0000000021cc0000)]
  0x0000000015b9b000 JavaThread "jar transforms Thread 29" [_thread_blocked, id=13104, stack(0x0000000021ac0000,0x0000000021bc0000)]
  0x0000000015b96800 JavaThread "jar transforms Thread 28" [_thread_blocked, id=29260, stack(0x00000000219c0000,0x0000000021ac0000)]
  0x0000000015b95800 JavaThread "jar transforms Thread 27" [_thread_blocked, id=10132, stack(0x00000000218c0000,0x00000000219c0000)]
  0x0000000015b95000 JavaThread "jar transforms Thread 26" [_thread_blocked, id=7520, stack(0x00000000217c0000,0x00000000218c0000)]
  0x0000000015b8d000 JavaThread "jar transforms Thread 25" [_thread_blocked, id=170080, stack(0x00000000216c0000,0x00000000217c0000)]
  0x0000000015b94000 JavaThread "jar transforms Thread 24" [_thread_blocked, id=44220, stack(0x00000000215c0000,0x00000000216c0000)]
  0x0000000015b8c800 JavaThread "jar transforms Thread 23" [_thread_blocked, id=23036, stack(0x00000000214c0000,0x00000000215c0000)]
  0x0000000015b90000 JavaThread "jar transforms Thread 22" [_thread_blocked, id=8816, stack(0x00000000213c0000,0x00000000214c0000)]
  0x0000000015b8f800 JavaThread "jar transforms Thread 21" [_thread_blocked, id=12468, stack(0x00000000212c0000,0x00000000213c0000)]
  0x0000000015b93800 JavaThread "jar transforms Thread 20" [_thread_blocked, id=388464, stack(0x00000000211c0000,0x00000000212c0000)]
  0x0000000015b8e800 JavaThread "jar transforms Thread 19" [_thread_blocked, id=18424, stack(0x00000000210c0000,0x00000000211c0000)]
  0x0000000015b92800 JavaThread "jar transforms Thread 18" [_thread_blocked, id=54108, stack(0x0000000020fc0000,0x00000000210c0000)]
  0x0000000015b8e000 JavaThread "jar transforms Thread 17" [_thread_blocked, id=11932, stack(0x0000000020ec0000,0x0000000020fc0000)]
  0x0000000015b92000 JavaThread "jar transforms Thread 16" [_thread_blocked, id=18416, stack(0x0000000020dc0000,0x0000000020ec0000)]
  0x0000000015b91000 JavaThread "jar transforms Thread 15" [_thread_blocked, id=8376, stack(0x0000000020cc0000,0x0000000020dc0000)]
  0x0000000017d77000 JavaThread "jar transforms Thread 14" [_thread_blocked, id=90380, stack(0x0000000020bc0000,0x0000000020cc0000)]
  0x0000000017d75800 JavaThread "jar transforms Thread 13" [_thread_blocked, id=8096, stack(0x0000000020ac0000,0x0000000020bc0000)]
  0x0000000017d74800 JavaThread "jar transforms Thread 12" [_thread_blocked, id=10876, stack(0x00000000209c0000,0x0000000020ac0000)]
  0x0000000017d74000 JavaThread "jar transforms Thread 11" [_thread_blocked, id=9320, stack(0x00000000208c0000,0x00000000209c0000)]
  0x0000000017d76800 JavaThread "jar transforms Thread 10" [_thread_blocked, id=57236, stack(0x00000000207c0000,0x00000000208c0000)]
  0x0000000017d73000 JavaThread "jar transforms Thread 9" [_thread_blocked, id=53292, stack(0x00000000206c0000,0x00000000207c0000)]
  0x0000000017d78000 JavaThread "jar transforms Thread 8" [_thread_blocked, id=8276, stack(0x00000000205c0000,0x00000000206c0000)]
  0x0000000017d71800 JavaThread "jar transforms Thread 7" [_thread_blocked, id=25680, stack(0x00000000204c0000,0x00000000205c0000)]
  0x0000000017d71000 JavaThread "jar transforms Thread 6" [_thread_blocked, id=42788, stack(0x00000000203c0000,0x00000000204c0000)]
  0x0000000017d6f000 JavaThread "jar transforms Thread 5" [_thread_blocked, id=5776, stack(0x00000000202c0000,0x00000000203c0000)]
  0x0000000017d6d000 JavaThread "jar transforms Thread 4" [_thread_blocked, id=55588, stack(0x00000000201c0000,0x00000000202c0000)]
  0x0000000017d6c000 JavaThread "jar transforms Thread 3" [_thread_blocked, id=6516, stack(0x00000000200c0000,0x00000000201c0000)]
  0x0000000017d72800 JavaThread "jar transforms Thread 2" [_thread_blocked, id=11452, stack(0x000000001ffc0000,0x00000000200c0000)]
  0x0000000017d6e800 JavaThread "Build operations Thread 4" [_thread_blocked, id=48668, stack(0x000000001fec0000,0x000000001ffc0000)]
  0x0000000017d69000 JavaThread "Build operations Thread 3" [_thread_blocked, id=55364, stack(0x000000001fdc0000,0x000000001fec0000)]
  0x0000000017d6d800 JavaThread "Build operations Thread 2" [_thread_blocked, id=45548, stack(0x000000001fcc0000,0x000000001fdc0000)]
  0x0000000017d6a800 JavaThread "Build operations" [_thread_blocked, id=55784, stack(0x000000001fbc0000,0x000000001fcc0000)]
  0x0000000017d6b800 JavaThread "Cache worker for Build Output Cleanup Cache (E:\app projects\native project\third\third\android\.gradle\buildOutputCleanup)" [_thread_blocked, id=56576, stack(0x000000001f690000,0x000000001f790000)]
  0x00000000161f5000 JavaThread "Cache worker for file content cache (C:\Users\Admin\.gradle\caches\6.9\fileContent)" [_thread_blocked, id=47404, stack(0x000000001f190000,0x000000001f290000)]
  0x00000000161f3800 JavaThread "jar transforms" [_thread_blocked, id=46252, stack(0x000000001e0c0000,0x000000001e1c0000)]
  0x00000000161f2800 JavaThread "Cache worker for execution history cache (C:\Users\Admin\.gradle\caches\6.9\executionHistory)" [_thread_blocked, id=34360, stack(0x000000001d720000,0x000000001d820000)]
  0x00000000161f2000 JavaThread "Cache worker for cache directory md-rule (C:\Users\Admin\.gradle\caches\6.9\md-rule)" [_thread_blocked, id=45416, stack(0x000000001d620000,0x000000001d720000)]
  0x00000000161f0800 JavaThread "Cache worker for cache directory md-supplier (C:\Users\Admin\.gradle\caches\6.9\md-supplier)" [_thread_blocked, id=301768, stack(0x000000001c1b0000,0x000000001c2b0000)]
  0x00000000161f4800 JavaThread "Cache worker for checksums cache (E:\app projects\native project\third\third\android\.gradle\checksums)" [_thread_blocked, id=261188, stack(0x000000001c0b0000,0x000000001c1b0000)]
  0x00000000161f1000 JavaThread "Cache worker for file hash cache (E:\app projects\native project\third\third\android\.gradle\6.9\fileHashes)" [_thread_blocked, id=46044, stack(0x000000001d520000,0x000000001d620000)]
  0x00000000161f7800 JavaThread "Cache worker for journal cache (C:\Users\Admin\.gradle\caches\journal-1)" [_thread_blocked, id=46536, stack(0x0000000019d10000,0x0000000019e10000)]
  0x00000000161f6800 JavaThread "File lock request listener" [_thread_in_native, id=46268, stack(0x0000000019c10000,0x0000000019d10000)]
  0x00000000161f6000 JavaThread "Cache worker for file hash cache (C:\Users\Admin\.gradle\caches\6.9\fileHashes)" [_thread_blocked, id=43064, stack(0x0000000019b10000,0x0000000019c10000)]
  0x0000000017a6b800 JavaThread "Daemon client event forwarder" [_thread_blocked, id=45740, stack(0x0000000019810000,0x0000000019910000)]
  0x0000000017a6a800 JavaThread "Stdin handler" [_thread_blocked, id=46196, stack(0x0000000019710000,0x0000000019810000)]
  0x0000000017b47000 JavaThread "Asynchronous log dispatcher for DefaultDaemonConnection: socket connection from /127.0.0.1:52678 to /127.0.0.1:52679" [_thread_blocked, id=4544, stack(0x0000000019610000,0x0000000019710000)]
  0x0000000017b42800 JavaThread "Daemon worker" [_thread_in_native, id=44668, stack(0x0000000019510000,0x0000000019610000)]
  0x0000000017b41800 JavaThread "Cancel handler" [_thread_blocked, id=46232, stack(0x0000000019410000,0x0000000019510000)]
  0x0000000017a56800 JavaThread "Handler for socket connection from /127.0.0.1:52678 to /127.0.0.1:52679" [_thread_in_native, id=33852, stack(0x0000000019310000,0x0000000019410000)]
  0x0000000017a55800 JavaThread "Daemon" [_thread_blocked, id=45736, stack(0x0000000019210000,0x0000000019310000)]
  0x0000000017a90000 JavaThread "Daemon periodic checks" [_thread_blocked, id=40204, stack(0x0000000018f10000,0x0000000019010000)]
  0x00000000172b1800 JavaThread "Incoming local TCP Connector on port 52678" [_thread_in_native, id=46828, stack(0x0000000018d30000,0x0000000018e30000)]
  0x0000000017596000 JavaThread "Daemon health stats" [_thread_blocked, id=26904, stack(0x00000000188f0000,0x00000000189f0000)]
  0x00000000158d6000 JavaThread "Service Thread" daemon [_thread_blocked, id=44732, stack(0x0000000015ca0000,0x0000000015da0000)]
  0x0000000014054000 JavaThread "C1 CompilerThread2" daemon [_thread_blocked, id=44768, stack(0x00000000157a0000,0x00000000158a0000)]
  0x0000000014050800 JavaThread "C2 CompilerThread1" daemon [_thread_in_native, id=44212, stack(0x00000000156a0000,0x00000000157a0000)]
=>0x000000001404d000 JavaThread "C2 CompilerThread0" daemon [_thread_in_native, id=349412, stack(0x00000000155a0000,0x00000000156a0000)]
  0x0000000014047000 JavaThread "Attach Listener" daemon [_thread_blocked, id=43740, stack(0x00000000154a0000,0x00000000155a0000)]
  0x0000000014046000 JavaThread "Signal Dispatcher" daemon [_thread_blocked, id=42052, stack(0x00000000153a0000,0x00000000154a0000)]
  0x0000000002ccc800 JavaThread "Finalizer" daemon [_thread_blocked, id=40780, stack(0x00000000152a0000,0x00000000153a0000)]
  0x0000000014029000 JavaThread "Reference Handler" daemon [_thread_blocked, id=47600, stack(0x00000000151a0000,0x00000000152a0000)]
  0x0000000002bd2800 JavaThread "main" [_thread_blocked, id=44572, stack(0x00000000029e0000,0x0000000002ae0000)]

Other Threads:
  0x0000000014008000 VMThread [stack: 0x00000000150a0000,0x00000000151a0000] [id=44692]
  0x00000000158d6800 WatcherThread [stack: 0x0000000015da0000,0x0000000015ea0000] [id=32948]

VM state:not at safepoint (normal execution)

VM Mutex/Monitor currently owned by a thread: None

heap address: 0x00000000e0000000, size: 512 MB, Compressed Oops mode: 32-bit
Narrow klass base: 0x0000000000000000, Narrow klass shift: 3
Compressed class space size: 1073741824 Address: 0x0000000100000000

Heap:
 PSYoungGen      total 153600K, used 112719K [0x00000000f5580000, 0x0000000100000000, 0x0000000100000000)
  eden space 138752K, 70% used [0x00000000f5580000,0x00000000fb5178e8,0x00000000fdd00000)
  from space 14848K, 99% used [0x00000000ff100000,0x00000000fff7c3b8,0x00000000fff80000)
  to   space 17920K, 0% used [0x00000000fdd00000,0x00000000fdd00000,0x00000000fee80000)
 ParOldGen       total 175104K, used 20663K [0x00000000e0000000, 0x00000000eab00000, 0x00000000f5580000)
  object space 175104K, 11% used [0x00000000e0000000,0x00000000e142dc30,0x00000000eab00000)
 Metaspace       used 53506K, capacity 56036K, committed 56064K, reserved 1097728K
  class space    used 7348K, capacity 7927K, committed 7936K, reserved 1048576K

Card table byte_map: [0x0000000012090000,0x00000000121a0000] byte_map_base: 0x0000000011990000

Marking Bits: (ParMarkBitMap*) 0x00000000677d2480
 Begin Bits: [0x00000000125a0000, 0x0000000012da0000)
 End Bits:   [0x0000000012da0000, 0x00000000135a0000)

Polling page: 0x0000000001190000

CodeCache: size=245760Kb used=17148Kb max_used=17173Kb free=228611Kb
 bounds [0x0000000002cd0000, 0x0000000003db0000, 0x0000000011cd0000]
 total_blobs=5687 nmethods=4904 adapters=694
 compilation: enabled

Compilation events (10 events):
Event: 15.026 Thread 0x0000000014054000 5387   !   3       org.gradle.internal.metaobject.BeanDynamicObject$MetaClassAdapter::lookupProperty (47 bytes)
Event: 15.026 Thread 0x0000000014054000 nmethod 5387 0x0000000003d92050 code [0x0000000003d92220, 0x0000000003d92b28]
Event: 15.026 Thread 0x0000000014054000 5388       3       org.gradle.internal.metaobject.BeanDynamicObject::access$1000 (4 bytes)
Event: 15.026 Thread 0x0000000014054000 nmethod 5388 0x0000000003d765d0 code [0x0000000003d76720, 0x0000000003d76850]
Event: 15.026 Thread 0x000000001404d000 nmethod 5357 0x0000000003d92e50 code [0x0000000003d93120, 0x0000000003d952f0]
Event: 15.026 Thread 0x000000001404d000 5381       4       com.sun.beans.TypeResolver::resolve (37 bytes)
Event: 15.072 Thread 0x0000000014050800 nmethod 5379 0x0000000003d9cd90 code [0x0000000003d9d2c0, 0x0000000003da0bc8]
Event: 15.072 Thread 0x0000000014050800 5318       4       java.util.HashMap::tableSizeFor (59 bytes)
Event: 15.072 Thread 0x0000000014050800 nmethod 5318 0x0000000003d4e1d0 code [0x0000000003d4e300, 0x0000000003d4e398]
Event: 15.072 Thread 0x0000000014050800 5380   !   4       com.sun.beans.TypeResolver::resolve (274 bytes)

GC Heap History (10 events):
Event: 11.399 GC heap before
{Heap before GC invocations=6 (full 1):
 PSYoungGen      total 141824K, used 131072K [0x00000000f5580000, 0x00000000fea80000, 0x0000000100000000)
  eden space 131072K, 100% used [0x00000000f5580000,0x00000000fd580000,0x00000000fd580000)
  from space 10752K, 0% used [0x00000000fe000000,0x00000000fe000000,0x00000000fea80000)
  to   space 10752K, 0% used [0x00000000fd580000,0x00000000fd580000,0x00000000fe000000)
 ParOldGen       total 175104K, used 8443K [0x00000000e0000000, 0x00000000eab00000, 0x00000000f5580000)
  object space 175104K, 4% used [0x00000000e0000000,0x00000000e083ee38,0x00000000eab00000)
 Metaspace       used 32293K, capacity 33508K, committed 33664K, reserved 1077248K
  class space    used 4583K, capacity 4903K, committed 4992K, reserved 1048576K
Event: 11.412 GC heap after
Heap after GC invocations=6 (full 1):
 PSYoungGen      total 141824K, used 10739K [0x00000000f5580000, 0x0000000100000000, 0x0000000100000000)
  eden space 131072K, 0% used [0x00000000f5580000,0x00000000f5580000,0x00000000fd580000)
  from space 10752K, 99% used [0x00000000fd580000,0x00000000fdffcfc0,0x00000000fe000000)
  to   space 15360K, 0% used [0x00000000ff100000,0x00000000ff100000,0x0000000100000000)
 ParOldGen       total 175104K, used 12566K [0x00000000e0000000, 0x00000000eab00000, 0x00000000f5580000)
  object space 175104K, 7% used [0x00000000e0000000,0x00000000e0c459a0,0x00000000eab00000)
 Metaspace       used 32293K, capacity 33508K, committed 33664K, reserved 1077248K
  class space    used 4583K, capacity 4903K, committed 4992K, reserved 1048576K
}
Event: 11.579 GC heap before
{Heap before GC invocations=7 (full 1):
 PSYoungGen      total 141824K, used 37253K [0x00000000f5580000, 0x0000000100000000, 0x0000000100000000)
  eden space 131072K, 20% used [0x00000000f5580000,0x00000000f6f646b0,0x00000000fd580000)
  from space 10752K, 99% used [0x00000000fd580000,0x00000000fdffcfc0,0x00000000fe000000)
  to   space 15360K, 0% used [0x00000000ff100000,0x00000000ff100000,0x0000000100000000)
 ParOldGen       total 175104K, used 12566K [0x00000000e0000000, 0x00000000eab00000, 0x00000000f5580000)
  object space 175104K, 7% used [0x00000000e0000000,0x00000000e0c459a0,0x00000000eab00000)
 Metaspace       used 34214K, capacity 35412K, committed 35496K, reserved 1079296K
  class space    used 4769K, capacity 5081K, committed 5120K, reserved 1048576K
Event: 11.588 GC heap after
Heap after GC invocations=7 (full 1):
 PSYoungGen      total 159744K, used 9874K [0x00000000f5580000, 0x0000000100000000, 0x0000000100000000)
  eden space 144384K, 0% used [0x00000000f5580000,0x00000000f5580000,0x00000000fe280000)
  from space 15360K, 64% used [0x00000000ff100000,0x00000000ffaa4998,0x0000000100000000)
  to   space 14848K, 0% used [0x00000000fe280000,0x00000000fe280000,0x00000000ff100000)
 ParOldGen       total 175104K, used 12574K [0x00000000e0000000, 0x00000000eab00000, 0x00000000f5580000)
  object space 175104K, 7% used [0x00000000e0000000,0x00000000e0c479a0,0x00000000eab00000)
 Metaspace       used 34214K, capacity 35412K, committed 35496K, reserved 1079296K
  class space    used 4769K, capacity 5081K, committed 5120K, reserved 1048576K
}
Event: 11.588 GC heap before
{Heap before GC invocations=8 (full 2):
 PSYoungGen      total 159744K, used 9874K [0x00000000f5580000, 0x0000000100000000, 0x0000000100000000)
  eden space 144384K, 0% used [0x00000000f5580000,0x00000000f5580000,0x00000000fe280000)
  from space 15360K, 64% used [0x00000000ff100000,0x00000000ffaa4998,0x0000000100000000)
  to   space 14848K, 0% used [0x00000000fe280000,0x00000000fe280000,0x00000000ff100000)
 ParOldGen       total 175104K, used 12574K [0x00000000e0000000, 0x00000000eab00000, 0x00000000f5580000)
  object space 175104K, 7% used [0x00000000e0000000,0x00000000e0c479a0,0x00000000eab00000)
 Metaspace       used 34214K, capacity 35412K, committed 35496K, reserved 1079296K
  class space    used 4769K, capacity 5081K, committed 5120K, reserved 1048576K
Event: 11.634 GC heap after
Heap after GC invocations=8 (full 2):
 PSYoungGen      total 159744K, used 0K [0x00000000f5580000, 0x0000000100000000, 0x0000000100000000)
  eden space 144384K, 0% used [0x00000000f5580000,0x00000000f5580000,0x00000000fe280000)
  from space 15360K, 0% used [0x00000000ff100000,0x00000000ff100000,0x0000000100000000)
  to   space 14848K, 0% used [0x00000000fe280000,0x00000000fe280000,0x00000000ff100000)
 ParOldGen       total 175104K, used 16636K [0x00000000e0000000, 0x00000000eab00000, 0x00000000f5580000)
  object space 175104K, 9% used [0x00000000e0000000,0x00000000e103f3d0,0x00000000eab00000)
 Metaspace       used 34214K, capacity 35412K, committed 35496K, reserved 1079296K
  class space    used 4769K, capacity 5081K, committed 5120K, reserved 1048576K
}
Event: 12.665 GC heap before
{Heap before GC invocations=9 (full 2):
 PSYoungGen      total 159744K, used 144384K [0x00000000f5580000, 0x0000000100000000, 0x0000000100000000)
  eden space 144384K, 100% used [0x00000000f5580000,0x00000000fe280000,0x00000000fe280000)
  from space 15360K, 0% used [0x00000000ff100000,0x00000000ff100000,0x0000000100000000)
  to   space 14848K, 0% used [0x00000000fe280000,0x00000000fe280000,0x00000000ff100000)
 ParOldGen       total 175104K, used 16636K [0x00000000e0000000, 0x00000000eab00000, 0x00000000f5580000)
  object space 175104K, 9% used [0x00000000e0000000,0x00000000e103f3d0,0x00000000eab00000)
 Metaspace       used 38216K, capacity 39908K, committed 40064K, reserved 1083392K
  class space    used 5349K, capacity 5746K, committed 5760K, reserved 1048576K
Event: 12.677 GC heap after
Heap after GC invocations=9 (full 2):
 PSYoungGen      total 159232K, used 7279K [0x00000000f5580000, 0x00000000fff80000, 0x0000000100000000)
  eden space 144384K, 0% used [0x00000000f5580000,0x00000000f5580000,0x00000000fe280000)
  from space 14848K, 49% used [0x00000000fe280000,0x00000000fe99bfd0,0x00000000ff100000)
  to   space 14848K, 0% used [0x00000000ff100000,0x00000000ff100000,0x00000000fff80000)
 ParOldGen       total 175104K, used 16644K [0x00000000e0000000, 0x00000000eab00000, 0x00000000f5580000)
  object space 175104K, 9% used [0x00000000e0000000,0x00000000e10413d0,0x00000000eab00000)
 Metaspace       used 38216K, capacity 39908K, committed 40064K, reserved 1083392K
  class space    used 5349K, capacity 5746K, committed 5760K, reserved 1048576K
}
Event: 14.387 GC heap before
{Heap before GC invocations=10 (full 2):
 PSYoungGen      total 159232K, used 151663K [0x00000000f5580000, 0x00000000fff80000, 0x0000000100000000)
  eden space 144384K, 100% used [0x00000000f5580000,0x00000000fe280000,0x00000000fe280000)
  from space 14848K, 49% used [0x00000000fe280000,0x00000000fe99bfd0,0x00000000ff100000)
  to   space 14848K, 0% used [0x00000000ff100000,0x00000000ff100000,0x00000000fff80000)
 ParOldGen       total 175104K, used 16644K [0x00000000e0000000, 0x00000000eab00000, 0x00000000f5580000)
  object space 175104K, 9% used [0x00000000e0000000,0x00000000e10413d0,0x00000000eab00000)
 Metaspace       used 50220K, capacity 52450K, committed 52736K, reserved 1095680K
  class space    used 6882K, capacity 7391K, committed 7424K, reserved 1048576K
Event: 14.401 GC heap after
Heap after GC invocations=10 (full 2):
 PSYoungGen      total 153600K, used 14832K [0x00000000f5580000, 0x0000000100000000, 0x0000000100000000)
  eden space 138752K, 0% used [0x00000000f5580000,0x00000000f5580000,0x00000000fdd00000)
  from space 14848K, 99% used [0x00000000ff100000,0x00000000fff7c3b8,0x00000000fff80000)
  to   space 17920K, 0% used [0x00000000fdd00000,0x00000000fdd00000,0x00000000fee80000)
 ParOldGen       total 175104K, used 20663K [0x00000000e0000000, 0x00000000eab00000, 0x00000000f5580000)
  object space 175104K, 11% used [0x00000000e0000000,0x00000000e142dc30,0x00000000eab00000)
 Metaspace       used 50220K, capacity 52450K, committed 52736K, reserved 1095680K
  class space    used 6882K, capacity 7391K, committed 7424K, reserved 1048576K
}

Deoptimization events (10 events):
Event: 14.605 Thread 0x0000000017b42800 Uncommon trap: reason=unstable_if action=reinterpret pc=0x00000000038ea950 method=groovy.lang.MetaClassImpl$1MOPIter.methodNameAction(Ljava/lang/Class;Lorg/codehaus/groovy/runtime/metaclass/MetaMethodIndex$Entry;)V @ 182
Event: 14.724 Thread 0x0000000017b42800 Uncommon trap: reason=null_check action=make_not_entrant pc=0x000000000370b8bc method=java.lang.Class.searchMethods([Ljava/lang/reflect/Method;Ljava/lang/String;[Ljava/lang/Class;)Ljava/lang/reflect/Method; @ 59
Event: 14.741 Thread 0x0000000017b42800 Uncommon trap: reason=unstable_if action=reinterpret pc=0x00000000037e9480 method=org.codehaus.groovy.reflection.CachedMethod.compareToMethod(Ljava/lang/reflect/Method;)I @ 43
Event: 14.813 Thread 0x0000000017b42800 Uncommon trap: reason=range_check action=make_not_entrant pc=0x0000000003973694 method=java.lang.String.charAt(I)C @ 27
Event: 14.813 Thread 0x0000000017b42800 Uncommon trap: reason=unstable_if action=reinterpret pc=0x0000000002eb624c method=java.lang.String.replace(CC)Ljava/lang/String; @ 2
Event: 14.932 Thread 0x0000000017b42800 Uncommon trap: reason=unstable_if action=reinterpret pc=0x0000000003cab600 method=org.codehaus.groovy.runtime.metaclass.MetaMethodIndex.addMethodToList(Ljava/lang/Object;Lgroovy/lang/MetaMethod;)Ljava/lang/Object; @ 256
Event: 14.957 Thread 0x0000000017b42800 Uncommon trap: reason=unstable_if action=reinterpret pc=0x0000000003ad2f18 method=java.util.HashMap.getNode(ILjava/lang/Object;)Ljava/util/HashMap$Node; @ 84
Event: 14.957 Thread 0x0000000017b42800 Uncommon trap: reason=unstable_if action=reinterpret pc=0x00000000038d73d4 method=java.util.HashMap.putVal(ILjava/lang/Object;Ljava/lang/Object;ZZ)Ljava/lang/Object; @ 109
Event: 14.957 Thread 0x0000000017b42800 Uncommon trap: reason=unstable_if action=reinterpret pc=0x0000000003cca3a4 method=java.util.HashMap.getNode(ILjava/lang/Object;)Ljava/util/HashMap$Node; @ 84
Event: 14.957 Thread 0x0000000017b42800 Uncommon trap: reason=unstable_if action=reinterpret pc=0x000000000301ce7c method=java.util.HashMap.resize()[Ljava/util/HashMap$Node; @ 206

Classes redefined (0 events):
No events

Internal exceptions (10 events):
Event: 15.005 Thread 0x0000000017b42800 Exception <a 'java/lang/ClassNotFoundException': org/gradle/api/internal/ConventionTaskCustomizer> (0x00000000fac1ebf8) thrown at [C:\tmp\build-8-cpu\jdk8u\hotspot\src\share\vm\classfile\systemDictionary.cpp, line 217]
Event: 15.006 Thread 0x0000000017b42800 Exception <a 'java/lang/ClassNotFoundException': org/gradle/api/tasks/AbstractCopyTaskCustomizer> (0x00000000fac69568) thrown at [C:\tmp\build-8-cpu\jdk8u\hotspot\src\share\vm\classfile\systemDictionary.cpp, line 217]
Event: 15.008 Thread 0x0000000017b42800 Exception <a 'java/lang/ClassNotFoundException': org/gradle/api/tasks/CopyCustomizer> (0x00000000fad19260) thrown at [C:\tmp\build-8-cpu\jdk8u\hotspot\src\share\vm\classfile\systemDictionary.cpp, line 217]
Event: 15.009 Thread 0x0000000017b42800 Exception <a 'java/lang/ClassNotFoundException': org/gradle/api/tasks/Copy_DecoratedCustomizer> (0x00000000fad6bf10) thrown at [C:\tmp\build-8-cpu\jdk8u\hotspot\src\share\vm\classfile\systemDictionary.cpp, line 217]
Event: 15.015 Thread 0x0000000017b42800 Exception <a 'java/lang/ClassNotFoundException': org/gradle/api/internal/artifacts/configurations/DefaultConfigurationContainer_DecoratedBeanInfo> (0x00000000fb0a1d30) thrown at [C:\tmp\build-8-cpu\jdk8u\hotspot\src\share\vm\classfile\systemDictionary.cpp
Event: 15.016 Thread 0x0000000017b42800 Exception <a 'java/lang/ClassNotFoundException': org/gradle/api/internal/artifacts/configurations/DefaultConfigurationContainerBeanInfo> (0x00000000fb10f9c8) thrown at [C:\tmp\build-8-cpu\jdk8u\hotspot\src\share\vm\classfile\systemDictionary.cpp, line 217
Event: 15.016 Thread 0x0000000017b42800 Exception <a 'java/lang/ClassNotFoundException': org/gradle/api/internal/AbstractValidatingNamedDomainObjectContainerBeanInfo> (0x00000000fb15c8c8) thrown at [C:\tmp\build-8-cpu\jdk8u\hotspot\src\share\vm\classfile\systemDictionary.cpp, line 217]
Event: 15.017 Thread 0x0000000017b42800 Exception <a 'java/lang/ClassNotFoundException': org/gradle/api/internal/AbstractValidatingNamedDomainObjectContainerCustomizer> (0x00000000fb1aa768) thrown at [C:\tmp\build-8-cpu\jdk8u\hotspot\src\share\vm\classfile\systemDictionary.cpp, line 217]
Event: 15.018 Thread 0x0000000017b42800 Exception <a 'java/lang/ClassNotFoundException': org/gradle/api/internal/artifacts/configurations/DefaultConfigurationContainerCustomizer> (0x00000000fb227f58) thrown at [C:\tmp\build-8-cpu\jdk8u\hotspot\src\share\vm\classfile\systemDictionary.cpp, line 2
Event: 15.019 Thread 0x0000000017b42800 Exception <a 'java/lang/ClassNotFoundException': org/gradle/api/internal/artifacts/configurations/DefaultConfigurationContainer_DecoratedCustomizer> (0x00000000fb2b8c58) thrown at [C:\tmp\build-8-cpu\jdk8u\hotspot\src\share\vm\classfile\systemDictionary.c

Events (10 events):
Event: 15.021 loading class org/gradle/internal/extensibility/ConventionAwareHelper$MappedPropertyImpl
Event: 15.021 loading class org/gradle/internal/extensibility/ConventionAwareHelper$MappedPropertyImpl done
Event: 15.021 loading class org/gradle/api/internal/ConventionMapping$MappedProperty
Event: 15.021 loading class org/gradle/api/internal/ConventionMapping$MappedProperty done
Event: 15.021 loading class org/gradle/internal/extensibility/ConventionAwareHelper$2
Event: 15.021 loading class org/gradle/internal/extensibility/ConventionAwareHelper$2 done
Event: 15.021 loading class org/gradle/internal/extensibility/ConventionAwareHelper$1
Event: 15.021 loading class org/gradle/internal/extensibility/ConventionAwareHelper$1 done
Event: 15.023 loading class org/gradle/api/internal/file/collections/DefaultConfigurableFileCollection$UnresolvedItemsCollector
Event: 15.023 loading class org/gradle/api/internal/file/collections/DefaultConfigurableFileCollection$UnresolvedItemsCollector done


Dynamic libraries:
0x00007ff7c4a20000 - 0x00007ff7c4a55000 	C:\Program Files\OpenJDK\openjdk-8u312-b07\bin\java.exe
0x00007ffd06550000 - 0x00007ffd06712000 	C:\Windows\SYSTEM32\ntdll.dll
0x00007ffd04580000 - 0x00007ffd0462d000 	C:\Windows\system32\KERNEL32.DLL
0x00007ffd038d0000 - 0x00007ffd03aad000 	C:\Windows\system32\KERNELBASE.dll
0x00007ffd04630000 - 0x00007ffd046d6000 	C:\Windows\system32\ADVAPI32.dll
0x00007ffd060f0000 - 0x00007ffd0618d000 	C:\Windows\system32\msvcrt.dll
0x00007ffd04000000 - 0x00007ffd0405b000 	C:\Windows\system32\sechost.dll
0x00007ffd04060000 - 0x00007ffd04186000 	C:\Windows\system32\RPCRT4.dll
0x00007ffd06400000 - 0x00007ffd0654e000 	C:\Windows\system32\USER32.dll
0x00007ffd03ca0000 - 0x00007ffd03e25000 	C:\Windows\system32\GDI32.dll
0x00007ffcf8e00000 - 0x00007ffcf9074000 	C:\Windows\WinSxS\amd64_microsoft.windows.common-controls_6595b64144ccf1df_6.0.10240.16384_none_f41f7b285750ef43\COMCTL32.dll
0x00007ffd063c0000 - 0x00007ffd063f6000 	C:\Windows\system32\IMM32.DLL
0x00007ffd03e30000 - 0x00007ffd03f8c000 	C:\Windows\system32\MSCTF.dll
0x0000000067860000 - 0x0000000067932000 	C:\Program Files\OpenJDK\openjdk-8u312-b07\jre\bin\msvcr100.dll
0x0000000066fc0000 - 0x0000000067854000 	C:\Program Files\OpenJDK\openjdk-8u312-b07\jre\bin\server\jvm.dll
0x00007ffd03c20000 - 0x00007ffd03c28000 	C:\Windows\system32\PSAPI.DLL
0x00007ffcfa5a0000 - 0x00007ffcfa5a9000 	C:\Windows\SYSTEM32\WSOCK32.dll
0x00007ffcfc190000 - 0x00007ffcfc1b3000 	C:\Windows\SYSTEM32\WINMM.dll
0x00007ffcfc1c0000 - 0x00007ffcfc1ca000 	C:\Windows\SYSTEM32\VERSION.dll
0x00007ffd03c30000 - 0x00007ffd03c99000 	C:\Windows\system32\WS2_32.dll
0x00007ffd05ef0000 - 0x00007ffd05ef8000 	C:\Windows\system32\NSI.dll
0x00007ffcfb620000 - 0x00007ffcfb64c000 	C:\Windows\SYSTEM32\WINMMBASE.dll
0x00007ffd03250000 - 0x00007ffd03294000 	C:\Windows\system32\cfgmgr32.dll
0x00007ffd01850000 - 0x00007ffd01877000 	C:\Windows\SYSTEM32\DEVOBJ.dll
0x00007ffd004f0000 - 0x00007ffd004ff000 	C:\Program Files\OpenJDK\openjdk-8u312-b07\jre\bin\verify.dll
0x00007ffcf9580000 - 0x00007ffcf95a9000 	C:\Program Files\OpenJDK\openjdk-8u312-b07\jre\bin\java.dll
0x00007ffcfd580000 - 0x00007ffcfd596000 	C:\Program Files\OpenJDK\openjdk-8u312-b07\jre\bin\zip.dll
0x00007ffd046e0000 - 0x00007ffd05c05000 	C:\Windows\system32\SHELL32.dll
0x00007ffd032a0000 - 0x00007ffd038c8000 	C:\Windows\system32\windows.storage.dll
0x00007ffd05c70000 - 0x00007ffd05eec000 	C:\Windows\system32\combase.dll
0x00007ffd04350000 - 0x00007ffd043a1000 	C:\Windows\system32\shlwapi.dll
0x00007ffd02ff0000 - 0x00007ffd02fff000 	C:\Windows\system32\kernel.appcore.dll
0x00007ffd03ab0000 - 0x00007ffd03b63000 	C:\Windows\system32\shcore.dll
0x00007ffd02fa0000 - 0x00007ffd02fea000 	C:\Windows\system32\powrprof.dll
0x00007ffd03000000 - 0x00007ffd03013000 	C:\Windows\system32\profapi.dll
0x00007ffcf9560000 - 0x00007ffcf957b000 	C:\Program Files\OpenJDK\openjdk-8u312-b07\jre\bin\net.dll
0x00007ffd02790000 - 0x00007ffd027ed000 	C:\Windows\system32\mswsock.dll
0x00007ffcf9430000 - 0x00007ffcf9441000 	C:\Program Files\OpenJDK\openjdk-8u312-b07\jre\bin\nio.dll
0x00007ffcf5710000 - 0x00007ffcf5737000 	C:\Users\Admin\.gradle\native\49d0259a56938c7f99b2704e745ce422c4f750a7a20b539a32ccef96729676b1\windows-amd64\native-platform.dll
0x00007ffcd91a0000 - 0x00007ffcd9336000 	C:\Users\Admin\.gradle\native\12488b8bf47d2d4c9fbf2f6322a914ad602e24e48041cd04a747c6da556b65c4\windows-amd64\native-platform-file-events.dll
0x00007ffcfdf50000 - 0x00007ffcfdf5d000 	C:\Program Files\OpenJDK\openjdk-8u312-b07\jre\bin\management.dll
0x00007ffd027f0000 - 0x00007ffd02807000 	C:\Windows\SYSTEM32\CRYPTSP.dll
0x00007ffd02eb0000 - 0x00007ffd02ed8000 	C:\Windows\SYSTEM32\bcrypt.dll
0x00007ffd02440000 - 0x00007ffd02473000 	C:\Windows\system32\rsaenh.dll
0x00007ffd02530000 - 0x00007ffd0254f000 	C:\Windows\SYSTEM32\USERENV.dll
0x00007ffd02da0000 - 0x00007ffd02e0b000 	C:\Windows\system32\bcryptprimitives.dll
0x00007ffd02940000 - 0x00007ffd0294b000 	C:\Windows\SYSTEM32\CRYPTBASE.dll
0x00007ffcfed80000 - 0x00007ffcfedb8000 	C:\Windows\SYSTEM32\IPHLPAPI.DLL
0x00007ffcfed70000 - 0x00007ffcfed7b000 	C:\Windows\SYSTEM32\WINNSI.DLL
0x00007ffcfe9a0000 - 0x00007ffcfe9b6000 	C:\Windows\SYSTEM32\dhcpcsvc6.DLL
0x00007ffcfe980000 - 0x00007ffcfe99a000 	C:\Windows\SYSTEM32\dhcpcsvc.DLL
0x00007ffcfc000000 - 0x00007ffcfc18a000 	C:\Windows\SYSTEM32\dbghelp.dll

VM Arguments:
jvm_args: -XX:MaxMetaspaceSize=256m -XX:+HeapDumpOnOutOfMemoryError -Xms256m -Xmx512m -Dfile.encoding=windows-1252 -Duser.country=IN -Duser.language=en -Duser.variant 
java_command: org.gradle.launcher.daemon.bootstrap.GradleDaemon 6.9
java_class_path (initial): C:\Users\Admin\.gradle\wrapper\dists\gradle-6.9-all\dooywd8nv05k16orzxge2b1bs\gradle-6.9\lib\gradle-launcher-6.9.jar
Launcher Type: SUN_STANDARD

Environment Variables:
JAVA_HOME=C:\Program Files\OpenJDK\openjdk-8u312-b07
CLASSPATH=E:\app projects\native project\third\third\android\\gradle\wrapper\gradle-wrapper.jar
PATH=E:\app projects\native project\third\third\android\node_modules\.bin;E:\app projects\native project\third\third\node_modules\.bin;E:\app projects\native project\third\node_modules\.bin;E:\app projects\native project\node_modules\.bin;E:\app projects\node_modules\.bin;E:\node_modules\.bin;C:\Program Files (x86)\nodejs;E:\app projects\native project\third\third\node_modules\.bin;C:\Windows\system32;C:\Windows;C:\Windows\System32\Wbem;C:\Windows\System32\WindowsPowerShell\v1.0\;C:\Program Files (x86)\nodejs\;C:\Program Files\Git\cmd;C:\Program Files\Microsoft VS Code\bin;C:\ProgramData\chocolatey\bin;C:\Program Files\OpenJDK\openjdk-8u312-b07\bin;C:\Users\Admin\AppData\Local\Android\Sdk\platform-tools;C:\adb;C:\Users\Admin\AppData\Local\Android\Sdk\platform-tools
USERNAME=Admin
OS=Windows_NT
PROCESSOR_IDENTIFIER=Intel64 Family 6 Model 42 Stepping 7, GenuineIntel



---------------  S Y S T E M  ---------------

OS: Windows 10.0 , 64 bit Build 10240 (10.0.10240.16384)

CPU:total 4 (initial active 4) (4 cores per cpu, 1 threads per core) family 6 model 42 stepping 7, cmov, cx8, fxsr, mmx, sse, sse2, sse3, ssse3, sse4.1, sse4.2, popcnt, avx, clmul, tsc, tscinvbit

Memory: 4k page, physical 8303580k(2352220k free), swap 11648800k(1389060k free)

vm_info: OpenJDK 64-Bit Server VM (25.312-b07) for windows-amd64 JRE (1.8.0_312-b07), built on Oct 15 2021 11:47:12 by "build" with MS VC++ 10.0 (VS2010)

time: Tue Jan 25 14:34:23 2022
timezone: India Standard Time
elapsed time: 15.472219 seconds (0d 0h 0m 15s)

